{"numTotalTestSuites":100,"numPassedTestSuites":100,"numFailedTestSuites":0,"numPendingTestSuites":0,"numTotalTests":295,"numPassedTests":295,"numFailedTests":0,"numPendingTests":0,"numTodoTests":0,"snapshot":{"added":0,"failure":false,"filesAdded":0,"filesRemoved":0,"filesRemovedList":[],"filesUnmatched":0,"filesUpdated":0,"matched":0,"total":0,"unchecked":0,"uncheckedKeysByFile":[],"unmatched":0,"updated":0,"didUpdate":false},"startTime":1777377804757,"success":true,"testResults":[{"assertionResults":[{"ancestorTitles":["API response helpers"],"fullName":"API response helpers risposta di successo ha status 200","status":"passed","title":"risposta di successo ha status 200","duration":1.8118889999998373,"failureMessages":[],"meta":{}},{"ancestorTitles":["API response helpers"],"fullName":"API response helpers risposta di errore ha ok=false","status":"passed","title":"risposta di errore ha ok=false","duration":0.36942900000008194,"failureMessages":[],"meta":{}},{"ancestorTitles":["API response helpers"],"fullName":"API response helpers risposta 500 è server error","status":"passed","title":"risposta 500 è server error","duration":0.25305200000002515,"failureMessages":[],"meta":{}},{"ancestorTitles":["Query string parsing"],"fullName":"Query string parsing estrae parametri da query string","status":"passed","title":"estrae parametri da query string","duration":1.524362999999994,"failureMessages":[],"meta":{}}],"startTime":1777377810526,"endTime":1777377810530.5244,"status":"passed","message":"","name":"/home/runner/work/librolo/librolo/tests/api/health.test.ts"},{"assertionResults":[{"ancestorTitles":["Contenuti schema — slug"],"fullName":"Contenuti schema — slug accetta slug semplice lowercase","status":"passed","title":"accetta slug semplice lowercase","duration":4.362455000000182,"failureMessages":[],"meta":{}},{"ancestorTitles":["Contenuti schema — slug"],"fullName":"Contenuti schema — slug accetta slug con trattini","status":"passed","title":"accetta slug con trattini","duration":0.34798000000000684,"failureMessages":[],"meta":{}},{"ancestorTitles":["Contenuti schema — slug"],"fullName":"Contenuti schema — slug accetta slug con slash (sottocartella)","status":"passed","title":"accetta slug con slash (sottocartella)","duration":0.2871549999999843,"failureMessages":[],"meta":{}},{"ancestorTitles":["Contenuti schema — slug"],"fullName":"Contenuti schema — slug rifiuta slug vuoto","status":"passed","title":"rifiuta slug vuoto","duration":1.0133299999999963,"failureMessages":[],"meta":{}},{"ancestorTitles":["Contenuti schema — slug"],"fullName":"Contenuti schema — slug rifiuta slug con lettere maiuscole","status":"passed","title":"rifiuta slug con lettere maiuscole","duration":0.7201629999999568,"failureMessages":[],"meta":{}},{"ancestorTitles":["Contenuti schema — slug"],"fullName":"Contenuti schema — slug rifiuta slug con spazi","status":"passed","title":"rifiuta slug con spazi","duration":0.3503330000000915,"failureMessages":[],"meta":{}},{"ancestorTitles":["Contenuti schema — slug"],"fullName":"Contenuti schema — slug rifiuta slug che inizia con trattino","status":"passed","title":"rifiuta slug che inizia con trattino","duration":0.34288999999989755,"failureMessages":[],"meta":{}},{"ancestorTitles":["Contenuti schema — slug"],"fullName":"Contenuti schema — slug rifiuta slug che termina con slash","status":"passed","title":"rifiuta slug che termina con slash","duration":0.292795999999953,"failureMessages":[],"meta":{}},{"ancestorTitles":["Contenuti schema — slug"],"fullName":"Contenuti schema — slug rifiuta slug con doppio slash","status":"passed","title":"rifiuta slug con doppio slash","duration":0.5454369999999926,"failureMessages":[],"meta":{}},{"ancestorTitles":["Contenuti schema — slug"],"fullName":"Contenuti schema — slug rifiuta slug oltre 255 caratteri","status":"passed","title":"rifiuta slug oltre 255 caratteri","duration":0.6774439999999231,"failureMessages":[],"meta":{}},{"ancestorTitles":["Contenuti schema — title"],"fullName":"Contenuti schema — title rifiuta titolo vuoto","status":"passed","title":"rifiuta titolo vuoto","duration":0.4966460000000552,"failureMessages":[],"meta":{}},{"ancestorTitles":["Contenuti schema — title"],"fullName":"Contenuti schema — title rifiuta titolo oltre 255 caratteri","status":"passed","title":"rifiuta titolo oltre 255 caratteri","duration":0.3546209999999519,"failureMessages":[],"meta":{}},{"ancestorTitles":["Contenuti schema — title"],"fullName":"Contenuti schema — title accetta titolo di esattamente 255 caratteri","status":"passed","title":"accetta titolo di esattamente 255 caratteri","duration":0.31888500000013664,"failureMessages":[],"meta":{}},{"ancestorTitles":["Contenuti schema — status"],"fullName":"Contenuti schema — status default status è draft","status":"passed","title":"default status è draft","duration":0.5748120000000654,"failureMessages":[],"meta":{}},{"ancestorTitles":["Contenuti schema — status"],"fullName":"Contenuti schema — status accetta status 'published'","status":"passed","title":"accetta status 'published'","duration":0.38285400000017944,"failureMessages":[],"meta":{}},{"ancestorTitles":["Contenuti schema — status"],"fullName":"Contenuti schema — status rifiuta status non previsto","status":"passed","title":"rifiuta status non previsto","duration":5.787461999999778,"failureMessages":[],"meta":{}},{"ancestorTitles":["Contenuti schema — content"],"fullName":"Contenuti schema — content content default è stringa vuota","status":"passed","title":"content default è stringa vuota","duration":0.4353720000001431,"failureMessages":[],"meta":{}},{"ancestorTitles":["Contenuti schema — content"],"fullName":"Contenuti schema — content accetta content con HTML","status":"passed","title":"accetta content con HTML","duration":0.29050200000006043,"failureMessages":[],"meta":{}},{"ancestorTitles":["Contenuti — togglePageStatus logic"],"fullName":"Contenuti — togglePageStatus logic published → draft","status":"passed","title":"published → draft","duration":0.16785299999992276,"failureMessages":[],"meta":{}},{"ancestorTitles":["Contenuti — togglePageStatus logic"],"fullName":"Contenuti — togglePageStatus logic draft → published","status":"passed","title":"draft → published","duration":0.22262499999987995,"failureMessages":[],"meta":{}},{"ancestorTitles":["Contenuti — togglePageStatus logic"],"fullName":"Contenuti — togglePageStatus logic valore sconosciuto → published","status":"passed","title":"valore sconosciuto → published","duration":0.14935900000000402,"failureMessages":[],"meta":{}},{"ancestorTitles":["Contenuti — customFields JSON parsing"],"fullName":"Contenuti — customFields JSON parsing stringa vuota → oggetto vuoto","status":"passed","title":"stringa vuota → oggetto vuoto","duration":0.8833279999998922,"failureMessages":[],"meta":{}},{"ancestorTitles":["Contenuti — customFields JSON parsing"],"fullName":"Contenuti — customFields JSON parsing undefined → oggetto vuoto","status":"passed","title":"undefined → oggetto vuoto","duration":0.17883300000016789,"failureMessages":[],"meta":{}},{"ancestorTitles":["Contenuti — customFields JSON parsing"],"fullName":"Contenuti — customFields JSON parsing JSON valido viene parsato","status":"passed","title":"JSON valido viene parsato","duration":0.3243849999998929,"failureMessages":[],"meta":{}},{"ancestorTitles":["Contenuti — customFields JSON parsing"],"fullName":"Contenuti — customFields JSON parsing JSON non valido → oggetto vuoto (nessun throw)","status":"passed","title":"JSON non valido → oggetto vuoto (nessun throw)","duration":0.31106899999986126,"failureMessages":[],"meta":{}},{"ancestorTitles":["Contenuti — customFields JSON parsing"],"fullName":"Contenuti — customFields JSON parsing JSON annidato viene parsato","status":"passed","title":"JSON annidato viene parsato","duration":0.26236900000003516,"failureMessages":[],"meta":{}},{"ancestorTitles":["Contenuti — publishedAt risoluzione"],"fullName":"Contenuti — publishedAt risoluzione status published senza data → now","status":"passed","title":"status published senza data → now","duration":0.4473739999998543,"failureMessages":[],"meta":{}},{"ancestorTitles":["Contenuti — publishedAt risoluzione"],"fullName":"Contenuti — publishedAt risoluzione status published con data specifica","status":"passed","title":"status published con data specifica","duration":0.27221700000018245,"failureMessages":[],"meta":{}},{"ancestorTitles":["Contenuti — publishedAt risoluzione"],"fullName":"Contenuti — publishedAt risoluzione status draft senza data → null","status":"passed","title":"status draft senza data → null","duration":0.13995100000011007,"failureMessages":[],"meta":{}},{"ancestorTitles":["Contenuti — publishedAt risoluzione"],"fullName":"Contenuti — publishedAt risoluzione status draft con data → conserva la data","status":"passed","title":"status draft con data → conserva la data","duration":0.14432000000010703,"failureMessages":[],"meta":{}}],"startTime":1777377807459,"endTime":1777377807484.1443,"status":"passed","message":"","name":"/home/runner/work/librolo/librolo/tests/app/contenuti.test.ts"},{"assertionResults":[{"ancestorTitles":["SEO schema — pathname"],"fullName":"SEO schema — pathname accetta pathname che inizia con /","status":"passed","title":"accetta pathname che inizia con /","duration":3.6936480000001666,"failureMessages":[],"meta":{}},{"ancestorTitles":["SEO schema — pathname"],"fullName":"SEO schema — pathname rifiuta pathname senza /","status":"passed","title":"rifiuta pathname senza /","duration":0.7778200000000197,"failureMessages":[],"meta":{}},{"ancestorTitles":["SEO schema — pathname"],"fullName":"SEO schema — pathname rifiuta pathname vuoto","status":"passed","title":"rifiuta pathname vuoto","duration":0.738117000000102,"failureMessages":[],"meta":{}},{"ancestorTitles":["SEO schema — pathname"],"fullName":"SEO schema — pathname accetta pathname con sottocartelle /blog/post-1","status":"passed","title":"accetta pathname con sottocartelle /blog/post-1","duration":0.34222799999997733,"failureMessages":[],"meta":{}},{"ancestorTitles":["SEO schema — label"],"fullName":"SEO schema — label rifiuta label vuota","status":"passed","title":"rifiuta label vuota","duration":0.5179359999999633,"failureMessages":[],"meta":{}},{"ancestorTitles":["SEO schema — label"],"fullName":"SEO schema — label rifiuta label oltre 100 caratteri","status":"passed","title":"rifiuta label oltre 100 caratteri","duration":0.3182639999999992,"failureMessages":[],"meta":{}},{"ancestorTitles":["SEO schema — label"],"fullName":"SEO schema — label accetta label di esattamente 100 caratteri","status":"passed","title":"accetta label di esattamente 100 caratteri","duration":0.20494200000007368,"failureMessages":[],"meta":{}},{"ancestorTitles":["SEO schema — title & description"],"fullName":"SEO schema — title & description rifiuta title oltre 70 caratteri","status":"passed","title":"rifiuta title oltre 70 caratteri","duration":0.35468199999991157,"failureMessages":[],"meta":{}},{"ancestorTitles":["SEO schema — title & description"],"fullName":"SEO schema — title & description accetta title di esattamente 70 caratteri","status":"passed","title":"accetta title di esattamente 70 caratteri","duration":0.4022099999999682,"failureMessages":[],"meta":{}},{"ancestorTitles":["SEO schema — title & description"],"fullName":"SEO schema — title & description rifiuta description oltre 160 caratteri","status":"passed","title":"rifiuta description oltre 160 caratteri","duration":0.41274999999996,"failureMessages":[],"meta":{}},{"ancestorTitles":["SEO schema — title & description"],"fullName":"SEO schema — title & description accetta description di esattamente 160 caratteri","status":"passed","title":"accetta description di esattamente 160 caratteri","duration":0.30208300000003874,"failureMessages":[],"meta":{}},{"ancestorTitles":["SEO schema — ogImage"],"fullName":"SEO schema — ogImage accetta stringa vuota come ogImage","status":"passed","title":"accetta stringa vuota come ogImage","duration":0.5199099999999817,"failureMessages":[],"meta":{}},{"ancestorTitles":["SEO schema — ogImage"],"fullName":"SEO schema — ogImage accetta URL https valido come ogImage","status":"passed","title":"accetta URL https valido come ogImage","duration":0.9885729999998603,"failureMessages":[],"meta":{}},{"ancestorTitles":["SEO schema — ogImage"],"fullName":"SEO schema — ogImage rifiuta stringa non-URL come ogImage","status":"passed","title":"rifiuta stringa non-URL come ogImage","duration":0.7704969999999776,"failureMessages":[],"meta":{}},{"ancestorTitles":["SEO schema — robots"],"fullName":"SEO schema — robots trasforma '' in null","status":"passed","title":"trasforma '' in null","duration":0.38214300000004187,"failureMessages":[],"meta":{}},{"ancestorTitles":["SEO schema — robots"],"fullName":"SEO schema — robots accetta 'noindex,nofollow'","status":"passed","title":"accetta 'noindex,nofollow'","duration":0.320547999999917,"failureMessages":[],"meta":{}},{"ancestorTitles":["SEO schema — robots"],"fullName":"SEO schema — robots accetta 'noindex,follow'","status":"passed","title":"accetta 'noindex,follow'","duration":0.3710719999999128,"failureMessages":[],"meta":{}},{"ancestorTitles":["SEO schema — robots"],"fullName":"SEO schema — robots rifiuta valore robots non previsto","status":"passed","title":"rifiuta valore robots non previsto","duration":0.36529200000018136,"failureMessages":[],"meta":{}},{"ancestorTitles":["SEO schema — jsonLd"],"fullName":"SEO schema — jsonLd jsonLdEnabled default false","status":"passed","title":"jsonLdEnabled default false","duration":0.324324999999817,"failureMessages":[],"meta":{}},{"ancestorTitles":["SEO schema — jsonLd"],"fullName":"SEO schema — jsonLd accetta jsonLdEnabled true con jsonLdType","status":"passed","title":"accetta jsonLdEnabled true con jsonLdType","duration":0.28962000000001353,"failureMessages":[],"meta":{}},{"ancestorTitles":["SEO schema — jsonLd"],"fullName":"SEO schema — jsonLd accetta jsonLdType null","status":"passed","title":"accetta jsonLdType null","duration":0.15471800000000258,"failureMessages":[],"meta":{}},{"ancestorTitles":["SEO schema — og fields"],"fullName":"SEO schema — og fields rifiuta ogTitle oltre 70 caratteri","status":"passed","title":"rifiuta ogTitle oltre 70 caratteri","duration":0.3971510000001217,"failureMessages":[],"meta":{}},{"ancestorTitles":["SEO schema — og fields"],"fullName":"SEO schema — og fields rifiuta ogDescription oltre 200 caratteri","status":"passed","title":"rifiuta ogDescription oltre 200 caratteri","duration":0.4155249999998887,"failureMessages":[],"meta":{}},{"ancestorTitles":["SEO schema — og fields"],"fullName":"SEO schema — og fields accetta ogDescription di esattamente 200 caratteri","status":"passed","title":"accetta ogDescription di esattamente 200 caratteri","duration":0.1582349999998769,"failureMessages":[],"meta":{}}],"startTime":1777377808160,"endTime":1777377808174.4155,"status":"passed","message":"","name":"/home/runner/work/librolo/librolo/tests/app/seo.test.ts"},{"assertionResults":[{"ancestorTitles":["signUpAction — flusso end-to-end","Happy path"],"fullName":"signUpAction — flusso end-to-end Happy path completa la registrazione e fa redirect a /verify-email","status":"passed","title":"completa la registrazione e fa redirect a /verify-email","duration":250.30689899999993,"failureMessages":[],"meta":{}},{"ancestorTitles":["signUpAction — flusso end-to-end","Happy path"],"fullName":"signUpAction — flusso end-to-end Happy path chiama hashPassword con la password fornita","status":"passed","title":"chiama hashPassword con la password fornita","duration":2.105726000000004,"failureMessages":[],"meta":{}},{"ancestorTitles":["signUpAction — flusso end-to-end","Happy path"],"fullName":"signUpAction — flusso end-to-end Happy path aggiunge email al Bloom filter dopo l'insert","status":"passed","title":"aggiunge email al Bloom filter dopo l'insert","duration":0.9898559999999179,"failureMessages":[],"meta":{}},{"ancestorTitles":["signUpAction — flusso end-to-end","Happy path"],"fullName":"signUpAction — flusso end-to-end Happy path aggiunge username al Bloom filter dopo l'insert","status":"passed","title":"aggiunge username al Bloom filter dopo l'insert","duration":1.0756360000000313,"failureMessages":[],"meta":{}},{"ancestorTitles":["signUpAction — flusso end-to-end","Happy path"],"fullName":"signUpAction — flusso end-to-end Happy path invia email di verifica con email, OTP e firstName=undefined","status":"passed","title":"invia email di verifica con email, OTP e firstName=undefined","duration":1.2546599999998307,"failureMessages":[],"meta":{}},{"ancestorTitles":["signUpAction — flusso end-to-end","Happy path"],"fullName":"signUpAction — flusso end-to-end Happy path imposta cookie pending_verification_user_id con httpOnly","status":"passed","title":"imposta cookie pending_verification_user_id con httpOnly","duration":1.3738919999998416,"failureMessages":[],"meta":{}},{"ancestorTitles":["signUpAction — flusso end-to-end","Happy path"],"fullName":"signUpAction — flusso end-to-end Happy path accetta registrazione con acceptMarketing=on","status":"passed","title":"accetta registrazione con acceptMarketing=on","duration":0.7064669999999751,"failureMessages":[],"meta":{}},{"ancestorTitles":["signUpAction — flusso end-to-end","Happy path"],"fullName":"signUpAction — flusso end-to-end Happy path inserisce userProfiles con solo username (firstName/lastName null)","status":"passed","title":"inserisce userProfiles con solo username (firstName/lastName null)","duration":2.0911700000001474,"failureMessages":[],"meta":{}},{"ancestorTitles":["signUpAction — flusso end-to-end","Registrazioni disabilitate"],"fullName":"signUpAction — flusso end-to-end Registrazioni disabilitate restituisce errore se registrations_enabled=false","status":"passed","title":"restituisce errore se registrations_enabled=false","duration":1.061008000000129,"failureMessages":[],"meta":{}},{"ancestorTitles":["signUpAction — flusso end-to-end","Rate limiting"],"fullName":"signUpAction — flusso end-to-end Rate limiting blocca se checkSignupRateLimit è blocked","status":"passed","title":"blocca se checkSignupRateLimit è blocked","duration":0.8494949999999335,"failureMessages":[],"meta":{}},{"ancestorTitles":["signUpAction — flusso end-to-end","Blacklists"],"fullName":"signUpAction — flusso end-to-end Blacklists blocca IP nella blacklist","status":"passed","title":"blocca IP nella blacklist","duration":0.64354000000003,"failureMessages":[],"meta":{}},{"ancestorTitles":["signUpAction — flusso end-to-end","Blacklists"],"fullName":"signUpAction — flusso end-to-end Blacklists blocca dominio email nella blacklist","status":"passed","title":"blocca dominio email nella blacklist","duration":1.5410529999999198,"failureMessages":[],"meta":{}},{"ancestorTitles":["signUpAction — flusso end-to-end","Blacklists"],"fullName":"signUpAction — flusso end-to-end Blacklists blocca username nella blacklist","status":"passed","title":"blocca username nella blacklist","duration":0.7577020000001085,"failureMessages":[],"meta":{}},{"ancestorTitles":["signUpAction — flusso end-to-end","Bloom filter guards"],"fullName":"signUpAction — flusso end-to-end Bloom filter guards restituisce errore se email già registrata","status":"passed","title":"restituisce errore se email già registrata","duration":0.8607850000000781,"failureMessages":[],"meta":{}},{"ancestorTitles":["signUpAction — flusso end-to-end","Bloom filter guards"],"fullName":"signUpAction — flusso end-to-end Bloom filter guards restituisce errore se username già in uso","status":"passed","title":"restituisce errore se username già in uso","duration":0.7713280000000395,"failureMessages":[],"meta":{}},{"ancestorTitles":["signUpAction — flusso end-to-end","Race conditions"],"fullName":"signUpAction — flusso end-to-end Race conditions gestisce race condition su email (unique constraint users) → recordSignupAttempt","status":"passed","title":"gestisce race condition su email (unique constraint users) → recordSignupAttempt","duration":1.148001000000022,"failureMessages":[],"meta":{}},{"ancestorTitles":["signUpAction — flusso end-to-end","Race conditions"],"fullName":"signUpAction — flusso end-to-end Race conditions gestisce race condition su username (unique constraint userProfiles) → elimina user orfano + recordSignupAttempt","status":"passed","title":"gestisce race condition su username (unique constraint userProfiles) → elimina user orfano + recordSignupAttempt","duration":0.8781679999999596,"failureMessages":[],"meta":{}},{"ancestorTitles":["signUpAction — flusso end-to-end","Email verification fallback"],"fullName":"signUpAction — flusso end-to-end Email verification fallback non interrompe il flusso se sendSignupVerificationEmail fallisce","status":"passed","title":"non interrompe il flusso se sendSignupVerificationEmail fallisce","duration":15.470397000000048,"failureMessages":[],"meta":{}},{"ancestorTitles":["signUpAction — flusso end-to-end","Validazione schema"],"fullName":"signUpAction — flusso end-to-end Validazione schema ignora firstName se passato (non fa parte dello schema)","status":"passed","title":"ignora firstName se passato (non fa parte dello schema)","duration":1.0136500000000979,"failureMessages":[],"meta":{}},{"ancestorTitles":["signUpAction — flusso end-to-end","Validazione schema"],"fullName":"signUpAction — flusso end-to-end Validazione schema rifiuta password senza carattere speciale","status":"passed","title":"rifiuta password senza carattere speciale","duration":1.3761459999998351,"failureMessages":[],"meta":{}},{"ancestorTitles":["signUpAction — flusso end-to-end","Validazione schema"],"fullName":"signUpAction — flusso end-to-end Validazione schema rifiuta password senza maiuscola","status":"passed","title":"rifiuta password senza maiuscola","duration":0.7503389999999399,"failureMessages":[],"meta":{}},{"ancestorTitles":["signUpAction — flusso end-to-end","Validazione schema"],"fullName":"signUpAction — flusso end-to-end Validazione schema rifiuta password troppo corta","status":"passed","title":"rifiuta password troppo corta","duration":0.6644389999999021,"failureMessages":[],"meta":{}},{"ancestorTitles":["signUpAction — flusso end-to-end","Validazione schema"],"fullName":"signUpAction — flusso end-to-end Validazione schema rifiuta acceptTerms non spuntato","status":"passed","title":"rifiuta acceptTerms non spuntato","duration":0.7283480000000964,"failureMessages":[],"meta":{}},{"ancestorTitles":["signUpAction — flusso end-to-end","Validazione schema"],"fullName":"signUpAction — flusso end-to-end Validazione schema rifiuta email malformata","status":"passed","title":"rifiuta email malformata","duration":0.7586949999999888,"failureMessages":[],"meta":{}},{"ancestorTitles":["signUpAction — flusso end-to-end","Validazione schema"],"fullName":"signUpAction — flusso end-to-end Validazione schema rifiuta username con caratteri non ammessi","status":"passed","title":"rifiuta username con caratteri non ammessi","duration":0.7529440000000704,"failureMessages":[],"meta":{}}],"startTime":1777377805879,"endTime":1777377806169.7588,"status":"passed","message":"","name":"/home/runner/work/librolo/librolo/tests/app/signup-action-e2e.test.ts"},{"assertionResults":[{"ancestorTitles":["Template — slugify"],"fullName":"Template — slugify converte spazi in trattini","status":"passed","title":"converte spazi in trattini","duration":3.342431999999917,"failureMessages":[],"meta":{}},{"ancestorTitles":["Template — slugify"],"fullName":"Template — slugify lowercasifica tutto","status":"passed","title":"lowercasifica tutto","duration":1.5484069999999974,"failureMessages":[],"meta":{}},{"ancestorTitles":["Template — slugify"],"fullName":"Template — slugify rimuove caratteri speciali","status":"passed","title":"rimuove caratteri speciali","duration":0.21049300000004223,"failureMessages":[],"meta":{}},{"ancestorTitles":["Template — slugify"],"fullName":"Template — slugify collassa spazi multipli in un singolo trattino","status":"passed","title":"collassa spazi multipli in un singolo trattino","duration":0.32225100000005114,"failureMessages":[],"meta":{}},{"ancestorTitles":["Template — slugify"],"fullName":"Template — slugify rimuove trattini iniziali e finali","status":"passed","title":"rimuove trattini iniziali e finali","duration":0.30018999999992957,"failureMessages":[],"meta":{}},{"ancestorTitles":["Template — slugify"],"fullName":"Template — slugify gestisce stringa già valida senza modifiche","status":"passed","title":"gestisce stringa già valida senza modifiche","duration":0.19053600000006554,"failureMessages":[],"meta":{}},{"ancestorTitles":["Template — slugify"],"fullName":"Template — slugify gestisce stringa vuota","status":"passed","title":"gestisce stringa vuota","duration":0.1534560000000056,"failureMessages":[],"meta":{}},{"ancestorTitles":["Template — slugify"],"fullName":"Template — slugify gestisce caratteri accentati italiani","status":"passed","title":"gestisce caratteri accentati italiani","duration":1.4045790000000125,"failureMessages":[],"meta":{}},{"ancestorTitles":["Template — slugify"],"fullName":"Template — slugify underscore vengono convertiti in trattino","status":"passed","title":"underscore vengono convertiti in trattino","duration":0.2989679999998316,"failureMessages":[],"meta":{}},{"ancestorTitles":["Template — allowedChildTemplateIds parsing"],"fullName":"Template — allowedChildTemplateIds parsing null → array vuoto","status":"passed","title":"null → array vuoto","duration":0.9461340000000291,"failureMessages":[],"meta":{}},{"ancestorTitles":["Template — allowedChildTemplateIds parsing"],"fullName":"Template — allowedChildTemplateIds parsing stringa vuota → array vuoto","status":"passed","title":"stringa vuota → array vuoto","duration":0.2047820000000229,"failureMessages":[],"meta":{}},{"ancestorTitles":["Template — allowedChildTemplateIds parsing"],"fullName":"Template — allowedChildTemplateIds parsing array numerico valido","status":"passed","title":"array numerico valido","duration":0.2620590000001357,"failureMessages":[],"meta":{}},{"ancestorTitles":["Template — allowedChildTemplateIds parsing"],"fullName":"Template — allowedChildTemplateIds parsing filtra gli zero (falsy)","status":"passed","title":"filtra gli zero (falsy)","duration":0.22256500000003143,"failureMessages":[],"meta":{}},{"ancestorTitles":["Template — allowedChildTemplateIds parsing"],"fullName":"Template — allowedChildTemplateIds parsing converte stringhe numeriche in numeri","status":"passed","title":"converte stringhe numeriche in numeri","duration":3.507268999999951,"failureMessages":[],"meta":{}},{"ancestorTitles":["Template — allowedChildTemplateIds parsing"],"fullName":"Template — allowedChildTemplateIds parsing JSON non valido → array vuoto","status":"passed","title":"JSON non valido → array vuoto","duration":2.905467999999928,"failureMessages":[],"meta":{}},{"ancestorTitles":["Template — allowedChildTemplateIds parsing"],"fullName":"Template — allowedChildTemplateIds parsing JSON non array (oggetto) → array vuoto","status":"passed","title":"JSON non array (oggetto) → array vuoto","duration":0.19516399999997702,"failureMessages":[],"meta":{}},{"ancestorTitles":["Template — allowedChildTemplateIds parsing"],"fullName":"Template — allowedChildTemplateIds parsing array misto con NaN viene filtrato","status":"passed","title":"array misto con NaN viene filtrato","duration":0.20404099999996106,"failureMessages":[],"meta":{}},{"ancestorTitles":["Template — styleConfig"],"fullName":"Template — styleConfig valori default corretti","status":"passed","title":"valori default corretti","duration":0.3949760000000424,"failureMessages":[],"meta":{}},{"ancestorTitles":["Template — styleConfig"],"fullName":"Template — styleConfig override singolo campo","status":"passed","title":"override singolo campo","duration":0.21131400000012945,"failureMessages":[],"meta":{}},{"ancestorTitles":["Template — styleConfig"],"fullName":"Template — styleConfig serializza correttamente in JSON","status":"passed","title":"serializza correttamente in JSON","duration":0.22451799999998912,"failureMessages":[],"meta":{}},{"ancestorTitles":["Template — styleConfig"],"fullName":"Template — styleConfig JSON.stringify → JSON.parse è idempotente","status":"passed","title":"JSON.stringify → JSON.parse è idempotente","duration":0.4687939999998889,"failureMessages":[],"meta":{}},{"ancestorTitles":["Template — styleConfig"],"fullName":"Template — styleConfig colorPrimary null rimane null","status":"passed","title":"colorPrimary null rimane null","duration":0.17525700000010147,"failureMessages":[],"meta":{}},{"ancestorTitles":["Template — styleConfig"],"fullName":"Template — styleConfig accetta colorPrimary come hex valido","status":"passed","title":"accetta colorPrimary come hex valido","duration":0.25654800000006617,"failureMessages":[],"meta":{}},{"ancestorTitles":["Template — fieldsJson parsing"],"fullName":"Template — fieldsJson parsing null → array vuoto","status":"passed","title":"null → array vuoto","duration":0.2052529999998569,"failureMessages":[],"meta":{}},{"ancestorTitles":["Template — fieldsJson parsing"],"fullName":"Template — fieldsJson parsing JSON non valido → array vuoto","status":"passed","title":"JSON non valido → array vuoto","duration":2.925475000000006,"failureMessages":[],"meta":{}},{"ancestorTitles":["Template — fieldsJson parsing"],"fullName":"Template — fieldsJson parsing array vuoto → array vuoto","status":"passed","title":"array vuoto → array vuoto","duration":0.16557799999986855,"failureMessages":[],"meta":{}},{"ancestorTitles":["Template — fieldsJson parsing"],"fullName":"Template — fieldsJson parsing un campo valido viene parsato","status":"passed","title":"un campo valido viene parsato","duration":1.4095279999999093,"failureMessages":[],"meta":{}},{"ancestorTitles":["Template — fieldsJson parsing"],"fullName":"Template — fieldsJson parsing più campi vengono parsati tutti","status":"passed","title":"più campi vengono parsati tutti","duration":0.32584799999995084,"failureMessages":[],"meta":{}},{"ancestorTitles":["Template — fieldsJson parsing"],"fullName":"Template — fieldsJson parsing JSON oggetto (non array) → array vuoto","status":"passed","title":"JSON oggetto (non array) → array vuoto","duration":0.1567330000000311,"failureMessages":[],"meta":{}},{"ancestorTitles":["Template — fieldsJson parsing"],"fullName":"Template — fieldsJson parsing sortOrder viene preservato","status":"passed","title":"sortOrder viene preservato","duration":0.23779399999989437,"failureMessages":[],"meta":{}},{"ancestorTitles":["Template — validazione name e slug"],"fullName":"Template — validazione name e slug name e slug validi → nessun errore","status":"passed","title":"name e slug validi → nessun errore","duration":0.164066000000048,"failureMessages":[],"meta":{}},{"ancestorTitles":["Template — validazione name e slug"],"fullName":"Template — validazione name e slug name vuoto → errore","status":"passed","title":"name vuoto → errore","duration":0.13073400000007496,"failureMessages":[],"meta":{}},{"ancestorTitles":["Template — validazione name e slug"],"fullName":"Template — validazione name e slug name solo spazi → errore","status":"passed","title":"name solo spazi → errore","duration":0.12569399999983943,"failureMessages":[],"meta":{}},{"ancestorTitles":["Template — validazione name e slug"],"fullName":"Template — validazione name e slug slug vuoto → errore","status":"passed","title":"slug vuoto → errore","duration":0.12178700000004028,"failureMessages":[],"meta":{}},{"ancestorTitles":["Template — validazione name e slug"],"fullName":"Template — validazione name e slug name oltre 255 caratteri → errore","status":"passed","title":"name oltre 255 caratteri → errore","duration":0.12800900000002002,"failureMessages":[],"meta":{}},{"ancestorTitles":["Template — validazione name e slug"],"fullName":"Template — validazione name e slug name di esattamente 255 caratteri → ok","status":"passed","title":"name di esattamente 255 caratteri → ok","duration":0.15886599999998907,"failureMessages":[],"meta":{}},{"ancestorTitles":["Template — validazione name e slug"],"fullName":"Template — validazione name e slug slug oltre 255 caratteri → errore","status":"passed","title":"slug oltre 255 caratteri → errore","duration":0.14107300000000578,"failureMessages":[],"meta":{}}],"startTime":1777377807358,"endTime":1777377807383.159,"status":"passed","message":"","name":"/home/runner/work/librolo/librolo/tests/app/template.test.ts"},{"assertionResults":[{"ancestorTitles":["Bloom Filter — Email","checkEmailAvailability"],"fullName":"Bloom Filter — Email checkEmailAvailability returns available=true without DB query when all bits are 0 (certainly absent)","status":"passed","title":"returns available=true without DB query when all bits are 0 (certainly absent)","duration":3.576719000000139,"failureMessages":[],"meta":{}},{"ancestorTitles":["Bloom Filter — Email","checkEmailAvailability"],"fullName":"Bloom Filter — Email checkEmailAvailability returns available=true without DB query when at least one bit is 0","status":"passed","title":"returns available=true without DB query when at least one bit is 0","duration":0.6515649999998914,"failureMessages":[],"meta":{}},{"ancestorTitles":["Bloom Filter — Email","checkEmailAvailability"],"fullName":"Bloom Filter — Email checkEmailAvailability returns available=false when all bits are 1 and DB confirms email exists","status":"passed","title":"returns available=false when all bits are 1 and DB confirms email exists","duration":0.581925000000183,"failureMessages":[],"meta":{}},{"ancestorTitles":["Bloom Filter — Email","checkEmailAvailability"],"fullName":"Bloom Filter — Email checkEmailAvailability returns available=true when all bits are 1 but DB finds nothing (false positive)","status":"passed","title":"returns available=true when all bits are 1 but DB finds nothing (false positive)","duration":0.44442800000001625,"failureMessages":[],"meta":{}},{"ancestorTitles":["Bloom Filter — Email","checkEmailAvailability"],"fullName":"Bloom Filter — Email checkEmailAvailability normalizes email to lowercase before hashing","status":"passed","title":"normalizes email to lowercase before hashing","duration":2.1092419999999947,"failureMessages":[],"meta":{}},{"ancestorTitles":["Bloom Filter — Email","checkEmailAvailability"],"fullName":"Bloom Filter — Email checkEmailAvailability sends GETBIT commands to the /pipeline endpoint","status":"passed","title":"sends GETBIT commands to the /pipeline endpoint","duration":0.47601800000006733,"failureMessages":[],"meta":{}},{"ancestorTitles":["Bloom Filter — Email","addEmailToBloom"],"fullName":"Bloom Filter — Email addEmailToBloom sends k=7 SETBIT commands via pipeline for a single email","status":"passed","title":"sends k=7 SETBIT commands via pipeline for a single email","duration":1.3876880000000256,"failureMessages":[],"meta":{}},{"ancestorTitles":["Bloom Filter — Email","addEmailToBloom"],"fullName":"Bloom Filter — Email addEmailToBloom normalizes email before setting bits (uppercase == lowercase same positions)","status":"passed","title":"normalizes email before setting bits (uppercase == lowercase same positions)","duration":1.148010000000113,"failureMessages":[],"meta":{}},{"ancestorTitles":["Bloom Filter — Email","addEmailsBulkToBloom"],"fullName":"Bloom Filter — Email addEmailsBulkToBloom sends k*n SETBIT commands for n emails","status":"passed","title":"sends k*n SETBIT commands for n emails","duration":0.6480289999999513,"failureMessages":[],"meta":{}},{"ancestorTitles":["Bloom Filter — Email","addEmailsBulkToBloom"],"fullName":"Bloom Filter — Email addEmailsBulkToBloom normalizes all emails before setting bits","status":"passed","title":"normalizes all emails before setting bits","duration":0.8242870000001403,"failureMessages":[],"meta":{}},{"ancestorTitles":["Bloom Filter — Email","addEmailsBulkToBloom"],"fullName":"Bloom Filter — Email addEmailsBulkToBloom does nothing when given an empty array","status":"passed","title":"does nothing when given an empty array","duration":0.29812600000013845,"failureMessages":[],"meta":{}},{"ancestorTitles":["Bloom Filter — Email","ensureBloomFilter"],"fullName":"Bloom Filter — Email ensureBloomFilter is a no-op (SETBIT auto-creates the key)","status":"passed","title":"is a no-op (SETBIT auto-creates the key)","duration":0.8368299999999635,"failureMessages":[],"meta":{}},{"ancestorTitles":["Bloom Filter — Email","ensureBloomFilter"],"fullName":"Bloom Filter — Email ensureBloomFilter resolves without throwing even if called multiple times","status":"passed","title":"resolves without throwing even if called multiple times","duration":0.37874699999997574,"failureMessages":[],"meta":{}},{"ancestorTitles":["Bloom Filter — Email","Error handling"],"fullName":"Bloom Filter — Email Error handling throws on Upstash HTTP error in pipeline","status":"passed","title":"throws on Upstash HTTP error in pipeline","duration":1.5713499999999385,"failureMessages":[],"meta":{}},{"ancestorTitles":["Bloom Filter — Email","Error handling"],"fullName":"Bloom Filter — Email Error handling throws when env vars are missing","status":"passed","title":"throws when env vars are missing","duration":0.5310100000001512,"failureMessages":[],"meta":{}}],"startTime":1777377807053,"endTime":1777377807069.531,"status":"passed","message":"","name":"/home/runner/work/librolo/librolo/tests/bloom/email-filter.test.ts"},{"assertionResults":[{"ancestorTitles":["Bloom Filter — Username","checkUsernameAvailability"],"fullName":"Bloom Filter — Username checkUsernameAvailability returns available=true without DB query when all bits are 0 (certainly absent)","status":"passed","title":"returns available=true without DB query when all bits are 0 (certainly absent)","duration":4.014155000000073,"failureMessages":[],"meta":{}},{"ancestorTitles":["Bloom Filter — Username","checkUsernameAvailability"],"fullName":"Bloom Filter — Username checkUsernameAvailability returns available=true without DB query when at least one bit is 0","status":"passed","title":"returns available=true without DB query when at least one bit is 0","duration":0.6508429999998953,"failureMessages":[],"meta":{}},{"ancestorTitles":["Bloom Filter — Username","checkUsernameAvailability"],"fullName":"Bloom Filter — Username checkUsernameAvailability returns available=false when all bits are 1 and DB confirms username taken","status":"passed","title":"returns available=false when all bits are 1 and DB confirms username taken","duration":0.6340920000000096,"failureMessages":[],"meta":{}},{"ancestorTitles":["Bloom Filter — Username","checkUsernameAvailability"],"fullName":"Bloom Filter — Username checkUsernameAvailability returns available=true when all bits are 1 but DB finds nothing (false positive)","status":"passed","title":"returns available=true when all bits are 1 but DB finds nothing (false positive)","duration":0.4421749999999065,"failureMessages":[],"meta":{}},{"ancestorTitles":["Bloom Filter — Username","checkUsernameAvailability"],"fullName":"Bloom Filter — Username checkUsernameAvailability normalizes username to lowercase and trims whitespace before hashing","status":"passed","title":"normalizes username to lowercase and trims whitespace before hashing","duration":2.2956810000000587,"failureMessages":[],"meta":{}},{"ancestorTitles":["Bloom Filter — Username","checkUsernameAvailability"],"fullName":"Bloom Filter — Username checkUsernameAvailability sends GETBIT commands to the /pipeline endpoint targeting bloom:usernames","status":"passed","title":"sends GETBIT commands to the /pipeline endpoint targeting bloom:usernames","duration":0.8922629999999572,"failureMessages":[],"meta":{}},{"ancestorTitles":["Bloom Filter — Username","checkUsernameAvailability"],"fullName":"Bloom Filter — Username checkUsernameAvailability does NOT target bloom:emails key (key isolation)","status":"passed","title":"does NOT target bloom:emails key (key isolation)","duration":2.053608999999824,"failureMessages":[],"meta":{}},{"ancestorTitles":["Bloom Filter — Username","addUsernameToBloom"],"fullName":"Bloom Filter — Username addUsernameToBloom sends k=7 SETBIT commands via pipeline targeting bloom:usernames","status":"passed","title":"sends k=7 SETBIT commands via pipeline targeting bloom:usernames","duration":1.548516999999947,"failureMessages":[],"meta":{}},{"ancestorTitles":["Bloom Filter — Username","addUsernameToBloom"],"fullName":"Bloom Filter — Username addUsernameToBloom does NOT target bloom:emails key (key isolation)","status":"passed","title":"does NOT target bloom:emails key (key isolation)","duration":1.7659929999999804,"failureMessages":[],"meta":{}},{"ancestorTitles":["Bloom Filter — Username","addUsernameToBloom"],"fullName":"Bloom Filter — Username addUsernameToBloom normalization: uppercase and lowercase produce identical bit positions","status":"passed","title":"normalization: uppercase and lowercase produce identical bit positions","duration":0.7131989999998041,"failureMessages":[],"meta":{}},{"ancestorTitles":["Bloom Filter — Username","addUsernameToBloom"],"fullName":"Bloom Filter — Username addUsernameToBloom normalization: leading/trailing spaces are ignored","status":"passed","title":"normalization: leading/trailing spaces are ignored","duration":0.6258269999998447,"failureMessages":[],"meta":{}},{"ancestorTitles":["Bloom Filter — Username","Redis fallback (Redis unavailable)"],"fullName":"Bloom Filter — Username Redis fallback (Redis unavailable) falls back to DB when Redis is down and returns available=false if username taken","status":"passed","title":"falls back to DB when Redis is down and returns available=false if username taken","duration":12.074002999999948,"failureMessages":[],"meta":{}},{"ancestorTitles":["Bloom Filter — Username","Redis fallback (Redis unavailable)"],"fullName":"Bloom Filter — Username Redis fallback (Redis unavailable) falls back to DB when Redis is down and returns available=true if username free","status":"passed","title":"falls back to DB when Redis is down and returns available=true if username free","duration":1.1710430000000542,"failureMessages":[],"meta":{}},{"ancestorTitles":["Bloom Filter — Username","ensureBloomFilter"],"fullName":"Bloom Filter — Username ensureBloomFilter is a no-op (SETBIT auto-creates both keys)","status":"passed","title":"is a no-op (SETBIT auto-creates both keys)","duration":1.1317200000000867,"failureMessages":[],"meta":{}},{"ancestorTitles":["Bloom Filter — Username","ensureBloomFilter"],"fullName":"Bloom Filter — Username ensureBloomFilter resolves without throwing even if called multiple times","status":"passed","title":"resolves without throwing even if called multiple times","duration":0.4331379999998717,"failureMessages":[],"meta":{}},{"ancestorTitles":["Bloom Filter — Username","Error handling"],"fullName":"Bloom Filter — Username Error handling throws on Upstash HTTP error in pipeline","status":"passed","title":"throws on Upstash HTTP error in pipeline","duration":1.3589640000000145,"failureMessages":[],"meta":{}},{"ancestorTitles":["Bloom Filter — Username","Error handling"],"fullName":"Bloom Filter — Username Error handling throws when credentials are missing","status":"passed","title":"throws when credentials are missing","duration":0.6513340000001335,"failureMessages":[],"meta":{}}],"startTime":1777377805922,"endTime":1777377805955.6514,"status":"passed","message":"","name":"/home/runner/work/librolo/librolo/tests/bloom/username-filter.test.ts"},{"assertionResults":[{"ancestorTitles":["SimpleButton component"],"fullName":"SimpleButton component renderizza correttamente con label","status":"passed","title":"renderizza correttamente con label","duration":96.30901599999993,"failureMessages":[],"meta":{}},{"ancestorTitles":["SimpleButton component"],"fullName":"SimpleButton component è disabilitato quando disabled=true","status":"passed","title":"è disabilitato quando disabled=true","duration":8.988100000000031,"failureMessages":[],"meta":{}},{"ancestorTitles":["Badge component"],"fullName":"Badge component renderizza badge Pubblicato con variante success","status":"passed","title":"renderizza badge Pubblicato con variante success","duration":10.82586699999979,"failureMessages":[],"meta":{}},{"ancestorTitles":["Badge component"],"fullName":"Badge component renderizza badge Bozza con variante warning","status":"passed","title":"renderizza badge Bozza con variante warning","duration":8.527100999999902,"failureMessages":[],"meta":{}},{"ancestorTitles":["Badge component"],"fullName":"Badge component renderizza badge Errore con variante error","status":"passed","title":"renderizza badge Errore con variante error","duration":5.469118000000208,"failureMessages":[],"meta":{}}],"startTime":1777377810100,"endTime":1777377810230.4692,"status":"passed","message":"","name":"/home/runner/work/librolo/librolo/tests/components/ui-smoke.test.tsx"},{"assertionResults":[{"ancestorTitles":["session.ts","hashPassword / comparePasswords"],"fullName":"session.ts hashPassword / comparePasswords produce un hash diverso dalla password originale","status":"passed","title":"produce un hash diverso dalla password originale","duration":169.247996,"failureMessages":[],"meta":{}},{"ancestorTitles":["session.ts","hashPassword / comparePasswords"],"fullName":"session.ts hashPassword / comparePasswords due hash della stessa password sono diversi (salt)","status":"passed","title":"due hash della stessa password sono diversi (salt)","duration":175.96450800000002,"failureMessages":[],"meta":{}},{"ancestorTitles":["session.ts","hashPassword / comparePasswords"],"fullName":"session.ts hashPassword / comparePasswords comparePasswords ritorna true per password corretta","status":"passed","title":"comparePasswords ritorna true per password corretta","duration":172.99073499999997,"failureMessages":[],"meta":{}},{"ancestorTitles":["session.ts","hashPassword / comparePasswords"],"fullName":"session.ts hashPassword / comparePasswords comparePasswords ritorna false per password sbagliata","status":"passed","title":"comparePasswords ritorna false per password sbagliata","duration":166.2790490000001,"failureMessages":[],"meta":{}},{"ancestorTitles":["session.ts","signToken / verifyToken"],"fullName":"session.ts signToken / verifyToken signa e verifica un token valido","status":"passed","title":"signa e verifica un token valido","duration":5.292789999999968,"failureMessages":[],"meta":{}},{"ancestorTitles":["session.ts","signToken / verifyToken"],"fullName":"session.ts signToken / verifyToken verifyToken fallisce su token malformato","status":"passed","title":"verifyToken fallisce su token malformato","duration":1.965644999999995,"failureMessages":[],"meta":{}},{"ancestorTitles":["session.ts","signToken / verifyToken"],"fullName":"session.ts signToken / verifyToken verifyToken fallisce su stringa vuota","status":"passed","title":"verifyToken fallisce su stringa vuota","duration":0.6341929999998683,"failureMessages":[],"meta":{}},{"ancestorTitles":["otp.ts","generateOtpCode"],"fullName":"otp.ts generateOtpCode genera un codice di esattamente 6 cifre","status":"passed","title":"genera un codice di esattamente 6 cifre","duration":64.71298000000002,"failureMessages":[],"meta":{}},{"ancestorTitles":["otp.ts","generateOtpCode"],"fullName":"otp.ts generateOtpCode genera codici diversi ad ogni chiamata","status":"passed","title":"genera codici diversi ad ogni chiamata","duration":0.8616369999999733,"failureMessages":[],"meta":{}},{"ancestorTitles":["otp.ts","generateOtpCode"],"fullName":"otp.ts generateOtpCode il codice e sempre compreso tra 100000 e 999999","status":"passed","title":"il codice e sempre compreso tra 100000 e 999999","duration":1.4156090000001313,"failureMessages":[],"meta":{}},{"ancestorTitles":["otp.ts","verifyOtpCode -- logica dominio (mock DB)"],"fullName":"otp.ts verifyOtpCode -- logica dominio (mock DB) rifiuta se nessun record trovato (codice non esiste)","status":"passed","title":"rifiuta se nessun record trovato (codice non esiste)","duration":0.9256860000000415,"failureMessages":[],"meta":{}},{"ancestorTitles":["otp.ts","verifyOtpCode -- logica dominio (mock DB)"],"fullName":"otp.ts verifyOtpCode -- logica dominio (mock DB) rifiuta codice scaduto","status":"passed","title":"rifiuta codice scaduto","duration":0.5890880000001744,"failureMessages":[],"meta":{}},{"ancestorTitles":["otp.ts","verifyOtpCode -- logica dominio (mock DB)"],"fullName":"otp.ts verifyOtpCode -- logica dominio (mock DB) rifiuta codice errato e incrementa attempts","status":"passed","title":"rifiuta codice errato e incrementa attempts","duration":0.7994499999999789,"failureMessages":[],"meta":{}},{"ancestorTitles":["otp.ts","verifyOtpCode -- logica dominio (mock DB)"],"fullName":"otp.ts verifyOtpCode -- logica dominio (mock DB) non chiama update su codice corretto (elimina direttamente)","status":"passed","title":"non chiama update su codice corretto (elimina direttamente)","duration":1.0694139999998242,"failureMessages":[],"meta":{}},{"ancestorTitles":["otp.ts","verifyOtpCode -- logica dominio (mock DB)"],"fullName":"otp.ts verifyOtpCode -- logica dominio (mock DB) blocca e invalida il record quando attempts >= MAX_OTP_ATTEMPTS","status":"passed","title":"blocca e invalida il record quando attempts >= MAX_OTP_ATTEMPTS","duration":0.6937330000000657,"failureMessages":[],"meta":{}},{"ancestorTitles":["otp.ts","verifyOtpCode -- logica dominio (mock DB)"],"fullName":"otp.ts verifyOtpCode -- logica dominio (mock DB) blocca anche con attempts > MAX_OTP_ATTEMPTS (over-limit)","status":"passed","title":"blocca anche con attempts > MAX_OTP_ATTEMPTS (over-limit)","duration":0.648339999999962,"failureMessages":[],"meta":{}},{"ancestorTitles":["otp.ts","verifyOtpCode -- logica dominio (mock DB)"],"fullName":"otp.ts verifyOtpCode -- logica dominio (mock DB) al tentativo (MAX-1) non blocca ancora, incrementa","status":"passed","title":"al tentativo (MAX-1) non blocca ancora, incrementa","duration":0.9869900000001053,"failureMessages":[],"meta":{}},{"ancestorTitles":["password-reset.ts"],"fullName":"password-reset.ts rifiuta token inesistente (DB ritorna [])","status":"passed","title":"rifiuta token inesistente (DB ritorna [])","duration":6.652113999999983,"failureMessages":[],"meta":{}},{"ancestorTitles":["password-reset.ts"],"fullName":"password-reset.ts rifiuta token scaduto","status":"passed","title":"rifiuta token scaduto","duration":0.6691369999998642,"failureMessages":[],"meta":{}},{"ancestorTitles":["password-reset.ts"],"fullName":"password-reset.ts token valido: ritorna userId e lo elimina atomicamente","status":"passed","title":"token valido: ritorna userId e lo elimina atomicamente","duration":0.5584309999999277,"failureMessages":[],"meta":{}},{"ancestorTitles":["password-reset.ts"],"fullName":"password-reset.ts token valido: delete non chiamata due volte se caller invoca anche deletePasswordResetToken","status":"passed","title":"token valido: delete non chiamata due volte se caller invoca anche deletePasswordResetToken","duration":0.6515549999999166,"failureMessages":[],"meta":{}},{"ancestorTitles":["rate-limit.ts -- checkGeneralRateLimit (DB-based)"],"fullName":"rate-limit.ts -- checkGeneralRateLimit (DB-based) non bloccata se DB non ha tentativi (count=0)","status":"passed","title":"non bloccata se DB non ha tentativi (count=0)","duration":14.439285000000154,"failureMessages":[],"meta":{}},{"ancestorTitles":["rate-limit.ts -- checkGeneralRateLimit (DB-based)"],"fullName":"rate-limit.ts -- checkGeneralRateLimit (DB-based) non bloccata se tentativi < max","status":"passed","title":"non bloccata se tentativi < max","duration":1.069644000000153,"failureMessages":[],"meta":{}},{"ancestorTitles":["rate-limit.ts -- checkGeneralRateLimit (DB-based)"],"fullName":"rate-limit.ts -- checkGeneralRateLimit (DB-based) bloccata se tentativi === max","status":"passed","title":"bloccata se tentativi === max","duration":0.6709209999999075,"failureMessages":[],"meta":{}},{"ancestorTitles":["rate-limit.ts -- checkGeneralRateLimit (DB-based)"],"fullName":"rate-limit.ts -- checkGeneralRateLimit (DB-based) bloccata se tentativi > max","status":"passed","title":"bloccata se tentativi > max","duration":0.6030739999998787,"failureMessages":[],"meta":{}},{"ancestorTitles":["rate-limit.ts -- checkGeneralRateLimit (DB-based)"],"fullName":"rate-limit.ts -- checkGeneralRateLimit (DB-based) remaining non scende mai sotto zero","status":"passed","title":"remaining non scende mai sotto zero","duration":0.602884000000131,"failureMessages":[],"meta":{}},{"ancestorTitles":["rate-limit.ts -- checkGeneralRateLimit (DB-based)"],"fullName":"rate-limit.ts -- checkGeneralRateLimit (DB-based) recordGeneralAttempt chiama db.insert().values() con ip marker corretto","status":"passed","title":"recordGeneralAttempt chiama db.insert().values() con ip marker corretto","duration":2.2133969999999863,"failureMessages":[],"meta":{}},{"ancestorTitles":["Auth input validation (unit)"],"fullName":"Auth input validation (unit) rifiuta password vuota","status":"passed","title":"rifiuta password vuota","duration":0.40786100000013903,"failureMessages":[],"meta":{}},{"ancestorTitles":["Auth input validation (unit)"],"fullName":"Auth input validation (unit) rifiuta email vuota","status":"passed","title":"rifiuta email vuota","duration":0.3195860000000721,"failureMessages":[],"meta":{}},{"ancestorTitles":["Auth input validation (unit)"],"fullName":"Auth input validation (unit) rifiuta email non valida","status":"passed","title":"rifiuta email non valida","duration":0.3377689999999802,"failureMessages":[],"meta":{}},{"ancestorTitles":["Auth input validation (unit)"],"fullName":"Auth input validation (unit) rifiuta password troppo corta (<8 caratteri)","status":"passed","title":"rifiuta password troppo corta (<8 caratteri)","duration":0.36026099999980943,"failureMessages":[],"meta":{}},{"ancestorTitles":["Auth input validation (unit)"],"fullName":"Auth input validation (unit) accetta credenziali valide","status":"passed","title":"accetta credenziali valide","duration":0.445891999999958,"failureMessages":[],"meta":{}},{"ancestorTitles":["Auth input validation (unit)"],"fullName":"Auth input validation (unit) normalizza email (lowercase + trim)","status":"passed","title":"normalizza email (lowercase + trim)","duration":0.430753999999979,"failureMessages":[],"meta":{}},{"ancestorTitles":["queries.ts -- getUser con JWT non valido"],"fullName":"queries.ts -- getUser con JWT non valido ritorna null su token malformato (non crasha)","status":"passed","title":"ritorna null su token malformato (non crasha)","duration":15.367547999999942,"failureMessages":[],"meta":{}},{"ancestorTitles":["queries.ts -- getUser con JWT non valido"],"fullName":"queries.ts -- getUser con JWT non valido ritorna null su token con firma alterata","status":"passed","title":"ritorna null su token con firma alterata","duration":8.879347999999936,"failureMessages":[],"meta":{}},{"ancestorTitles":["queries.ts -- getUser con JWT non valido"],"fullName":"queries.ts -- getUser con JWT non valido ritorna null su cookie assente (get ritorna undefined)","status":"passed","title":"ritorna null su cookie assente (get ritorna undefined)","duration":10.734096000000136,"failureMessages":[],"meta":{}}],"startTime":1777377810730,"endTime":1777377811561.7341,"status":"passed","message":"","name":"/home/runner/work/librolo/librolo/tests/lib/auth.test.ts"},{"assertionResults":[{"ancestorTitles":["rate-limit.ts -- checkRateLimit (soglie dal DB)"],"fullName":"rate-limit.ts -- checkRateLimit (soglie dal DB) blocca l'IP quando i tentativi superano maxAttempts dal DB","status":"passed","title":"blocca l'IP quando i tentativi superano maxAttempts dal DB","duration":81.77138199999996,"failureMessages":[],"meta":{}},{"ancestorTitles":["rate-limit.ts -- checkRateLimit (soglie dal DB)"],"fullName":"rate-limit.ts -- checkRateLimit (soglie dal DB) non blocca se i tentativi sono sotto la soglia","status":"passed","title":"non blocca se i tentativi sono sotto la soglia","duration":9.64525500000002,"failureMessages":[],"meta":{}},{"ancestorTitles":["rate-limit.ts -- checkRateLimit (soglie dal DB)"],"fullName":"rate-limit.ts -- checkRateLimit (soglie dal DB) non blocca se tentativi === 0","status":"passed","title":"non blocca se tentativi === 0","duration":6.820046999999988,"failureMessages":[],"meta":{}},{"ancestorTitles":["rate-limit.ts -- checkRateLimit (soglie dal DB)"],"fullName":"rate-limit.ts -- checkRateLimit (soglie dal DB) blocca sempre se l'IP è in blacklist, indipendentemente dai tentativi","status":"passed","title":"blocca sempre se l'IP è in blacklist, indipendentemente dai tentativi","duration":6.724969999999985,"failureMessages":[],"meta":{}},{"ancestorTitles":["rate-limit.ts -- checkRateLimit (soglie dal DB)"],"fullName":"rate-limit.ts -- checkRateLimit (soglie dal DB) remaining non scende mai sotto zero","status":"passed","title":"remaining non scende mai sotto zero","duration":7.032643000000007,"failureMessages":[],"meta":{}},{"ancestorTitles":["rate-limit.ts -- azioni admin IP"],"fullName":"rate-limit.ts -- azioni admin IP unblockIp chiama db.delete() una volta","status":"passed","title":"unblockIp chiama db.delete() una volta","duration":13.386781999999982,"failureMessages":[],"meta":{}},{"ancestorTitles":["rate-limit.ts -- azioni admin IP"],"fullName":"rate-limit.ts -- azioni admin IP blacklistIp chiama db.insert().values().onConflictDoNothing()","status":"passed","title":"blacklistIp chiama db.insert().values().onConflictDoNothing()","duration":9.72360900000001,"failureMessages":[],"meta":{}},{"ancestorTitles":["rate-limit.ts -- azioni admin IP"],"fullName":"rate-limit.ts -- azioni admin IP blacklistIp funziona anche senza reason","status":"passed","title":"blacklistIp funziona anche senza reason","duration":10.572505000000035,"failureMessages":[],"meta":{}},{"ancestorTitles":["rate-limit.ts -- azioni admin IP"],"fullName":"rate-limit.ts -- azioni admin IP removeFromBlacklist chiama db.delete() una volta","status":"passed","title":"removeFromBlacklist chiama db.delete() una volta","duration":10.243183000000045,"failureMessages":[],"meta":{}},{"ancestorTitles":["Bruteforce config — validazione Zod"],"fullName":"Bruteforce config — validazione Zod accetta valori validi","status":"passed","title":"accetta valori validi","duration":1.8211659999999483,"failureMessages":[],"meta":{}},{"ancestorTitles":["Bruteforce config — validazione Zod"],"fullName":"Bruteforce config — validazione Zod rifiuta bf_signin_max = 0","status":"passed","title":"rifiuta bf_signin_max = 0","duration":0.8706040000000712,"failureMessages":[],"meta":{}},{"ancestorTitles":["Bruteforce config — validazione Zod"],"fullName":"Bruteforce config — validazione Zod rifiuta bf_signin_max > 100","status":"passed","title":"rifiuta bf_signin_max > 100","duration":0.4830409999999574,"failureMessages":[],"meta":{}},{"ancestorTitles":["Bruteforce config — validazione Zod"],"fullName":"Bruteforce config — validazione Zod rifiuta bf_window_minutes > 1440 (più di 24h)","status":"passed","title":"rifiuta bf_window_minutes > 1440 (più di 24h)","duration":0.5625089999999773,"failureMessages":[],"meta":{}},{"ancestorTitles":["Bruteforce config — validazione Zod"],"fullName":"Bruteforce config — validazione Zod rifiuta bf_lockout_minutes > 10080 (più di 7 giorni)","status":"passed","title":"rifiuta bf_lockout_minutes > 10080 (più di 7 giorni)","duration":0.7065680000000611,"failureMessages":[],"meta":{}}],"startTime":1777377810929,"endTime":1777377811089.7065,"status":"passed","message":"","name":"/home/runner/work/librolo/librolo/tests/lib/bruteforce.test.ts"},{"assertionResults":[{"ancestorTitles":["checkSignupRateLimit — Redis L1"],"fullName":"checkSignupRateLimit — Redis L1 non blocca quando Redis risponde con count < max (remaining corretto)","status":"passed","title":"non blocca quando Redis risponde con count < max (remaining corretto)","duration":173.63951100000003,"failureMessages":[],"meta":{}},{"ancestorTitles":["checkSignupRateLimit — Redis L1"],"fullName":"checkSignupRateLimit — Redis L1 blocca quando Redis risponde con count >= max","status":"passed","title":"blocca quando Redis risponde con count >= max","duration":10.13667200000009,"failureMessages":[],"meta":{}},{"ancestorTitles":["checkSignupRateLimit — Redis L1"],"fullName":"checkSignupRateLimit — Redis L1 blocca oltre il limite (count > max)","status":"passed","title":"blocca oltre il limite (count > max)","duration":9.86242100000004,"failureMessages":[],"meta":{}},{"ancestorTitles":["checkSignupRateLimit — Redis L1"],"fullName":"checkSignupRateLimit — Redis L1 setta EXPIRE solo al primo INCR (count === 1)","status":"passed","title":"setta EXPIRE solo al primo INCR (count === 1)","duration":12.192274999999995,"failureMessages":[],"meta":{}},{"ancestorTitles":["checkSignupRateLimit — Redis L1"],"fullName":"checkSignupRateLimit — Redis L1 non setta EXPIRE quando count > 1","status":"passed","title":"non setta EXPIRE quando count > 1","duration":10.25458100000003,"failureMessages":[],"meta":{}},{"ancestorTitles":["checkSignupRateLimit — DB L2 fallback (Redis unavailable)"],"fullName":"checkSignupRateLimit — DB L2 fallback (Redis unavailable) usa il DB quando Redis è down — non blocca sotto la soglia","status":"passed","title":"usa il DB quando Redis è down — non blocca sotto la soglia","duration":14.747278999999935,"failureMessages":[],"meta":{}},{"ancestorTitles":["checkSignupRateLimit — DB L2 fallback (Redis unavailable)"],"fullName":"checkSignupRateLimit — DB L2 fallback (Redis unavailable) usa il DB quando Redis è down — blocca sopra la soglia","status":"passed","title":"usa il DB quando Redis è down — blocca sopra la soglia","duration":12.24381100000005,"failureMessages":[],"meta":{}},{"ancestorTitles":["checkSignupRateLimit — DB L2 fallback (Redis unavailable)"],"fullName":"checkSignupRateLimit — DB L2 fallback (Redis unavailable) blacklist blocca il signup immediatamente (DB fallback)","status":"passed","title":"blacklist blocca il signup immediatamente (DB fallback)","duration":18.64249300000006,"failureMessages":[],"meta":{}},{"ancestorTitles":["checkAvailabilityRateLimit — Redis L1"],"fullName":"checkAvailabilityRateLimit — Redis L1 non blocca quando count < max","status":"passed","title":"non blocca quando count < max","duration":10.756306999999993,"failureMessages":[],"meta":{}},{"ancestorTitles":["checkAvailabilityRateLimit — Redis L1"],"fullName":"checkAvailabilityRateLimit — Redis L1 blocca quando count >= max","status":"passed","title":"blocca quando count >= max","duration":15.227014000000054,"failureMessages":[],"meta":{}},{"ancestorTitles":["checkAvailabilityRateLimit — Redis L1"],"fullName":"checkAvailabilityRateLimit — Redis L1 usa chiave rl:check:{ip} (non rl:signup né rl:login)","status":"passed","title":"usa chiave rl:check:{ip} (non rl:signup né rl:login)","duration":9.723104000000035,"failureMessages":[],"meta":{}},{"ancestorTitles":["checkAvailabilityRateLimit — Redis unavailable (graceful allow)"],"fullName":"checkAvailabilityRateLimit — Redis unavailable (graceful allow) lascia passare senza bloccare quando Redis è down","status":"passed","title":"lascia passare senza bloccare quando Redis è down","duration":10.844982999999957,"failureMessages":[],"meta":{}},{"ancestorTitles":["checkAvailabilityRateLimit — Redis unavailable (graceful allow)"],"fullName":"checkAvailabilityRateLimit — Redis unavailable (graceful allow) NON tocca il DB anche quando Redis è down (solo L1)","status":"passed","title":"NON tocca il DB anche quando Redis è down (solo L1)","duration":9.958329999999933,"failureMessages":[],"meta":{}},{"ancestorTitles":["availability check — nessun recordSignupAttempt"],"fullName":"availability check — nessun recordSignupAttempt checkAvailabilityRateLimit non chiama db.insert (non è un tentativo di signup)","status":"passed","title":"checkAvailabilityRateLimit non chiama db.insert (non è un tentativo di signup)","duration":14.599413000000027,"failureMessages":[],"meta":{}},{"ancestorTitles":["availability check — nessun recordSignupAttempt"],"fullName":"availability check — nessun recordSignupAttempt checkSignupRateLimit via Redis NON chiama db.insert (il contatore è solo su Redis)","status":"passed","title":"checkSignupRateLimit via Redis NON chiama db.insert (il contatore è solo su Redis)","duration":12.647653999999989,"failureMessages":[],"meta":{}},{"ancestorTitles":["checkAndIncrLoginRedis — pipeline INCR+EXPIRE"],"fullName":"checkAndIncrLoginRedis — pipeline INCR+EXPIRE non blocca con count coppia < max","status":"passed","title":"non blocca con count coppia < max","duration":2.2036390000000665,"failureMessages":[],"meta":{}},{"ancestorTitles":["checkAndIncrLoginRedis — pipeline INCR+EXPIRE"],"fullName":"checkAndIncrLoginRedis — pipeline INCR+EXPIRE blocca quando pairCount >= maxAttempts","status":"passed","title":"blocca quando pairCount >= maxAttempts","duration":1.444964999999911,"failureMessages":[],"meta":{}},{"ancestorTitles":["checkAndIncrLoginRedis — pipeline INCR+EXPIRE"],"fullName":"checkAndIncrLoginRedis — pipeline INCR+EXPIRE blocca quando emailCount >= globalThreshold (maxAttempts * 3)","status":"passed","title":"blocca quando emailCount >= globalThreshold (maxAttempts * 3)","duration":1.41193300000009,"failureMessages":[],"meta":{}},{"ancestorTitles":["checkAndIncrLoginRedis — pipeline INCR+EXPIRE"],"fullName":"checkAndIncrLoginRedis — pipeline INCR+EXPIRE torna source:unavailable quando Redis è down","status":"passed","title":"torna source:unavailable quando Redis è down","duration":1.3737820000000056,"failureMessages":[],"meta":{}},{"ancestorTitles":["peekLoginRedis — solo lettura, nessun INCR"],"fullName":"peekLoginRedis — solo lettura, nessun INCR ritorna blocked:false se le chiavi non esistono (null)","status":"passed","title":"ritorna blocked:false se le chiavi non esistono (null)","duration":1.548206999999934,"failureMessages":[],"meta":{}},{"ancestorTitles":["peekLoginRedis — solo lettura, nessun INCR"],"fullName":"peekLoginRedis — solo lettura, nessun INCR ritorna blocked:true se pairCount >= max","status":"passed","title":"ritorna blocked:true se pairCount >= max","duration":1.443751999999904,"failureMessages":[],"meta":{}},{"ancestorTitles":["peekLoginRedis — solo lettura, nessun INCR"],"fullName":"peekLoginRedis — solo lettura, nessun INCR torna source:unavailable quando Redis è down","status":"passed","title":"torna source:unavailable quando Redis è down","duration":1.4259500000000571,"failureMessages":[],"meta":{}},{"ancestorTitles":["checkAndIncrAvailabilityRedis — INCR + EXPIRE"],"fullName":"checkAndIncrAvailabilityRedis — INCR + EXPIRE non blocca con count < max","status":"passed","title":"non blocca con count < max","duration":1.558206000000041,"failureMessages":[],"meta":{}},{"ancestorTitles":["checkAndIncrAvailabilityRedis — INCR + EXPIRE"],"fullName":"checkAndIncrAvailabilityRedis — INCR + EXPIRE blocca con count >= max","status":"passed","title":"blocca con count >= max","duration":1.407163999999966,"failureMessages":[],"meta":{}},{"ancestorTitles":["checkAndIncrAvailabilityRedis — INCR + EXPIRE"],"fullName":"checkAndIncrAvailabilityRedis — INCR + EXPIRE torna source:unavailable quando Redis è down","status":"passed","title":"torna source:unavailable quando Redis è down","duration":1.3384849999999915,"failureMessages":[],"meta":{}},{"ancestorTitles":["checkAndIncrSignupRedis — INCR + EXPIRE"],"fullName":"checkAndIncrSignupRedis — INCR + EXPIRE non blocca con count < max","status":"passed","title":"non blocca con count < max","duration":1.3563289999999597,"failureMessages":[],"meta":{}},{"ancestorTitles":["checkAndIncrSignupRedis — INCR + EXPIRE"],"fullName":"checkAndIncrSignupRedis — INCR + EXPIRE blocca con count >= max","status":"passed","title":"blocca con count >= max","duration":1.4440319999999929,"failureMessages":[],"meta":{}},{"ancestorTitles":["checkAndIncrSignupRedis — INCR + EXPIRE"],"fullName":"checkAndIncrSignupRedis — INCR + EXPIRE torna source:unavailable quando Redis è down","status":"passed","title":"torna source:unavailable quando Redis è down","duration":1.332273999999984,"failureMessages":[],"meta":{}},{"ancestorTitles":["syncIpBlacklistToRedis — SET e DEL"],"fullName":"syncIpBlacklistToRedis — SET e DEL chiama SET quando blacklisted=true","status":"passed","title":"chiama SET quando blacklisted=true","duration":1.620441000000028,"failureMessages":[],"meta":{}},{"ancestorTitles":["syncIpBlacklistToRedis — SET e DEL"],"fullName":"syncIpBlacklistToRedis — SET e DEL chiama DEL quando blacklisted=false","status":"passed","title":"chiama DEL quando blacklisted=false","duration":7.287278000000015,"failureMessages":[],"meta":{}},{"ancestorTitles":["syncIpBlacklistToRedis — SET e DEL"],"fullName":"syncIpBlacklistToRedis — SET e DEL non lancia eccezioni se Redis è down (swallows error)","status":"passed","title":"non lancia eccezioni se Redis è down (swallows error)","duration":16.570337999999992,"failureMessages":[],"meta":{}},{"ancestorTitles":["invalidateRedisConfigCache"],"fullName":"invalidateRedisConfigCache forza la ri-lettura delle credenziali dal DB al successivo comando","status":"passed","title":"forza la ri-lettura delle credenziali dal DB al successivo comando","duration":2.151982999999973,"failureMessages":[],"meta":{}}],"startTime":1777377810113,"endTime":1777377810507.152,"status":"passed","message":"","name":"/home/runner/work/librolo/librolo/tests/lib/rate-limit-granular.test.ts"},{"assertionResults":[{"ancestorTitles":["can()"],"fullName":"can() ritorna true se esiste un override individuale granted=true","status":"passed","title":"ritorna true se esiste un override individuale granted=true","duration":269.771837,"failureMessages":[],"meta":{}},{"ancestorTitles":["can()"],"fullName":"can() ritorna false se esiste un override individuale granted=false","status":"passed","title":"ritorna false se esiste un override individuale granted=false","duration":1.276339999999891,"failureMessages":[],"meta":{}},{"ancestorTitles":["can()"],"fullName":"can() ritorna true se nessun override ma il ruolo ha il permesso","status":"passed","title":"ritorna true se nessun override ma il ruolo ha il permesso","duration":1.223081000000093,"failureMessages":[],"meta":{}},{"ancestorTitles":["can()"],"fullName":"can() ritorna false se nessun override e il ruolo non ha il permesso","status":"passed","title":"ritorna false se nessun override e il ruolo non ha il permesso","duration":1.0745830000000751,"failureMessages":[],"meta":{}},{"ancestorTitles":["can()"],"fullName":"can() override ha priorita sul ruolo anche se il ruolo avrebbe accesso","status":"passed","title":"override ha priorita sul ruolo anche se il ruolo avrebbe accesso","duration":0.7102039999999761,"failureMessages":[],"meta":{}},{"ancestorTitles":["getUserPermissions()"],"fullName":"getUserPermissions() restituisce i permessi del ruolo come Set","status":"passed","title":"restituisce i permessi del ruolo come Set","duration":1.189157000000023,"failureMessages":[],"meta":{}},{"ancestorTitles":["getUserPermissions()"],"fullName":"getUserPermissions() applica override grant: aggiunge permesso non nel ruolo","status":"passed","title":"applica override grant: aggiunge permesso non nel ruolo","duration":1.05351399999995,"failureMessages":[],"meta":{}},{"ancestorTitles":["getUserPermissions()"],"fullName":"getUserPermissions() applica override revoke: rimuove permesso presente nel ruolo","status":"passed","title":"applica override revoke: rimuove permesso presente nel ruolo","duration":0.8252489999999852,"failureMessages":[],"meta":{}},{"ancestorTitles":["getUserPermissions()"],"fullName":"getUserPermissions() deduplicazione: vince la riga piu recente in caso di duplicati","status":"passed","title":"deduplicazione: vince la riga piu recente in caso di duplicati","duration":0.9859389999999166,"failureMessages":[],"meta":{}},{"ancestorTitles":["getUserPermissions()"],"fullName":"getUserPermissions() utente senza ruolo riconosciuto ha Set vuoto (no override)","status":"passed","title":"utente senza ruolo riconosciuto ha Set vuoto (no override)","duration":0.803707999999915,"failureMessages":[],"meta":{}},{"ancestorTitles":["canAny() / canAll()"],"fullName":"canAny() / canAll() canAny: true se almeno uno dei permessi e presente","status":"passed","title":"canAny: true se almeno uno dei permessi e presente","duration":0.8540120000000115,"failureMessages":[],"meta":{}},{"ancestorTitles":["canAny() / canAll()"],"fullName":"canAny() / canAll() canAny: false se nessuno dei permessi e presente","status":"passed","title":"canAny: false se nessuno dei permessi e presente","duration":0.7363929999999073,"failureMessages":[],"meta":{}},{"ancestorTitles":["canAny() / canAll()"],"fullName":"canAny() / canAll() canAll: true se tutti i permessi sono presenti","status":"passed","title":"canAll: true se tutti i permessi sono presenti","duration":0.9249649999999292,"failureMessages":[],"meta":{}},{"ancestorTitles":["canAny() / canAll()"],"fullName":"canAny() / canAll() canAll: false se anche solo un permesso manca","status":"passed","title":"canAll: false se anche solo un permesso manca","duration":0.9835840000000644,"failureMessages":[],"meta":{}},{"ancestorTitles":["guards.ts","requireAdminPage()"],"fullName":"guards.ts requireAdminPage() redirige a /admin/sign-in se utente non autenticato","status":"passed","title":"redirige a /admin/sign-in se utente non autenticato","duration":19.696936999999934,"failureMessages":[],"meta":{}},{"ancestorTitles":["guards.ts","requireAdminPage()"],"fullName":"guards.ts requireAdminPage() redirige a /admin/sign-in se autenticato ma senza admin:access","status":"passed","title":"redirige a /admin/sign-in se autenticato ma senza admin:access","duration":12.965224999999919,"failureMessages":[],"meta":{}},{"ancestorTitles":["guards.ts","requireAdminPage()"],"fullName":"guards.ts requireAdminPage() ritorna utente se ha admin:access via ruolo","status":"passed","title":"ritorna utente se ha admin:access via ruolo","duration":13.066544999999905,"failureMessages":[],"meta":{}},{"ancestorTitles":["guards.ts","requireAdminPage()"],"fullName":"guards.ts requireAdminPage() ritorna utente se isAdmin=true (bypassa RBAC)","status":"passed","title":"ritorna utente se isAdmin=true (bypassa RBAC)","duration":11.62187999999992,"failureMessages":[],"meta":{}},{"ancestorTitles":["guards.ts","requireAdminSectionPage()"],"fullName":"guards.ts requireAdminSectionPage() redirige a /admin/sign-in se non autenticato","status":"passed","title":"redirige a /admin/sign-in se non autenticato","duration":13.33374200000003,"failureMessages":[],"meta":{}},{"ancestorTitles":["guards.ts","requireAdminSectionPage()"],"fullName":"guards.ts requireAdminSectionPage() bypassa tutto se isAdmin=true","status":"passed","title":"bypassa tutto se isAdmin=true","duration":7.8889500000000226,"failureMessages":[],"meta":{}},{"ancestorTitles":["guards.ts","requireAdminSectionPage()"],"fullName":"guards.ts requireAdminSectionPage() redirige a /admin/sign-in se non ha admin:access","status":"passed","title":"redirige a /admin/sign-in se non ha admin:access","duration":17.87423600000011,"failureMessages":[],"meta":{}},{"ancestorTitles":["guards.ts","requireAdminSectionPage()"],"fullName":"guards.ts requireAdminSectionPage() redirige a /admin se ha admin:access ma non il permesso della sezione","status":"passed","title":"redirige a /admin se ha admin:access ma non il permesso della sezione","duration":16.29377099999988,"failureMessages":[],"meta":{}},{"ancestorTitles":["guards.ts","requireAdminSectionPage()"],"fullName":"guards.ts requireAdminSectionPage() ritorna utente se ha sia admin:access sia il permesso della sezione","status":"passed","title":"ritorna utente se ha sia admin:access sia il permesso della sezione","duration":10.283745999999837,"failureMessages":[],"meta":{}}],"startTime":1777377805832,"endTime":1777377806240.2837,"status":"passed","message":"","name":"/home/runner/work/librolo/librolo/tests/lib/rbac.test.ts"},{"assertionResults":[{"ancestorTitles":["upsertRouteAction — validazione schema"],"fullName":"upsertRouteAction — validazione schema accetta una route valida completa","status":"passed","title":"accetta una route valida completa","duration":11.573454000000083,"failureMessages":[],"meta":{}},{"ancestorTitles":["upsertRouteAction — validazione schema"],"fullName":"upsertRouteAction — validazione schema accetta una route senza id (create)","status":"passed","title":"accetta una route senza id (create)","duration":0.29533999999989646,"failureMessages":[],"meta":{}},{"ancestorTitles":["upsertRouteAction — validazione schema"],"fullName":"upsertRouteAction — validazione schema accetta una route con id uuid (update)","status":"passed","title":"accetta una route con id uuid (update)","duration":0.4281379999999899,"failureMessages":[],"meta":{}},{"ancestorTitles":["upsertRouteAction — validazione schema"],"fullName":"upsertRouteAction — validazione schema rifiuta pathname senza slash iniziale","status":"passed","title":"rifiuta pathname senza slash iniziale","duration":4.112800000000107,"failureMessages":[],"meta":{}},{"ancestorTitles":["upsertRouteAction — validazione schema"],"fullName":"upsertRouteAction — validazione schema rifiuta pathname vuoto","status":"passed","title":"rifiuta pathname vuoto","duration":0.5341859999998633,"failureMessages":[],"meta":{}},{"ancestorTitles":["upsertRouteAction — validazione schema"],"fullName":"upsertRouteAction — validazione schema rifiuta label vuota","status":"passed","title":"rifiuta label vuota","duration":0.37277500000004693,"failureMessages":[],"meta":{}},{"ancestorTitles":["upsertRouteAction — validazione schema"],"fullName":"upsertRouteAction — validazione schema rifiuta visibility non valida","status":"passed","title":"rifiuta visibility non valida","duration":0.31238299999995434,"failureMessages":[],"meta":{}},{"ancestorTitles":["upsertRouteAction — validazione schema"],"fullName":"upsertRouteAction — validazione schema rifiuta id non-uuid","status":"passed","title":"rifiuta id non-uuid","duration":0.5992270000001554,"failureMessages":[],"meta":{}},{"ancestorTitles":["upsertRouteAction — validazione schema"],"fullName":"upsertRouteAction — validazione schema label oltre 150 caratteri viene rifiutata","status":"passed","title":"label oltre 150 caratteri viene rifiutata","duration":0.5873050000000148,"failureMessages":[],"meta":{}},{"ancestorTitles":["flag booleani — coercion da FormData string"],"fullName":"flag booleani — coercion da FormData string converte correttamente i flag quando tutti true","status":"passed","title":"converte correttamente i flag quando tutti true","duration":1.0841319999999541,"failureMessages":[],"meta":{}},{"ancestorTitles":["flag booleani — coercion da FormData string"],"fullName":"flag booleani — coercion da FormData string converte correttamente i flag quando tutti false","status":"passed","title":"converte correttamente i flag quando tutti false","duration":0.3752600000000257,"failureMessages":[],"meta":{}},{"ancestorTitles":["flag booleani — coercion da FormData string"],"fullName":"flag booleani — coercion da FormData string inSitemap e isActive sono true se assenti (default checkbox HTML)","status":"passed","title":"inSitemap e isActive sono true se assenti (default checkbox HTML)","duration":0.2360200000000532,"failureMessages":[],"meta":{}},{"ancestorTitles":["flag booleani — coercion da FormData string"],"fullName":"flag booleani — coercion da FormData string inNav e inFooter sono false se assenti (default false)","status":"passed","title":"inNav e inFooter sono false se assenti (default false)","duration":0.2611269999999877,"failureMessages":[],"meta":{}}],"startTime":1777377808495,"endTime":1777377808519.2612,"status":"passed","message":"","name":"/home/runner/work/librolo/librolo/tests/lib/route-registry-actions.test.ts"},{"assertionResults":[{"ancestorTitles":["matchesPrefix"],"fullName":"matchesPrefix riconosce un pathname esatto","status":"passed","title":"riconosce un pathname esatto","duration":1.743411000000151,"failureMessages":[],"meta":{}},{"ancestorTitles":["matchesPrefix"],"fullName":"matchesPrefix riconosce un sottopath","status":"passed","title":"riconosce un sottopath","duration":0.2741310000001249,"failureMessages":[],"meta":{}},{"ancestorTitles":["matchesPrefix"],"fullName":"matchesPrefix non genera falsi positivi su prefissi parziali","status":"passed","title":"non genera falsi positivi su prefissi parziali","duration":0.19100699999989956,"failureMessages":[],"meta":{}},{"ancestorTitles":["matchesPrefix"],"fullName":"matchesPrefix restituisce false se nessuna route corrisponde","status":"passed","title":"restituisce false se nessuna route corrisponde","duration":0.2632109999999557,"failureMessages":[],"meta":{}},{"ancestorTitles":["matchesPrefix"],"fullName":"matchesPrefix gestisce array vuoto senza errori","status":"passed","title":"gestisce array vuoto senza errori","duration":0.2690820000000258,"failureMessages":[],"meta":{}},{"ancestorTitles":["matchesPrefix"],"fullName":"matchesPrefix riconosce la root /","status":"passed","title":"riconosce la root /","duration":0.20286799999985305,"failureMessages":[],"meta":{}},{"ancestorTitles":["resolveRoutes — logica fallback"],"fullName":"resolveRoutes — logica fallback usa il fallback se rows è vuoto","status":"passed","title":"usa il fallback se rows è vuoto","duration":0.9836739999998372,"failureMessages":[],"meta":{}},{"ancestorTitles":["resolveRoutes — logica fallback"],"fullName":"resolveRoutes — logica fallback usa le route del DB se rows non è vuoto","status":"passed","title":"usa le route del DB se rows non è vuoto","duration":0.3385720000001129,"failureMessages":[],"meta":{}},{"ancestorTitles":["resolveRoutes — logica fallback"],"fullName":"resolveRoutes — logica fallback separa correttamente le visibilità","status":"passed","title":"separa correttamente le visibilità","duration":1.827878999999939,"failureMessages":[],"meta":{}},{"ancestorTitles":["invalidateRouteRegistryCache — contratto"],"fullName":"invalidateRouteRegistryCache — contratto esiste ed è una funzione esportata dal modulo queries","status":"passed","title":"esiste ed è una funzione esportata dal modulo queries","duration":131.24709600000006,"failureMessages":[],"meta":{}}],"startTime":1777377808674,"endTime":1777377808812.247,"status":"passed","message":"","name":"/home/runner/work/librolo/librolo/tests/lib/route-registry.test.ts"},{"assertionResults":[{"ancestorTitles":["String utilities"],"fullName":"String utilities converte prima lettera in maiuscolo","status":"passed","title":"converte prima lettera in maiuscolo","duration":1.662068999999974,"failureMessages":[],"meta":{}},{"ancestorTitles":["String utilities"],"fullName":"String utilities troncamento testo lungo","status":"passed","title":"troncamento testo lungo","duration":0.3495820000000549,"failureMessages":[],"meta":{}},{"ancestorTitles":["Slug generation"],"fullName":"Slug generation genera slug da titolo","status":"passed","title":"genera slug da titolo","duration":0.3893359999999575,"failureMessages":[],"meta":{}},{"ancestorTitles":["Validation helpers"],"fullName":"Validation helpers validazione email base","status":"passed","title":"validazione email base","duration":0.4595470000001569,"failureMessages":[],"meta":{}},{"ancestorTitles":["Validation helpers"],"fullName":"Validation helpers controlla che la password sia almeno 8 caratteri","status":"passed","title":"controlla che la password sia almeno 8 caratteri","duration":0.28796600000009676,"failureMessages":[],"meta":{}}],"startTime":1777377809588,"endTime":1777377809591.4595,"status":"passed","message":"","name":"/home/runner/work/librolo/librolo/tests/lib/utils.test.ts"},{"assertionResults":[{"ancestorTitles":["computeNextContentVersion"],"fullName":"computeNextContentVersion incrementa il numero progressivo nello stesso mese","status":"passed","title":"incrementa il numero progressivo nello stesso mese","duration":4.376640999999836,"failureMessages":[],"meta":{}},{"ancestorTitles":["computeNextContentVersion"],"fullName":"computeNextContentVersion resetta a 1 quando il mese cambia","status":"passed","title":"resetta a 1 quando il mese cambia","duration":0.49931100000003426,"failureMessages":[],"meta":{}},{"ancestorTitles":["computeNextContentVersion"],"fullName":"computeNextContentVersion resetta a 1 se il formato è sconosciuto","status":"passed","title":"resetta a 1 se il formato è sconosciuto","duration":0.43006199999990713,"failureMessages":[],"meta":{}},{"ancestorTitles":["computeNextContentVersion"],"fullName":"computeNextContentVersion gestisce correttamente il cambio anno","status":"passed","title":"gestisce correttamente il cambio anno","duration":0.4226380000000063,"failureMessages":[],"meta":{}},{"ancestorTitles":["deletePageCascade — system page guard"],"fullName":"deletePageCascade — system page guard lancia SYSTEM_PAGE_PROTECTED per pagine di sistema (mock DB)","status":"passed","title":"lancia SYSTEM_PAGE_PROTECTED per pagine di sistema (mock DB)","duration":2.3464460000000145,"failureMessages":[],"meta":{}}],"startTime":1777377809406,"endTime":1777377809414.3464,"status":"passed","message":"","name":"/home/runner/work/librolo/librolo/tests/unit/pages-versioning.test.ts"}]}