{"numTotalTestSuites":100,"numPassedTestSuites":100,"numFailedTestSuites":0,"numPendingTestSuites":0,"numTotalTests":292,"numPassedTests":292,"numFailedTests":0,"numPendingTests":0,"numTodoTests":0,"snapshot":{"added":0,"failure":false,"filesAdded":0,"filesRemoved":0,"filesRemovedList":[],"filesUnmatched":0,"filesUpdated":0,"matched":0,"total":0,"unchecked":0,"uncheckedKeysByFile":[],"unmatched":0,"updated":0,"didUpdate":false},"startTime":1777222151297,"success":true,"testResults":[{"assertionResults":[{"ancestorTitles":["API response helpers"],"fullName":"API response helpers risposta di successo ha status 200","status":"passed","title":"risposta di successo ha status 200","duration":1.8322689999999966,"failureMessages":[],"meta":{}},{"ancestorTitles":["API response helpers"],"fullName":"API response helpers risposta di errore ha ok=false","status":"passed","title":"risposta di errore ha ok=false","duration":0.26914399999998295,"failureMessages":[],"meta":{}},{"ancestorTitles":["API response helpers"],"fullName":"API response helpers risposta 500 è server error","status":"passed","title":"risposta 500 è server error","duration":0.1792960000000221,"failureMessages":[],"meta":{}},{"ancestorTitles":["Query string parsing"],"fullName":"Query string parsing estrae parametri da query string","status":"passed","title":"estrae parametri da query string","duration":1.6857949999999846,"failureMessages":[],"meta":{}}],"startTime":1777222156284,"endTime":1777222156288.6858,"status":"passed","message":"","name":"/home/runner/work/librolo/librolo/tests/api/health.test.ts"},{"assertionResults":[{"ancestorTitles":["Contenuti schema — slug"],"fullName":"Contenuti schema — slug accetta slug semplice lowercase","status":"passed","title":"accetta slug semplice lowercase","duration":2.957452999999987,"failureMessages":[],"meta":{}},{"ancestorTitles":["Contenuti schema — slug"],"fullName":"Contenuti schema — slug accetta slug con trattini","status":"passed","title":"accetta slug con trattini","duration":0.2552580000000262,"failureMessages":[],"meta":{}},{"ancestorTitles":["Contenuti schema — slug"],"fullName":"Contenuti schema — slug accetta slug con slash (sottocartella)","status":"passed","title":"accetta slug con slash (sottocartella)","duration":0.23440800000003037,"failureMessages":[],"meta":{}},{"ancestorTitles":["Contenuti schema — slug"],"fullName":"Contenuti schema — slug rifiuta slug vuoto","status":"passed","title":"rifiuta slug vuoto","duration":0.7441830000000209,"failureMessages":[],"meta":{}},{"ancestorTitles":["Contenuti schema — slug"],"fullName":"Contenuti schema — slug rifiuta slug con lettere maiuscole","status":"passed","title":"rifiuta slug con lettere maiuscole","duration":0.5096439999999802,"failureMessages":[],"meta":{}},{"ancestorTitles":["Contenuti schema — slug"],"fullName":"Contenuti schema — slug rifiuta slug con spazi","status":"passed","title":"rifiuta slug con spazi","duration":0.2400599999999713,"failureMessages":[],"meta":{}},{"ancestorTitles":["Contenuti schema — slug"],"fullName":"Contenuti schema — slug rifiuta slug che inizia con trattino","status":"passed","title":"rifiuta slug che inizia con trattino","duration":0.2168850000000475,"failureMessages":[],"meta":{}},{"ancestorTitles":["Contenuti schema — slug"],"fullName":"Contenuti schema — slug rifiuta slug che termina con slash","status":"passed","title":"rifiuta slug che termina con slash","duration":0.2032400000000507,"failureMessages":[],"meta":{}},{"ancestorTitles":["Contenuti schema — slug"],"fullName":"Contenuti schema — slug rifiuta slug con doppio slash","status":"passed","title":"rifiuta slug con doppio slash","duration":0.3880060000000185,"failureMessages":[],"meta":{}},{"ancestorTitles":["Contenuti schema — slug"],"fullName":"Contenuti schema — slug rifiuta slug oltre 255 caratteri","status":"passed","title":"rifiuta slug oltre 255 caratteri","duration":0.44846899999993184,"failureMessages":[],"meta":{}},{"ancestorTitles":["Contenuti schema — title"],"fullName":"Contenuti schema — title rifiuta titolo vuoto","status":"passed","title":"rifiuta titolo vuoto","duration":0.5100139999999556,"failureMessages":[],"meta":{}},{"ancestorTitles":["Contenuti schema — title"],"fullName":"Contenuti schema — title rifiuta titolo oltre 255 caratteri","status":"passed","title":"rifiuta titolo oltre 255 caratteri","duration":0.33785199999999804,"failureMessages":[],"meta":{}},{"ancestorTitles":["Contenuti schema — title"],"fullName":"Contenuti schema — title accetta titolo di esattamente 255 caratteri","status":"passed","title":"accetta titolo di esattamente 255 caratteri","duration":0.2899019999999837,"failureMessages":[],"meta":{}},{"ancestorTitles":["Contenuti schema — status"],"fullName":"Contenuti schema — status default status è draft","status":"passed","title":"default status è draft","duration":0.346587999999997,"failureMessages":[],"meta":{}},{"ancestorTitles":["Contenuti schema — status"],"fullName":"Contenuti schema — status accetta status 'published'","status":"passed","title":"accetta status 'published'","duration":0.2487260000000333,"failureMessages":[],"meta":{}},{"ancestorTitles":["Contenuti schema — status"],"fullName":"Contenuti schema — status rifiuta status non previsto","status":"passed","title":"rifiuta status non previsto","duration":0.4014920000000757,"failureMessages":[],"meta":{}},{"ancestorTitles":["Contenuti schema — content"],"fullName":"Contenuti schema — content content default è stringa vuota","status":"passed","title":"content default è stringa vuota","duration":0.2590149999999767,"failureMessages":[],"meta":{}},{"ancestorTitles":["Contenuti schema — content"],"fullName":"Contenuti schema — content accetta content con HTML","status":"passed","title":"accetta content con HTML","duration":0.15215499999999338,"failureMessages":[],"meta":{}},{"ancestorTitles":["Contenuti — togglePageStatus logic"],"fullName":"Contenuti — togglePageStatus logic published → draft","status":"passed","title":"published → draft","duration":0.1772919999999658,"failureMessages":[],"meta":{}},{"ancestorTitles":["Contenuti — togglePageStatus logic"],"fullName":"Contenuti — togglePageStatus logic draft → published","status":"passed","title":"draft → published","duration":0.21777699999995548,"failureMessages":[],"meta":{}},{"ancestorTitles":["Contenuti — togglePageStatus logic"],"fullName":"Contenuti — togglePageStatus logic valore sconosciuto → published","status":"passed","title":"valore sconosciuto → published","duration":0.12365199999999277,"failureMessages":[],"meta":{}},{"ancestorTitles":["Contenuti — customFields JSON parsing"],"fullName":"Contenuti — customFields JSON parsing stringa vuota → oggetto vuoto","status":"passed","title":"stringa vuota → oggetto vuoto","duration":0.7651309999999967,"failureMessages":[],"meta":{}},{"ancestorTitles":["Contenuti — customFields JSON parsing"],"fullName":"Contenuti — customFields JSON parsing undefined → oggetto vuoto","status":"passed","title":"undefined → oggetto vuoto","duration":0.17721099999994294,"failureMessages":[],"meta":{}},{"ancestorTitles":["Contenuti — customFields JSON parsing"],"fullName":"Contenuti — customFields JSON parsing JSON valido viene parsato","status":"passed","title":"JSON valido viene parsato","duration":0.24109099999998307,"failureMessages":[],"meta":{}},{"ancestorTitles":["Contenuti — customFields JSON parsing"],"fullName":"Contenuti — customFields JSON parsing JSON non valido → oggetto vuoto (nessun throw)","status":"passed","title":"JSON non valido → oggetto vuoto (nessun throw)","duration":0.27702800000008665,"failureMessages":[],"meta":{}},{"ancestorTitles":["Contenuti — customFields JSON parsing"],"fullName":"Contenuti — customFields JSON parsing JSON annidato viene parsato","status":"passed","title":"JSON annidato viene parsato","duration":0.24979800000005525,"failureMessages":[],"meta":{}},{"ancestorTitles":["Contenuti — publishedAt risoluzione"],"fullName":"Contenuti — publishedAt risoluzione status published senza data → now","status":"passed","title":"status published senza data → now","duration":0.38227500000004966,"failureMessages":[],"meta":{}},{"ancestorTitles":["Contenuti — publishedAt risoluzione"],"fullName":"Contenuti — publishedAt risoluzione status published con data specifica","status":"passed","title":"status published con data specifica","duration":0.2315529999999626,"failureMessages":[],"meta":{}},{"ancestorTitles":["Contenuti — publishedAt risoluzione"],"fullName":"Contenuti — publishedAt risoluzione status draft senza data → null","status":"passed","title":"status draft senza data → null","duration":0.13019400000007408,"failureMessages":[],"meta":{}},{"ancestorTitles":["Contenuti — publishedAt risoluzione"],"fullName":"Contenuti — publishedAt risoluzione status draft con data → conserva la data","status":"passed","title":"status draft con data → conserva la data","duration":0.16743299999995997,"failureMessages":[],"meta":{}}],"startTime":1777222153595,"endTime":1777222153607.3823,"status":"passed","message":"","name":"/home/runner/work/librolo/librolo/tests/app/contenuti.test.ts"},{"assertionResults":[{"ancestorTitles":["SEO schema — pathname"],"fullName":"SEO schema — pathname accetta pathname che inizia con /","status":"passed","title":"accetta pathname che inizia con /","duration":3.059934999999996,"failureMessages":[],"meta":{}},{"ancestorTitles":["SEO schema — pathname"],"fullName":"SEO schema — pathname rifiuta pathname senza /","status":"passed","title":"rifiuta pathname senza /","duration":0.6232860000000073,"failureMessages":[],"meta":{}},{"ancestorTitles":["SEO schema — pathname"],"fullName":"SEO schema — pathname rifiuta pathname vuoto","status":"passed","title":"rifiuta pathname vuoto","duration":0.5931699999999864,"failureMessages":[],"meta":{}},{"ancestorTitles":["SEO schema — pathname"],"fullName":"SEO schema — pathname accetta pathname con sottocartelle /blog/post-1","status":"passed","title":"accetta pathname con sottocartelle /blog/post-1","duration":0.20956200000000536,"failureMessages":[],"meta":{}},{"ancestorTitles":["SEO schema — label"],"fullName":"SEO schema — label rifiuta label vuota","status":"passed","title":"rifiuta label vuota","duration":0.38887799999997696,"failureMessages":[],"meta":{}},{"ancestorTitles":["SEO schema — label"],"fullName":"SEO schema — label rifiuta label oltre 100 caratteri","status":"passed","title":"rifiuta label oltre 100 caratteri","duration":0.30381900000008955,"failureMessages":[],"meta":{}},{"ancestorTitles":["SEO schema — label"],"fullName":"SEO schema — label accetta label di esattamente 100 caratteri","status":"passed","title":"accetta label di esattamente 100 caratteri","duration":0.16723300000001018,"failureMessages":[],"meta":{}},{"ancestorTitles":["SEO schema — title & description"],"fullName":"SEO schema — title & description rifiuta title oltre 70 caratteri","status":"passed","title":"rifiuta title oltre 70 caratteri","duration":0.241380999999933,"failureMessages":[],"meta":{}},{"ancestorTitles":["SEO schema — title & description"],"fullName":"SEO schema — title & description accetta title di esattamente 70 caratteri","status":"passed","title":"accetta title di esattamente 70 caratteri","duration":0.3539219999998977,"failureMessages":[],"meta":{}},{"ancestorTitles":["SEO schema — title & description"],"fullName":"SEO schema — title & description rifiuta description oltre 160 caratteri","status":"passed","title":"rifiuta description oltre 160 caratteri","duration":0.2892810000000736,"failureMessages":[],"meta":{}},{"ancestorTitles":["SEO schema — title & description"],"fullName":"SEO schema — title & description accetta description di esattamente 160 caratteri","status":"passed","title":"accetta description di esattamente 160 caratteri","duration":0.22554199999990487,"failureMessages":[],"meta":{}},{"ancestorTitles":["SEO schema — ogImage"],"fullName":"SEO schema — ogImage accetta stringa vuota come ogImage","status":"passed","title":"accetta stringa vuota come ogImage","duration":0.4014000000000806,"failureMessages":[],"meta":{}},{"ancestorTitles":["SEO schema — ogImage"],"fullName":"SEO schema — ogImage accetta URL https valido come ogImage","status":"passed","title":"accetta URL https valido come ogImage","duration":0.7108909999999469,"failureMessages":[],"meta":{}},{"ancestorTitles":["SEO schema — ogImage"],"fullName":"SEO schema — ogImage rifiuta stringa non-URL come ogImage","status":"passed","title":"rifiuta stringa non-URL come ogImage","duration":0.6197189999999182,"failureMessages":[],"meta":{}},{"ancestorTitles":["SEO schema — robots"],"fullName":"SEO schema — robots trasforma '' in null","status":"passed","title":"trasforma '' in null","duration":0.26943499999993037,"failureMessages":[],"meta":{}},{"ancestorTitles":["SEO schema — robots"],"fullName":"SEO schema — robots accetta 'noindex,nofollow'","status":"passed","title":"accetta 'noindex,nofollow'","duration":0.2937089999999216,"failureMessages":[],"meta":{}},{"ancestorTitles":["SEO schema — robots"],"fullName":"SEO schema — robots accetta 'noindex,follow'","status":"passed","title":"accetta 'noindex,follow'","duration":0.24713299999996252,"failureMessages":[],"meta":{}},{"ancestorTitles":["SEO schema — robots"],"fullName":"SEO schema — robots rifiuta valore robots non previsto","status":"passed","title":"rifiuta valore robots non previsto","duration":0.27181800000005296,"failureMessages":[],"meta":{}},{"ancestorTitles":["SEO schema — jsonLd"],"fullName":"SEO schema — jsonLd jsonLdEnabled default false","status":"passed","title":"jsonLdEnabled default false","duration":0.24661200000002736,"failureMessages":[],"meta":{}},{"ancestorTitles":["SEO schema — jsonLd"],"fullName":"SEO schema — jsonLd accetta jsonLdEnabled true con jsonLdType","status":"passed","title":"accetta jsonLdEnabled true con jsonLdType","duration":0.1983510000000024,"failureMessages":[],"meta":{}},{"ancestorTitles":["SEO schema — jsonLd"],"fullName":"SEO schema — jsonLd accetta jsonLdType null","status":"passed","title":"accetta jsonLdType null","duration":0.11555599999996957,"failureMessages":[],"meta":{}},{"ancestorTitles":["SEO schema — og fields"],"fullName":"SEO schema — og fields rifiuta ogTitle oltre 70 caratteri","status":"passed","title":"rifiuta ogTitle oltre 70 caratteri","duration":0.296654999999987,"failureMessages":[],"meta":{}},{"ancestorTitles":["SEO schema — og fields"],"fullName":"SEO schema — og fields rifiuta ogDescription oltre 200 caratteri","status":"passed","title":"rifiuta ogDescription oltre 200 caratteri","duration":0.30379900000002635,"failureMessages":[],"meta":{}},{"ancestorTitles":["SEO schema — og fields"],"fullName":"SEO schema — og fields accetta ogDescription di esattamente 200 caratteri","status":"passed","title":"accetta ogDescription di esattamente 200 caratteri","duration":0.12171699999998964,"failureMessages":[],"meta":{}}],"startTime":1777222154377,"endTime":1777222154389.1218,"status":"passed","message":"","name":"/home/runner/work/librolo/librolo/tests/app/seo.test.ts"},{"assertionResults":[{"ancestorTitles":["signUpAction — flusso end-to-end","Happy path"],"fullName":"signUpAction — flusso end-to-end Happy path completa la registrazione e fa redirect a /verify-email","status":"passed","title":"completa la registrazione e fa redirect a /verify-email","duration":191.2889650000002,"failureMessages":[],"meta":{}},{"ancestorTitles":["signUpAction — flusso end-to-end","Happy path"],"fullName":"signUpAction — flusso end-to-end Happy path chiama hashPassword con la password fornita","status":"passed","title":"chiama hashPassword con la password fornita","duration":2.535865000000058,"failureMessages":[],"meta":{}},{"ancestorTitles":["signUpAction — flusso end-to-end","Happy path"],"fullName":"signUpAction — flusso end-to-end Happy path aggiunge email al Bloom filter dopo l'insert","status":"passed","title":"aggiunge email al Bloom filter dopo l'insert","duration":0.8965369999998529,"failureMessages":[],"meta":{}},{"ancestorTitles":["signUpAction — flusso end-to-end","Happy path"],"fullName":"signUpAction — flusso end-to-end Happy path aggiunge username al Bloom filter dopo l'insert","status":"passed","title":"aggiunge username al Bloom filter dopo l'insert","duration":0.903831000000082,"failureMessages":[],"meta":{}},{"ancestorTitles":["signUpAction — flusso end-to-end","Happy path"],"fullName":"signUpAction — flusso end-to-end Happy path invia email di verifica con email, OTP e firstName","status":"passed","title":"invia email di verifica con email, OTP e firstName","duration":1.0105409999998756,"failureMessages":[],"meta":{}},{"ancestorTitles":["signUpAction — flusso end-to-end","Happy path"],"fullName":"signUpAction — flusso end-to-end Happy path imposta cookie pending_verification_user_id con httpOnly","status":"passed","title":"imposta cookie pending_verification_user_id con httpOnly","duration":0.8183010000000195,"failureMessages":[],"meta":{}},{"ancestorTitles":["signUpAction — flusso end-to-end","Happy path"],"fullName":"signUpAction — flusso end-to-end Happy path accetta registrazione con acceptMarketing=on","status":"passed","title":"accetta registrazione con acceptMarketing=on","duration":0.6271330000001853,"failureMessages":[],"meta":{}},{"ancestorTitles":["signUpAction — flusso end-to-end","Registrazioni disabilitate"],"fullName":"signUpAction — flusso end-to-end Registrazioni disabilitate restituisce errore se registrations_enabled=false","status":"passed","title":"restituisce errore se registrations_enabled=false","duration":0.7497630000000299,"failureMessages":[],"meta":{}},{"ancestorTitles":["signUpAction — flusso end-to-end","Rate limiting"],"fullName":"signUpAction — flusso end-to-end Rate limiting blocca se checkSignupRateLimit è blocked","status":"passed","title":"blocca se checkSignupRateLimit è blocked","duration":0.606063999999833,"failureMessages":[],"meta":{}},{"ancestorTitles":["signUpAction — flusso end-to-end","Blacklists"],"fullName":"signUpAction — flusso end-to-end Blacklists blocca IP nella blacklist","status":"passed","title":"blocca IP nella blacklist","duration":0.5907849999998689,"failureMessages":[],"meta":{}},{"ancestorTitles":["signUpAction — flusso end-to-end","Blacklists"],"fullName":"signUpAction — flusso end-to-end Blacklists blocca dominio email nella blacklist","status":"passed","title":"blocca dominio email nella blacklist","duration":0.6019659999999476,"failureMessages":[],"meta":{}},{"ancestorTitles":["signUpAction — flusso end-to-end","Blacklists"],"fullName":"signUpAction — flusso end-to-end Blacklists blocca username nella blacklist","status":"passed","title":"blocca username nella blacklist","duration":0.4515049999999974,"failureMessages":[],"meta":{}},{"ancestorTitles":["signUpAction — flusso end-to-end","Bloom filter guards"],"fullName":"signUpAction — flusso end-to-end Bloom filter guards restituisce errore se email già registrata","status":"passed","title":"restituisce errore se email già registrata","duration":0.5394490000001042,"failureMessages":[],"meta":{}},{"ancestorTitles":["signUpAction — flusso end-to-end","Bloom filter guards"],"fullName":"signUpAction — flusso end-to-end Bloom filter guards restituisce errore se username già in uso","status":"passed","title":"restituisce errore se username già in uso","duration":0.9078850000000784,"failureMessages":[],"meta":{}},{"ancestorTitles":["signUpAction — flusso end-to-end","Race conditions"],"fullName":"signUpAction — flusso end-to-end Race conditions gestisce race condition su email (unique constraint users) → recordSignupAttempt","status":"passed","title":"gestisce race condition su email (unique constraint users) → recordSignupAttempt","duration":1.1793170000000828,"failureMessages":[],"meta":{}},{"ancestorTitles":["signUpAction — flusso end-to-end","Race conditions"],"fullName":"signUpAction — flusso end-to-end Race conditions gestisce race condition su username (unique constraint userProfiles) → elimina user orfano + recordSignupAttempt","status":"passed","title":"gestisce race condition su username (unique constraint userProfiles) → elimina user orfano + recordSignupAttempt","duration":0.9482840000000579,"failureMessages":[],"meta":{}},{"ancestorTitles":["signUpAction — flusso end-to-end","Email verification fallback"],"fullName":"signUpAction — flusso end-to-end Email verification fallback non interrompe il flusso se sendSignupVerificationEmail fallisce","status":"passed","title":"non interrompe il flusso se sendSignupVerificationEmail fallisce","duration":12.82389400000011,"failureMessages":[],"meta":{}},{"ancestorTitles":["signUpAction — flusso end-to-end","Validazione schema"],"fullName":"signUpAction — flusso end-to-end Validazione schema rifiuta firstName vuoto prima di qualsiasi chiamata server","status":"passed","title":"rifiuta firstName vuoto prima di qualsiasi chiamata server","duration":1.0248779999999442,"failureMessages":[],"meta":{}},{"ancestorTitles":["signUpAction — flusso end-to-end","Validazione schema"],"fullName":"signUpAction — flusso end-to-end Validazione schema rifiuta password mismatch","status":"passed","title":"rifiuta password mismatch","duration":0.8764299999998002,"failureMessages":[],"meta":{}},{"ancestorTitles":["signUpAction — flusso end-to-end","Validazione schema"],"fullName":"signUpAction — flusso end-to-end Validazione schema rifiuta acceptTerms non spuntato","status":"passed","title":"rifiuta acceptTerms non spuntato","duration":0.7530789999998433,"failureMessages":[],"meta":{}},{"ancestorTitles":["signUpAction — flusso end-to-end","Validazione schema"],"fullName":"signUpAction — flusso end-to-end Validazione schema rifiuta email malformata","status":"passed","title":"rifiuta email malformata","duration":0.9222760000000108,"failureMessages":[],"meta":{}},{"ancestorTitles":["signUpAction — flusso end-to-end","Validazione schema"],"fullName":"signUpAction — flusso end-to-end Validazione schema rifiuta username con caratteri non ammessi","status":"passed","title":"rifiuta username con caratteri non ammessi","duration":0.7799089999998614,"failureMessages":[],"meta":{}}],"startTime":1777222152402,"endTime":1777222152625.78,"status":"passed","message":"","name":"/home/runner/work/librolo/librolo/tests/app/signup-action-e2e.test.ts"},{"assertionResults":[{"ancestorTitles":["Template — slugify"],"fullName":"Template — slugify converte spazi in trattini","status":"passed","title":"converte spazi in trattini","duration":2.1312070000000176,"failureMessages":[],"meta":{}},{"ancestorTitles":["Template — slugify"],"fullName":"Template — slugify lowercasifica tutto","status":"passed","title":"lowercasifica tutto","duration":0.31940800000006675,"failureMessages":[],"meta":{}},{"ancestorTitles":["Template — slugify"],"fullName":"Template — slugify rimuove caratteri speciali","status":"passed","title":"rimuove caratteri speciali","duration":0.24677100000008068,"failureMessages":[],"meta":{}},{"ancestorTitles":["Template — slugify"],"fullName":"Template — slugify collassa spazi multipli in un singolo trattino","status":"passed","title":"collassa spazi multipli in un singolo trattino","duration":0.32479799999998704,"failureMessages":[],"meta":{}},{"ancestorTitles":["Template — slugify"],"fullName":"Template — slugify rimuove trattini iniziali e finali","status":"passed","title":"rimuove trattini iniziali e finali","duration":0.5377159999999321,"failureMessages":[],"meta":{}},{"ancestorTitles":["Template — slugify"],"fullName":"Template — slugify gestisce stringa già valida senza modifiche","status":"passed","title":"gestisce stringa già valida senza modifiche","duration":0.21064400000000205,"failureMessages":[],"meta":{}},{"ancestorTitles":["Template — slugify"],"fullName":"Template — slugify gestisce stringa vuota","status":"passed","title":"gestisce stringa vuota","duration":0.17209200000002056,"failureMessages":[],"meta":{}},{"ancestorTitles":["Template — slugify"],"fullName":"Template — slugify gestisce caratteri accentati italiani","status":"passed","title":"gestisce caratteri accentati italiani","duration":0.23211400000002413,"failureMessages":[],"meta":{}},{"ancestorTitles":["Template — slugify"],"fullName":"Template — slugify underscore vengono convertiti in trattino","status":"passed","title":"underscore vengono convertiti in trattino","duration":0.33051799999998366,"failureMessages":[],"meta":{}},{"ancestorTitles":["Template — allowedChildTemplateIds parsing"],"fullName":"Template — allowedChildTemplateIds parsing null → array vuoto","status":"passed","title":"null → array vuoto","duration":1.0216810000000578,"failureMessages":[],"meta":{}},{"ancestorTitles":["Template — allowedChildTemplateIds parsing"],"fullName":"Template — allowedChildTemplateIds parsing stringa vuota → array vuoto","status":"passed","title":"stringa vuota → array vuoto","duration":0.2558680000000777,"failureMessages":[],"meta":{}},{"ancestorTitles":["Template — allowedChildTemplateIds parsing"],"fullName":"Template — allowedChildTemplateIds parsing array numerico valido","status":"passed","title":"array numerico valido","duration":0.2555479999999761,"failureMessages":[],"meta":{}},{"ancestorTitles":["Template — allowedChildTemplateIds parsing"],"fullName":"Template — allowedChildTemplateIds parsing filtra gli zero (falsy)","status":"passed","title":"filtra gli zero (falsy)","duration":0.22627299999999195,"failureMessages":[],"meta":{}},{"ancestorTitles":["Template — allowedChildTemplateIds parsing"],"fullName":"Template — allowedChildTemplateIds parsing converte stringhe numeriche in numeri","status":"passed","title":"converte stringhe numeriche in numeri","duration":0.41994499999998425,"failureMessages":[],"meta":{}},{"ancestorTitles":["Template — allowedChildTemplateIds parsing"],"fullName":"Template — allowedChildTemplateIds parsing JSON non valido → array vuoto","status":"passed","title":"JSON non valido → array vuoto","duration":0.25084000000003925,"failureMessages":[],"meta":{}},{"ancestorTitles":["Template — allowedChildTemplateIds parsing"],"fullName":"Template — allowedChildTemplateIds parsing JSON non array (oggetto) → array vuoto","status":"passed","title":"JSON non array (oggetto) → array vuoto","duration":0.19037600000001476,"failureMessages":[],"meta":{}},{"ancestorTitles":["Template — allowedChildTemplateIds parsing"],"fullName":"Template — allowedChildTemplateIds parsing array misto con NaN viene filtrato","status":"passed","title":"array misto con NaN viene filtrato","duration":0.22790599999996175,"failureMessages":[],"meta":{}},{"ancestorTitles":["Template — styleConfig"],"fullName":"Template — styleConfig valori default corretti","status":"passed","title":"valori default corretti","duration":0.4012109999999893,"failureMessages":[],"meta":{}},{"ancestorTitles":["Template — styleConfig"],"fullName":"Template — styleConfig override singolo campo","status":"passed","title":"override singolo campo","duration":0.22831700000006094,"failureMessages":[],"meta":{}},{"ancestorTitles":["Template — styleConfig"],"fullName":"Template — styleConfig serializza correttamente in JSON","status":"passed","title":"serializza correttamente in JSON","duration":0.23138300000005074,"failureMessages":[],"meta":{}},{"ancestorTitles":["Template — styleConfig"],"fullName":"Template — styleConfig JSON.stringify → JSON.parse è idempotente","status":"passed","title":"JSON.stringify → JSON.parse è idempotente","duration":0.47521900000003825,"failureMessages":[],"meta":{}},{"ancestorTitles":["Template — styleConfig"],"fullName":"Template — styleConfig colorPrimary null rimane null","status":"passed","title":"colorPrimary null rimane null","duration":0.18097899999997935,"failureMessages":[],"meta":{}},{"ancestorTitles":["Template — styleConfig"],"fullName":"Template — styleConfig accetta colorPrimary come hex valido","status":"passed","title":"accetta colorPrimary come hex valido","duration":0.23708299999998417,"failureMessages":[],"meta":{}},{"ancestorTitles":["Template — fieldsJson parsing"],"fullName":"Template — fieldsJson parsing null → array vuoto","status":"passed","title":"null → array vuoto","duration":0.19605699999999615,"failureMessages":[],"meta":{}},{"ancestorTitles":["Template — fieldsJson parsing"],"fullName":"Template — fieldsJson parsing JSON non valido → array vuoto","status":"passed","title":"JSON non valido → array vuoto","duration":0.21657500000003438,"failureMessages":[],"meta":{}},{"ancestorTitles":["Template — fieldsJson parsing"],"fullName":"Template — fieldsJson parsing array vuoto → array vuoto","status":"passed","title":"array vuoto → array vuoto","duration":0.13609499999995478,"failureMessages":[],"meta":{}},{"ancestorTitles":["Template — fieldsJson parsing"],"fullName":"Template — fieldsJson parsing un campo valido viene parsato","status":"passed","title":"un campo valido viene parsato","duration":1.2462019999999256,"failureMessages":[],"meta":{}},{"ancestorTitles":["Template — fieldsJson parsing"],"fullName":"Template — fieldsJson parsing più campi vengono parsati tutti","status":"passed","title":"più campi vengono parsati tutti","duration":0.29754700000000867,"failureMessages":[],"meta":{}},{"ancestorTitles":["Template — fieldsJson parsing"],"fullName":"Template — fieldsJson parsing JSON oggetto (non array) → array vuoto","status":"passed","title":"JSON oggetto (non array) → array vuoto","duration":0.19334100000003218,"failureMessages":[],"meta":{}},{"ancestorTitles":["Template — fieldsJson parsing"],"fullName":"Template — fieldsJson parsing sortOrder viene preservato","status":"passed","title":"sortOrder viene preservato","duration":0.21081500000002507,"failureMessages":[],"meta":{}},{"ancestorTitles":["Template — validazione name e slug"],"fullName":"Template — validazione name e slug name e slug validi → nessun errore","status":"passed","title":"name e slug validi → nessun errore","duration":0.16616100000010192,"failureMessages":[],"meta":{}},{"ancestorTitles":["Template — validazione name e slug"],"fullName":"Template — validazione name e slug name vuoto → errore","status":"passed","title":"name vuoto → errore","duration":0.13362099999994825,"failureMessages":[],"meta":{}},{"ancestorTitles":["Template — validazione name e slug"],"fullName":"Template — validazione name e slug name solo spazi → errore","status":"passed","title":"name solo spazi → errore","duration":0.13195700000005672,"failureMessages":[],"meta":{}},{"ancestorTitles":["Template — validazione name e slug"],"fullName":"Template — validazione name e slug slug vuoto → errore","status":"passed","title":"slug vuoto → errore","duration":0.13301799999999275,"failureMessages":[],"meta":{}},{"ancestorTitles":["Template — validazione name e slug"],"fullName":"Template — validazione name e slug name oltre 255 caratteri → errore","status":"passed","title":"name oltre 255 caratteri → errore","duration":0.17300399999999172,"failureMessages":[],"meta":{}},{"ancestorTitles":["Template — validazione name e slug"],"fullName":"Template — validazione name e slug name di esattamente 255 caratteri → ok","status":"passed","title":"name di esattamente 255 caratteri → ok","duration":0.14433000000008178,"failureMessages":[],"meta":{}},{"ancestorTitles":["Template — validazione name e slug"],"fullName":"Template — validazione name e slug slug oltre 255 caratteri → errore","status":"passed","title":"slug oltre 255 caratteri → errore","duration":0.15083199999992303,"failureMessages":[],"meta":{}}],"startTime":1777222153568,"endTime":1777222153582.151,"status":"passed","message":"","name":"/home/runner/work/librolo/librolo/tests/app/template.test.ts"},{"assertionResults":[{"ancestorTitles":["Bloom Filter — Email","checkEmailAvailability"],"fullName":"Bloom Filter — Email checkEmailAvailability returns available=true without DB query when all bits are 0 (certainly absent)","status":"passed","title":"returns available=true without DB query when all bits are 0 (certainly absent)","duration":3.2717219999999543,"failureMessages":[],"meta":{}},{"ancestorTitles":["Bloom Filter — Email","checkEmailAvailability"],"fullName":"Bloom Filter — Email checkEmailAvailability returns available=true without DB query when at least one bit is 0","status":"passed","title":"returns available=true without DB query when at least one bit is 0","duration":0.6435739999999441,"failureMessages":[],"meta":{}},{"ancestorTitles":["Bloom Filter — Email","checkEmailAvailability"],"fullName":"Bloom Filter — Email checkEmailAvailability returns available=false when all bits are 1 and DB confirms email exists","status":"passed","title":"returns available=false when all bits are 1 and DB confirms email exists","duration":0.9139589999999771,"failureMessages":[],"meta":{}},{"ancestorTitles":["Bloom Filter — Email","checkEmailAvailability"],"fullName":"Bloom Filter — Email checkEmailAvailability returns available=true when all bits are 1 but DB finds nothing (false positive)","status":"passed","title":"returns available=true when all bits are 1 but DB finds nothing (false positive)","duration":0.4344130000000632,"failureMessages":[],"meta":{}},{"ancestorTitles":["Bloom Filter — Email","checkEmailAvailability"],"fullName":"Bloom Filter — Email checkEmailAvailability normalizes email to lowercase before hashing","status":"passed","title":"normalizes email to lowercase before hashing","duration":2.4549930000000586,"failureMessages":[],"meta":{}},{"ancestorTitles":["Bloom Filter — Email","checkEmailAvailability"],"fullName":"Bloom Filter — Email checkEmailAvailability sends GETBIT commands to the /pipeline endpoint","status":"passed","title":"sends GETBIT commands to the /pipeline endpoint","duration":0.48702099999991333,"failureMessages":[],"meta":{}},{"ancestorTitles":["Bloom Filter — Email","addEmailToBloom"],"fullName":"Bloom Filter — Email addEmailToBloom sends k=7 SETBIT commands via pipeline for a single email","status":"passed","title":"sends k=7 SETBIT commands via pipeline for a single email","duration":1.571470999999974,"failureMessages":[],"meta":{}},{"ancestorTitles":["Bloom Filter — Email","addEmailToBloom"],"fullName":"Bloom Filter — Email addEmailToBloom normalizes email before setting bits (uppercase == lowercase same positions)","status":"passed","title":"normalizes email before setting bits (uppercase == lowercase same positions)","duration":1.1892950000000155,"failureMessages":[],"meta":{}},{"ancestorTitles":["Bloom Filter — Email","addEmailsBulkToBloom"],"fullName":"Bloom Filter — Email addEmailsBulkToBloom sends k*n SETBIT commands for n emails","status":"passed","title":"sends k*n SETBIT commands for n emails","duration":0.6771979999999758,"failureMessages":[],"meta":{}},{"ancestorTitles":["Bloom Filter — Email","addEmailsBulkToBloom"],"fullName":"Bloom Filter — Email addEmailsBulkToBloom normalizes all emails before setting bits","status":"passed","title":"normalizes all emails before setting bits","duration":0.8376769999999851,"failureMessages":[],"meta":{}},{"ancestorTitles":["Bloom Filter — Email","addEmailsBulkToBloom"],"fullName":"Bloom Filter — Email addEmailsBulkToBloom does nothing when given an empty array","status":"passed","title":"does nothing when given an empty array","duration":0.24374599999998736,"failureMessages":[],"meta":{}},{"ancestorTitles":["Bloom Filter — Email","ensureBloomFilter"],"fullName":"Bloom Filter — Email ensureBloomFilter is a no-op (SETBIT auto-creates the key)","status":"passed","title":"is a no-op (SETBIT auto-creates the key)","duration":0.9368529999999282,"failureMessages":[],"meta":{}},{"ancestorTitles":["Bloom Filter — Email","ensureBloomFilter"],"fullName":"Bloom Filter — Email ensureBloomFilter resolves without throwing even if called multiple times","status":"passed","title":"resolves without throwing even if called multiple times","duration":0.44602499999996326,"failureMessages":[],"meta":{}},{"ancestorTitles":["Bloom Filter — Email","Error handling"],"fullName":"Bloom Filter — Email Error handling throws on Upstash HTTP error in pipeline","status":"passed","title":"throws on Upstash HTTP error in pipeline","duration":1.660788000000025,"failureMessages":[],"meta":{}},{"ancestorTitles":["Bloom Filter — Email","Error handling"],"fullName":"Bloom Filter — Email Error handling throws when env vars are missing","status":"passed","title":"throws when env vars are missing","duration":0.5838719999999284,"failureMessages":[],"meta":{}}],"startTime":1777222153432,"endTime":1777222153449.584,"status":"passed","message":"","name":"/home/runner/work/librolo/librolo/tests/bloom/email-filter.test.ts"},{"assertionResults":[{"ancestorTitles":["Bloom Filter — Username","checkUsernameAvailability"],"fullName":"Bloom Filter — Username checkUsernameAvailability returns available=true without DB query when all bits are 0 (certainly absent)","status":"passed","title":"returns available=true without DB query when all bits are 0 (certainly absent)","duration":3.046248999999989,"failureMessages":[],"meta":{}},{"ancestorTitles":["Bloom Filter — Username","checkUsernameAvailability"],"fullName":"Bloom Filter — Username checkUsernameAvailability returns available=true without DB query when at least one bit is 0","status":"passed","title":"returns available=true without DB query when at least one bit is 0","duration":0.5708680000000186,"failureMessages":[],"meta":{}},{"ancestorTitles":["Bloom Filter — Username","checkUsernameAvailability"],"fullName":"Bloom Filter — Username checkUsernameAvailability returns available=false when all bits are 1 and DB confirms username taken","status":"passed","title":"returns available=false when all bits are 1 and DB confirms username taken","duration":0.6015149999998357,"failureMessages":[],"meta":{}},{"ancestorTitles":["Bloom Filter — Username","checkUsernameAvailability"],"fullName":"Bloom Filter — Username checkUsernameAvailability returns available=true when all bits are 1 but DB finds nothing (false positive)","status":"passed","title":"returns available=true when all bits are 1 but DB finds nothing (false positive)","duration":0.3013130000001638,"failureMessages":[],"meta":{}},{"ancestorTitles":["Bloom Filter — Username","checkUsernameAvailability"],"fullName":"Bloom Filter — Username checkUsernameAvailability normalizes username to lowercase and trims whitespace before hashing","status":"passed","title":"normalizes username to lowercase and trims whitespace before hashing","duration":2.222298000000137,"failureMessages":[],"meta":{}},{"ancestorTitles":["Bloom Filter — Username","checkUsernameAvailability"],"fullName":"Bloom Filter — Username checkUsernameAvailability sends GETBIT commands to the /pipeline endpoint targeting bloom:usernames","status":"passed","title":"sends GETBIT commands to the /pipeline endpoint targeting bloom:usernames","duration":0.7919409999999516,"failureMessages":[],"meta":{}},{"ancestorTitles":["Bloom Filter — Username","checkUsernameAvailability"],"fullName":"Bloom Filter — Username checkUsernameAvailability does NOT target bloom:emails key (key isolation)","status":"passed","title":"does NOT target bloom:emails key (key isolation)","duration":1.442007999999987,"failureMessages":[],"meta":{}},{"ancestorTitles":["Bloom Filter — Username","addUsernameToBloom"],"fullName":"Bloom Filter — Username addUsernameToBloom sends k=7 SETBIT commands via pipeline targeting bloom:usernames","status":"passed","title":"sends k=7 SETBIT commands via pipeline targeting bloom:usernames","duration":1.5427259999999023,"failureMessages":[],"meta":{}},{"ancestorTitles":["Bloom Filter — Username","addUsernameToBloom"],"fullName":"Bloom Filter — Username addUsernameToBloom does NOT target bloom:emails key (key isolation)","status":"passed","title":"does NOT target bloom:emails key (key isolation)","duration":1.7680480000001353,"failureMessages":[],"meta":{}},{"ancestorTitles":["Bloom Filter — Username","addUsernameToBloom"],"fullName":"Bloom Filter — Username addUsernameToBloom normalization: uppercase and lowercase produce identical bit positions","status":"passed","title":"normalization: uppercase and lowercase produce identical bit positions","duration":0.6704540000000634,"failureMessages":[],"meta":{}},{"ancestorTitles":["Bloom Filter — Username","addUsernameToBloom"],"fullName":"Bloom Filter — Username addUsernameToBloom normalization: leading/trailing spaces are ignored","status":"passed","title":"normalization: leading/trailing spaces are ignored","duration":0.5310440000000654,"failureMessages":[],"meta":{}},{"ancestorTitles":["Bloom Filter — Username","Redis fallback (Redis unavailable)"],"fullName":"Bloom Filter — Username Redis fallback (Redis unavailable) falls back to DB when Redis is down and returns available=false if username taken","status":"passed","title":"falls back to DB when Redis is down and returns available=false if username taken","duration":8.927774,"failureMessages":[],"meta":{}},{"ancestorTitles":["Bloom Filter — Username","Redis fallback (Redis unavailable)"],"fullName":"Bloom Filter — Username Redis fallback (Redis unavailable) falls back to DB when Redis is down and returns available=true if username free","status":"passed","title":"falls back to DB when Redis is down and returns available=true if username free","duration":1.10621900000001,"failureMessages":[],"meta":{}},{"ancestorTitles":["Bloom Filter — Username","ensureBloomFilter"],"fullName":"Bloom Filter — Username ensureBloomFilter is a no-op (SETBIT auto-creates both keys)","status":"passed","title":"is a no-op (SETBIT auto-creates both keys)","duration":1.1467649999999594,"failureMessages":[],"meta":{}},{"ancestorTitles":["Bloom Filter — Username","ensureBloomFilter"],"fullName":"Bloom Filter — Username ensureBloomFilter resolves without throwing even if called multiple times","status":"passed","title":"resolves without throwing even if called multiple times","duration":0.4236529999998311,"failureMessages":[],"meta":{}},{"ancestorTitles":["Bloom Filter — Username","Error handling"],"fullName":"Bloom Filter — Username Error handling throws on Upstash HTTP error in pipeline","status":"passed","title":"throws on Upstash HTTP error in pipeline","duration":1.3295180000000073,"failureMessages":[],"meta":{}},{"ancestorTitles":["Bloom Filter — Username","Error handling"],"fullName":"Bloom Filter — Username Error handling throws when credentials are missing","status":"passed","title":"throws when credentials are missing","duration":0.4735960000000432,"failureMessages":[],"meta":{}}],"startTime":1777222152411,"endTime":1777222152439.4736,"status":"passed","message":"","name":"/home/runner/work/librolo/librolo/tests/bloom/username-filter.test.ts"},{"assertionResults":[{"ancestorTitles":["SimpleButton component"],"fullName":"SimpleButton component renderizza correttamente con label","status":"passed","title":"renderizza correttamente con label","duration":71.84314900000004,"failureMessages":[],"meta":{}},{"ancestorTitles":["SimpleButton component"],"fullName":"SimpleButton component è disabilitato quando disabled=true","status":"passed","title":"è disabilitato quando disabled=true","duration":6.450322000000142,"failureMessages":[],"meta":{}},{"ancestorTitles":["Badge component"],"fullName":"Badge component renderizza badge Pubblicato con variante success","status":"passed","title":"renderizza badge Pubblicato con variante success","duration":7.73835999999983,"failureMessages":[],"meta":{}},{"ancestorTitles":["Badge component"],"fullName":"Badge component renderizza badge Bozza con variante warning","status":"passed","title":"renderizza badge Bozza con variante warning","duration":5.135590999999977,"failureMessages":[],"meta":{}},{"ancestorTitles":["Badge component"],"fullName":"Badge component renderizza badge Errore con variante error","status":"passed","title":"renderizza badge Errore con variante error","duration":7.45064699999989,"failureMessages":[],"meta":{}}],"startTime":1777222155740,"endTime":1777222155839.4507,"status":"passed","message":"","name":"/home/runner/work/librolo/librolo/tests/components/ui-smoke.test.tsx"},{"assertionResults":[{"ancestorTitles":["session.ts","hashPassword / comparePasswords"],"fullName":"session.ts hashPassword / comparePasswords produce un hash diverso dalla password originale","status":"passed","title":"produce un hash diverso dalla password originale","duration":204.25716599999993,"failureMessages":[],"meta":{}},{"ancestorTitles":["session.ts","hashPassword / comparePasswords"],"fullName":"session.ts hashPassword / comparePasswords due hash della stessa password sono diversi (salt)","status":"passed","title":"due hash della stessa password sono diversi (salt)","duration":187.83317599999998,"failureMessages":[],"meta":{}},{"ancestorTitles":["session.ts","hashPassword / comparePasswords"],"fullName":"session.ts hashPassword / comparePasswords comparePasswords ritorna true per password corretta","status":"passed","title":"comparePasswords ritorna true per password corretta","duration":176.90783399999998,"failureMessages":[],"meta":{}},{"ancestorTitles":["session.ts","hashPassword / comparePasswords"],"fullName":"session.ts hashPassword / comparePasswords comparePasswords ritorna false per password sbagliata","status":"passed","title":"comparePasswords ritorna false per password sbagliata","duration":167.75904600000013,"failureMessages":[],"meta":{}},{"ancestorTitles":["session.ts","signToken / verifyToken"],"fullName":"session.ts signToken / verifyToken signa e verifica un token valido","status":"passed","title":"signa e verifica un token valido","duration":4.93676900000014,"failureMessages":[],"meta":{}},{"ancestorTitles":["session.ts","signToken / verifyToken"],"fullName":"session.ts signToken / verifyToken verifyToken fallisce su token malformato","status":"passed","title":"verifyToken fallisce su token malformato","duration":1.835745999999972,"failureMessages":[],"meta":{}},{"ancestorTitles":["session.ts","signToken / verifyToken"],"fullName":"session.ts signToken / verifyToken verifyToken fallisce su stringa vuota","status":"passed","title":"verifyToken fallisce su stringa vuota","duration":0.6461790000000747,"failureMessages":[],"meta":{}},{"ancestorTitles":["otp.ts","generateOtpCode"],"fullName":"otp.ts generateOtpCode genera un codice di esattamente 6 cifre","status":"passed","title":"genera un codice di esattamente 6 cifre","duration":60.92837899999995,"failureMessages":[],"meta":{}},{"ancestorTitles":["otp.ts","generateOtpCode"],"fullName":"otp.ts generateOtpCode genera codici diversi ad ogni chiamata","status":"passed","title":"genera codici diversi ad ogni chiamata","duration":0.8550500000001193,"failureMessages":[],"meta":{}},{"ancestorTitles":["otp.ts","generateOtpCode"],"fullName":"otp.ts generateOtpCode il codice e sempre compreso tra 100000 e 999999","status":"passed","title":"il codice e sempre compreso tra 100000 e 999999","duration":1.6352099999999155,"failureMessages":[],"meta":{}},{"ancestorTitles":["otp.ts","verifyOtpCode -- logica dominio (mock DB)"],"fullName":"otp.ts verifyOtpCode -- logica dominio (mock DB) rifiuta se nessun record trovato (codice non esiste)","status":"passed","title":"rifiuta se nessun record trovato (codice non esiste)","duration":1.0305489999998372,"failureMessages":[],"meta":{}},{"ancestorTitles":["otp.ts","verifyOtpCode -- logica dominio (mock DB)"],"fullName":"otp.ts verifyOtpCode -- logica dominio (mock DB) rifiuta codice scaduto","status":"passed","title":"rifiuta codice scaduto","duration":0.6598850000000311,"failureMessages":[],"meta":{}},{"ancestorTitles":["otp.ts","verifyOtpCode -- logica dominio (mock DB)"],"fullName":"otp.ts verifyOtpCode -- logica dominio (mock DB) rifiuta codice errato e incrementa attempts","status":"passed","title":"rifiuta codice errato e incrementa attempts","duration":0.8590679999999793,"failureMessages":[],"meta":{}},{"ancestorTitles":["otp.ts","verifyOtpCode -- logica dominio (mock DB)"],"fullName":"otp.ts verifyOtpCode -- logica dominio (mock DB) non chiama update su codice corretto (elimina direttamente)","status":"passed","title":"non chiama update su codice corretto (elimina direttamente)","duration":1.056728000000021,"failureMessages":[],"meta":{}},{"ancestorTitles":["otp.ts","verifyOtpCode -- logica dominio (mock DB)"],"fullName":"otp.ts verifyOtpCode -- logica dominio (mock DB) blocca e invalida il record quando attempts >= MAX_OTP_ATTEMPTS","status":"passed","title":"blocca e invalida il record quando attempts >= MAX_OTP_ATTEMPTS","duration":0.8138730000000578,"failureMessages":[],"meta":{}},{"ancestorTitles":["otp.ts","verifyOtpCode -- logica dominio (mock DB)"],"fullName":"otp.ts verifyOtpCode -- logica dominio (mock DB) blocca anche con attempts > MAX_OTP_ATTEMPTS (over-limit)","status":"passed","title":"blocca anche con attempts > MAX_OTP_ATTEMPTS (over-limit)","duration":0.7326319999999669,"failureMessages":[],"meta":{}},{"ancestorTitles":["otp.ts","verifyOtpCode -- logica dominio (mock DB)"],"fullName":"otp.ts verifyOtpCode -- logica dominio (mock DB) al tentativo (MAX-1) non blocca ancora, incrementa","status":"passed","title":"al tentativo (MAX-1) non blocca ancora, incrementa","duration":0.7572779999998147,"failureMessages":[],"meta":{}},{"ancestorTitles":["password-reset.ts"],"fullName":"password-reset.ts rifiuta token inesistente (DB ritorna [])","status":"passed","title":"rifiuta token inesistente (DB ritorna [])","duration":6.348891999999978,"failureMessages":[],"meta":{}},{"ancestorTitles":["password-reset.ts"],"fullName":"password-reset.ts rifiuta token scaduto","status":"passed","title":"rifiuta token scaduto","duration":0.5880510000001777,"failureMessages":[],"meta":{}},{"ancestorTitles":["password-reset.ts"],"fullName":"password-reset.ts token valido: ritorna userId e lo elimina atomicamente","status":"passed","title":"token valido: ritorna userId e lo elimina atomicamente","duration":0.57511599999998,"failureMessages":[],"meta":{}},{"ancestorTitles":["password-reset.ts"],"fullName":"password-reset.ts token valido: delete non chiamata due volte se caller invoca anche deletePasswordResetToken","status":"passed","title":"token valido: delete non chiamata due volte se caller invoca anche deletePasswordResetToken","duration":0.5744550000001709,"failureMessages":[],"meta":{}},{"ancestorTitles":["rate-limit.ts -- checkGeneralRateLimit (DB-based)"],"fullName":"rate-limit.ts -- checkGeneralRateLimit (DB-based) non bloccata se DB non ha tentativi (count=0)","status":"passed","title":"non bloccata se DB non ha tentativi (count=0)","duration":10.850516999999854,"failureMessages":[],"meta":{}},{"ancestorTitles":["rate-limit.ts -- checkGeneralRateLimit (DB-based)"],"fullName":"rate-limit.ts -- checkGeneralRateLimit (DB-based) non bloccata se tentativi < max","status":"passed","title":"non bloccata se tentativi < max","duration":0.6715669999998681,"failureMessages":[],"meta":{}},{"ancestorTitles":["rate-limit.ts -- checkGeneralRateLimit (DB-based)"],"fullName":"rate-limit.ts -- checkGeneralRateLimit (DB-based) bloccata se tentativi === max","status":"passed","title":"bloccata se tentativi === max","duration":0.6525409999999283,"failureMessages":[],"meta":{}},{"ancestorTitles":["rate-limit.ts -- checkGeneralRateLimit (DB-based)"],"fullName":"rate-limit.ts -- checkGeneralRateLimit (DB-based) bloccata se tentativi > max","status":"passed","title":"bloccata se tentativi > max","duration":0.6545849999999973,"failureMessages":[],"meta":{}},{"ancestorTitles":["rate-limit.ts -- checkGeneralRateLimit (DB-based)"],"fullName":"rate-limit.ts -- checkGeneralRateLimit (DB-based) remaining non scende mai sotto zero","status":"passed","title":"remaining non scende mai sotto zero","duration":0.6039610000000266,"failureMessages":[],"meta":{}},{"ancestorTitles":["rate-limit.ts -- checkGeneralRateLimit (DB-based)"],"fullName":"rate-limit.ts -- checkGeneralRateLimit (DB-based) recordGeneralAttempt chiama db.insert().values() con ip marker corretto","status":"passed","title":"recordGeneralAttempt chiama db.insert().values() con ip marker corretto","duration":2.1479799999999614,"failureMessages":[],"meta":{}},{"ancestorTitles":["Auth input validation (unit)"],"fullName":"Auth input validation (unit) rifiuta password vuota","status":"passed","title":"rifiuta password vuota","duration":0.360053999999991,"failureMessages":[],"meta":{}},{"ancestorTitles":["Auth input validation (unit)"],"fullName":"Auth input validation (unit) rifiuta email vuota","status":"passed","title":"rifiuta email vuota","duration":0.30232599999999366,"failureMessages":[],"meta":{}},{"ancestorTitles":["Auth input validation (unit)"],"fullName":"Auth input validation (unit) rifiuta email non valida","status":"passed","title":"rifiuta email non valida","duration":0.35239900000010493,"failureMessages":[],"meta":{}},{"ancestorTitles":["Auth input validation (unit)"],"fullName":"Auth input validation (unit) rifiuta password troppo corta (<8 caratteri)","status":"passed","title":"rifiuta password troppo corta (<8 caratteri)","duration":0.3429620000001705,"failureMessages":[],"meta":{}},{"ancestorTitles":["Auth input validation (unit)"],"fullName":"Auth input validation (unit) accetta credenziali valide","status":"passed","title":"accetta credenziali valide","duration":0.4385109999998349,"failureMessages":[],"meta":{}},{"ancestorTitles":["Auth input validation (unit)"],"fullName":"Auth input validation (unit) normalizza email (lowercase + trim)","status":"passed","title":"normalizza email (lowercase + trim)","duration":0.4073719999998957,"failureMessages":[],"meta":{}},{"ancestorTitles":["queries.ts -- getUser con JWT non valido"],"fullName":"queries.ts -- getUser con JWT non valido ritorna null su token malformato (non crasha)","status":"passed","title":"ritorna null su token malformato (non crasha)","duration":13.40705099999991,"failureMessages":[],"meta":{}},{"ancestorTitles":["queries.ts -- getUser con JWT non valido"],"fullName":"queries.ts -- getUser con JWT non valido ritorna null su token con firma alterata","status":"passed","title":"ritorna null su token con firma alterata","duration":10.173960999999963,"failureMessages":[],"meta":{}},{"ancestorTitles":["queries.ts -- getUser con JWT non valido"],"fullName":"queries.ts -- getUser con JWT non valido ritorna null su cookie assente (get ritorna undefined)","status":"passed","title":"ritorna null su cookie assente (get ritorna undefined)","duration":8.20949399999995,"failureMessages":[],"meta":{}}],"startTime":1777222156302,"endTime":1777222157174.2095,"status":"passed","message":"","name":"/home/runner/work/librolo/librolo/tests/lib/auth.test.ts"},{"assertionResults":[{"ancestorTitles":["rate-limit.ts -- checkRateLimit (soglie dal DB)"],"fullName":"rate-limit.ts -- checkRateLimit (soglie dal DB) blocca l'IP quando i tentativi superano maxAttempts dal DB","status":"passed","title":"blocca l'IP quando i tentativi superano maxAttempts dal DB","duration":67.59227099999998,"failureMessages":[],"meta":{}},{"ancestorTitles":["rate-limit.ts -- checkRateLimit (soglie dal DB)"],"fullName":"rate-limit.ts -- checkRateLimit (soglie dal DB) non blocca se i tentativi sono sotto la soglia","status":"passed","title":"non blocca se i tentativi sono sotto la soglia","duration":11.15199100000001,"failureMessages":[],"meta":{}},{"ancestorTitles":["rate-limit.ts -- checkRateLimit (soglie dal DB)"],"fullName":"rate-limit.ts -- checkRateLimit (soglie dal DB) non blocca se tentativi === 0","status":"passed","title":"non blocca se tentativi === 0","duration":7.831486000000041,"failureMessages":[],"meta":{}},{"ancestorTitles":["rate-limit.ts -- checkRateLimit (soglie dal DB)"],"fullName":"rate-limit.ts -- checkRateLimit (soglie dal DB) blocca sempre se l'IP è in blacklist, indipendentemente dai tentativi","status":"passed","title":"blocca sempre se l'IP è in blacklist, indipendentemente dai tentativi","duration":6.289892000000009,"failureMessages":[],"meta":{}},{"ancestorTitles":["rate-limit.ts -- checkRateLimit (soglie dal DB)"],"fullName":"rate-limit.ts -- checkRateLimit (soglie dal DB) remaining non scende mai sotto zero","status":"passed","title":"remaining non scende mai sotto zero","duration":6.341768999999999,"failureMessages":[],"meta":{}},{"ancestorTitles":["rate-limit.ts -- azioni admin IP"],"fullName":"rate-limit.ts -- azioni admin IP unblockIp chiama db.delete() una volta","status":"passed","title":"unblockIp chiama db.delete() una volta","duration":12.26497500000005,"failureMessages":[],"meta":{}},{"ancestorTitles":["rate-limit.ts -- azioni admin IP"],"fullName":"rate-limit.ts -- azioni admin IP blacklistIp chiama db.insert().values().onConflictDoNothing()","status":"passed","title":"blacklistIp chiama db.insert().values().onConflictDoNothing()","duration":10.989756999999997,"failureMessages":[],"meta":{}},{"ancestorTitles":["rate-limit.ts -- azioni admin IP"],"fullName":"rate-limit.ts -- azioni admin IP blacklistIp funziona anche senza reason","status":"passed","title":"blacklistIp funziona anche senza reason","duration":7.726159999999993,"failureMessages":[],"meta":{}},{"ancestorTitles":["rate-limit.ts -- azioni admin IP"],"fullName":"rate-limit.ts -- azioni admin IP removeFromBlacklist chiama db.delete() una volta","status":"passed","title":"removeFromBlacklist chiama db.delete() una volta","duration":6.8972179999999526,"failureMessages":[],"meta":{}},{"ancestorTitles":["Bruteforce config — validazione Zod"],"fullName":"Bruteforce config — validazione Zod accetta valori validi","status":"passed","title":"accetta valori validi","duration":2.4364400000000046,"failureMessages":[],"meta":{}},{"ancestorTitles":["Bruteforce config — validazione Zod"],"fullName":"Bruteforce config — validazione Zod rifiuta bf_signin_max = 0","status":"passed","title":"rifiuta bf_signin_max = 0","duration":1.2290399999999977,"failureMessages":[],"meta":{}},{"ancestorTitles":["Bruteforce config — validazione Zod"],"fullName":"Bruteforce config — validazione Zod rifiuta bf_signin_max > 100","status":"passed","title":"rifiuta bf_signin_max > 100","duration":0.7233739999999784,"failureMessages":[],"meta":{}},{"ancestorTitles":["Bruteforce config — validazione Zod"],"fullName":"Bruteforce config — validazione Zod rifiuta bf_window_minutes > 1440 (più di 24h)","status":"passed","title":"rifiuta bf_window_minutes > 1440 (più di 24h)","duration":0.5957950000000096,"failureMessages":[],"meta":{}},{"ancestorTitles":["Bruteforce config — validazione Zod"],"fullName":"Bruteforce config — validazione Zod rifiuta bf_lockout_minutes > 10080 (più di 7 giorni)","status":"passed","title":"rifiuta bf_lockout_minutes > 10080 (più di 7 giorni)","duration":0.7730870000000323,"failureMessages":[],"meta":{}}],"startTime":1777222156659,"endTime":1777222156801.7732,"status":"passed","message":"","name":"/home/runner/work/librolo/librolo/tests/lib/bruteforce.test.ts"},{"assertionResults":[{"ancestorTitles":["checkSignupRateLimit — Redis L1"],"fullName":"checkSignupRateLimit — Redis L1 non blocca quando Redis risponde con count < max (remaining corretto)","status":"passed","title":"non blocca quando Redis risponde con count < max (remaining corretto)","duration":139.89732000000004,"failureMessages":[],"meta":{}},{"ancestorTitles":["checkSignupRateLimit — Redis L1"],"fullName":"checkSignupRateLimit — Redis L1 blocca quando Redis risponde con count >= max","status":"passed","title":"blocca quando Redis risponde con count >= max","duration":7.36190600000009,"failureMessages":[],"meta":{}},{"ancestorTitles":["checkSignupRateLimit — Redis L1"],"fullName":"checkSignupRateLimit — Redis L1 blocca oltre il limite (count > max)","status":"passed","title":"blocca oltre il limite (count > max)","duration":7.217148000000066,"failureMessages":[],"meta":{}},{"ancestorTitles":["checkSignupRateLimit — Redis L1"],"fullName":"checkSignupRateLimit — Redis L1 setta EXPIRE solo al primo INCR (count === 1)","status":"passed","title":"setta EXPIRE solo al primo INCR (count === 1)","duration":8.218132999999966,"failureMessages":[],"meta":{}},{"ancestorTitles":["checkSignupRateLimit — Redis L1"],"fullName":"checkSignupRateLimit — Redis L1 non setta EXPIRE quando count > 1","status":"passed","title":"non setta EXPIRE quando count > 1","duration":7.256129999999985,"failureMessages":[],"meta":{}},{"ancestorTitles":["checkSignupRateLimit — DB L2 fallback (Redis unavailable)"],"fullName":"checkSignupRateLimit — DB L2 fallback (Redis unavailable) usa il DB quando Redis è down — non blocca sotto la soglia","status":"passed","title":"usa il DB quando Redis è down — non blocca sotto la soglia","duration":13.900642999999945,"failureMessages":[],"meta":{}},{"ancestorTitles":["checkSignupRateLimit — DB L2 fallback (Redis unavailable)"],"fullName":"checkSignupRateLimit — DB L2 fallback (Redis unavailable) usa il DB quando Redis è down — blocca sopra la soglia","status":"passed","title":"usa il DB quando Redis è down — blocca sopra la soglia","duration":9.49375800000007,"failureMessages":[],"meta":{}},{"ancestorTitles":["checkSignupRateLimit — DB L2 fallback (Redis unavailable)"],"fullName":"checkSignupRateLimit — DB L2 fallback (Redis unavailable) blacklist blocca il signup immediatamente (DB fallback)","status":"passed","title":"blacklist blocca il signup immediatamente (DB fallback)","duration":12.653370999999993,"failureMessages":[],"meta":{}},{"ancestorTitles":["checkAvailabilityRateLimit — Redis L1"],"fullName":"checkAvailabilityRateLimit — Redis L1 non blocca quando count < max","status":"passed","title":"non blocca quando count < max","duration":10.154825000000073,"failureMessages":[],"meta":{}},{"ancestorTitles":["checkAvailabilityRateLimit — Redis L1"],"fullName":"checkAvailabilityRateLimit — Redis L1 blocca quando count >= max","status":"passed","title":"blocca quando count >= max","duration":13.693176999999991,"failureMessages":[],"meta":{}},{"ancestorTitles":["checkAvailabilityRateLimit — Redis L1"],"fullName":"checkAvailabilityRateLimit — Redis L1 usa chiave rl:check:{ip} (non rl:signup né rl:login)","status":"passed","title":"usa chiave rl:check:{ip} (non rl:signup né rl:login)","duration":13.882033000000092,"failureMessages":[],"meta":{}},{"ancestorTitles":["checkAvailabilityRateLimit — Redis unavailable (graceful allow)"],"fullName":"checkAvailabilityRateLimit — Redis unavailable (graceful allow) lascia passare senza bloccare quando Redis è down","status":"passed","title":"lascia passare senza bloccare quando Redis è down","duration":6.554994999999963,"failureMessages":[],"meta":{}},{"ancestorTitles":["checkAvailabilityRateLimit — Redis unavailable (graceful allow)"],"fullName":"checkAvailabilityRateLimit — Redis unavailable (graceful allow) NON tocca il DB anche quando Redis è down (solo L1)","status":"passed","title":"NON tocca il DB anche quando Redis è down (solo L1)","duration":5.888250000000085,"failureMessages":[],"meta":{}},{"ancestorTitles":["availability check — nessun recordSignupAttempt"],"fullName":"availability check — nessun recordSignupAttempt checkAvailabilityRateLimit non chiama db.insert (non è un tentativo di signup)","status":"passed","title":"checkAvailabilityRateLimit non chiama db.insert (non è un tentativo di signup)","duration":10.806754999999953,"failureMessages":[],"meta":{}},{"ancestorTitles":["availability check — nessun recordSignupAttempt"],"fullName":"availability check — nessun recordSignupAttempt checkSignupRateLimit via Redis NON chiama db.insert (il contatore è solo su Redis)","status":"passed","title":"checkSignupRateLimit via Redis NON chiama db.insert (il contatore è solo su Redis)","duration":9.775177999999983,"failureMessages":[],"meta":{}},{"ancestorTitles":["checkAndIncrLoginRedis — pipeline INCR+EXPIRE"],"fullName":"checkAndIncrLoginRedis — pipeline INCR+EXPIRE non blocca con count coppia < max","status":"passed","title":"non blocca con count coppia < max","duration":4.547850999999923,"failureMessages":[],"meta":{}},{"ancestorTitles":["checkAndIncrLoginRedis — pipeline INCR+EXPIRE"],"fullName":"checkAndIncrLoginRedis — pipeline INCR+EXPIRE blocca quando pairCount >= maxAttempts","status":"passed","title":"blocca quando pairCount >= maxAttempts","duration":10.955413000000021,"failureMessages":[],"meta":{}},{"ancestorTitles":["checkAndIncrLoginRedis — pipeline INCR+EXPIRE"],"fullName":"checkAndIncrLoginRedis — pipeline INCR+EXPIRE blocca quando emailCount >= globalThreshold (maxAttempts * 3)","status":"passed","title":"blocca quando emailCount >= globalThreshold (maxAttempts * 3)","duration":9.246793000000025,"failureMessages":[],"meta":{}},{"ancestorTitles":["checkAndIncrLoginRedis — pipeline INCR+EXPIRE"],"fullName":"checkAndIncrLoginRedis — pipeline INCR+EXPIRE torna source:unavailable quando Redis è down","status":"passed","title":"torna source:unavailable quando Redis è down","duration":3.8305409999999256,"failureMessages":[],"meta":{}},{"ancestorTitles":["peekLoginRedis — solo lettura, nessun INCR"],"fullName":"peekLoginRedis — solo lettura, nessun INCR ritorna blocked:false se le chiavi non esistono (null)","status":"passed","title":"ritorna blocked:false se le chiavi non esistono (null)","duration":2.183827000000065,"failureMessages":[],"meta":{}},{"ancestorTitles":["peekLoginRedis — solo lettura, nessun INCR"],"fullName":"peekLoginRedis — solo lettura, nessun INCR ritorna blocked:true se pairCount >= max","status":"passed","title":"ritorna blocked:true se pairCount >= max","duration":1.144172000000026,"failureMessages":[],"meta":{}},{"ancestorTitles":["peekLoginRedis — solo lettura, nessun INCR"],"fullName":"peekLoginRedis — solo lettura, nessun INCR torna source:unavailable quando Redis è down","status":"passed","title":"torna source:unavailable quando Redis è down","duration":1.71087,"failureMessages":[],"meta":{}},{"ancestorTitles":["checkAndIncrAvailabilityRedis — INCR + EXPIRE"],"fullName":"checkAndIncrAvailabilityRedis — INCR + EXPIRE non blocca con count < max","status":"passed","title":"non blocca con count < max","duration":2.058345000000031,"failureMessages":[],"meta":{}},{"ancestorTitles":["checkAndIncrAvailabilityRedis — INCR + EXPIRE"],"fullName":"checkAndIncrAvailabilityRedis — INCR + EXPIRE blocca con count >= max","status":"passed","title":"blocca con count >= max","duration":1.4705020000000104,"failureMessages":[],"meta":{}},{"ancestorTitles":["checkAndIncrAvailabilityRedis — INCR + EXPIRE"],"fullName":"checkAndIncrAvailabilityRedis — INCR + EXPIRE torna source:unavailable quando Redis è down","status":"passed","title":"torna source:unavailable quando Redis è down","duration":1.2784320000000662,"failureMessages":[],"meta":{}},{"ancestorTitles":["checkAndIncrSignupRedis — INCR + EXPIRE"],"fullName":"checkAndIncrSignupRedis — INCR + EXPIRE non blocca con count < max","status":"passed","title":"non blocca con count < max","duration":1.0301279999999906,"failureMessages":[],"meta":{}},{"ancestorTitles":["checkAndIncrSignupRedis — INCR + EXPIRE"],"fullName":"checkAndIncrSignupRedis — INCR + EXPIRE blocca con count >= max","status":"passed","title":"blocca con count >= max","duration":1.2843729999999596,"failureMessages":[],"meta":{}},{"ancestorTitles":["checkAndIncrSignupRedis — INCR + EXPIRE"],"fullName":"checkAndIncrSignupRedis — INCR + EXPIRE torna source:unavailable quando Redis è down","status":"passed","title":"torna source:unavailable quando Redis è down","duration":1.6011960000000727,"failureMessages":[],"meta":{}},{"ancestorTitles":["syncIpBlacklistToRedis — SET e DEL"],"fullName":"syncIpBlacklistToRedis — SET e DEL chiama SET quando blacklisted=true","status":"passed","title":"chiama SET quando blacklisted=true","duration":1.5338600000000042,"failureMessages":[],"meta":{}},{"ancestorTitles":["syncIpBlacklistToRedis — SET e DEL"],"fullName":"syncIpBlacklistToRedis — SET e DEL chiama DEL quando blacklisted=false","status":"passed","title":"chiama DEL quando blacklisted=false","duration":1.3814949999999726,"failureMessages":[],"meta":{}},{"ancestorTitles":["syncIpBlacklistToRedis — SET e DEL"],"fullName":"syncIpBlacklistToRedis — SET e DEL non lancia eccezioni se Redis è down (swallows error)","status":"passed","title":"non lancia eccezioni se Redis è down (swallows error)","duration":13.477350000000001,"failureMessages":[],"meta":{}},{"ancestorTitles":["invalidateRedisConfigCache"],"fullName":"invalidateRedisConfigCache forza la ri-lettura delle credenziali dal DB al successivo comando","status":"passed","title":"forza la ri-lettura delle credenziali dal DB al successivo comando","duration":2.583725999999956,"failureMessages":[],"meta":{}}],"startTime":1777222155980,"endTime":1777222156319.5837,"status":"passed","message":"","name":"/home/runner/work/librolo/librolo/tests/lib/rate-limit-granular.test.ts"},{"assertionResults":[{"ancestorTitles":["can()"],"fullName":"can() ritorna true se esiste un override individuale granted=true","status":"passed","title":"ritorna true se esiste un override individuale granted=true","duration":219.66461500000003,"failureMessages":[],"meta":{}},{"ancestorTitles":["can()"],"fullName":"can() ritorna false se esiste un override individuale granted=false","status":"passed","title":"ritorna false se esiste un override individuale granted=false","duration":0.7790580000000773,"failureMessages":[],"meta":{}},{"ancestorTitles":["can()"],"fullName":"can() ritorna true se nessun override ma il ruolo ha il permesso","status":"passed","title":"ritorna true se nessun override ma il ruolo ha il permesso","duration":0.9893110000000434,"failureMessages":[],"meta":{}},{"ancestorTitles":["can()"],"fullName":"can() ritorna false se nessun override e il ruolo non ha il permesso","status":"passed","title":"ritorna false se nessun override e il ruolo non ha il permesso","duration":0.7752399999999398,"failureMessages":[],"meta":{}},{"ancestorTitles":["can()"],"fullName":"can() override ha priorita sul ruolo anche se il ruolo avrebbe accesso","status":"passed","title":"override ha priorita sul ruolo anche se il ruolo avrebbe accesso","duration":0.5846240000000762,"failureMessages":[],"meta":{}},{"ancestorTitles":["getUserPermissions()"],"fullName":"getUserPermissions() restituisce i permessi del ruolo come Set","status":"passed","title":"restituisce i permessi del ruolo come Set","duration":1.190998000000036,"failureMessages":[],"meta":{}},{"ancestorTitles":["getUserPermissions()"],"fullName":"getUserPermissions() applica override grant: aggiunge permesso non nel ruolo","status":"passed","title":"applica override grant: aggiunge permesso non nel ruolo","duration":0.7520569999999225,"failureMessages":[],"meta":{}},{"ancestorTitles":["getUserPermissions()"],"fullName":"getUserPermissions() applica override revoke: rimuove permesso presente nel ruolo","status":"passed","title":"applica override revoke: rimuove permesso presente nel ruolo","duration":0.6376259999999547,"failureMessages":[],"meta":{}},{"ancestorTitles":["getUserPermissions()"],"fullName":"getUserPermissions() deduplicazione: vince la riga piu recente in caso di duplicati","status":"passed","title":"deduplicazione: vince la riga piu recente in caso di duplicati","duration":0.8489280000001145,"failureMessages":[],"meta":{}},{"ancestorTitles":["getUserPermissions()"],"fullName":"getUserPermissions() utente senza ruolo riconosciuto ha Set vuoto (no override)","status":"passed","title":"utente senza ruolo riconosciuto ha Set vuoto (no override)","duration":0.609230000000025,"failureMessages":[],"meta":{}},{"ancestorTitles":["canAny() / canAll()"],"fullName":"canAny() / canAll() canAny: true se almeno uno dei permessi e presente","status":"passed","title":"canAny: true se almeno uno dei permessi e presente","duration":0.6500969999999597,"failureMessages":[],"meta":{}},{"ancestorTitles":["canAny() / canAll()"],"fullName":"canAny() / canAll() canAny: false se nessuno dei permessi e presente","status":"passed","title":"canAny: false se nessuno dei permessi e presente","duration":0.5634840000000167,"failureMessages":[],"meta":{}},{"ancestorTitles":["canAny() / canAll()"],"fullName":"canAny() / canAll() canAll: true se tutti i permessi sono presenti","status":"passed","title":"canAll: true se tutti i permessi sono presenti","duration":0.6727889999999661,"failureMessages":[],"meta":{}},{"ancestorTitles":["canAny() / canAll()"],"fullName":"canAny() / canAll() canAll: false se anche solo un permesso manca","status":"passed","title":"canAll: false se anche solo un permesso manca","duration":0.7281829999999445,"failureMessages":[],"meta":{}},{"ancestorTitles":["guards.ts","requireAdminPage()"],"fullName":"guards.ts requireAdminPage() redirige a /admin/sign-in se utente non autenticato","status":"passed","title":"redirige a /admin/sign-in se utente non autenticato","duration":13.15617599999996,"failureMessages":[],"meta":{}},{"ancestorTitles":["guards.ts","requireAdminPage()"],"fullName":"guards.ts requireAdminPage() redirige a /admin/sign-in se autenticato ma senza admin:access","status":"passed","title":"redirige a /admin/sign-in se autenticato ma senza admin:access","duration":7.730052999999998,"failureMessages":[],"meta":{}},{"ancestorTitles":["guards.ts","requireAdminPage()"],"fullName":"guards.ts requireAdminPage() ritorna utente se ha admin:access via ruolo","status":"passed","title":"ritorna utente se ha admin:access via ruolo","duration":8.064397999999983,"failureMessages":[],"meta":{}},{"ancestorTitles":["guards.ts","requireAdminPage()"],"fullName":"guards.ts requireAdminPage() ritorna utente se isAdmin=true (bypassa RBAC)","status":"passed","title":"ritorna utente se isAdmin=true (bypassa RBAC)","duration":8.211965000000191,"failureMessages":[],"meta":{}},{"ancestorTitles":["guards.ts","requireAdminSectionPage()"],"fullName":"guards.ts requireAdminSectionPage() redirige a /admin/sign-in se non autenticato","status":"passed","title":"redirige a /admin/sign-in se non autenticato","duration":6.987401000000091,"failureMessages":[],"meta":{}},{"ancestorTitles":["guards.ts","requireAdminSectionPage()"],"fullName":"guards.ts requireAdminSectionPage() bypassa tutto se isAdmin=true","status":"passed","title":"bypassa tutto se isAdmin=true","duration":14.105773999999883,"failureMessages":[],"meta":{}},{"ancestorTitles":["guards.ts","requireAdminSectionPage()"],"fullName":"guards.ts requireAdminSectionPage() redirige a /admin/sign-in se non ha admin:access","status":"passed","title":"redirige a /admin/sign-in se non ha admin:access","duration":9.989851000000044,"failureMessages":[],"meta":{}},{"ancestorTitles":["guards.ts","requireAdminSectionPage()"],"fullName":"guards.ts requireAdminSectionPage() redirige a /admin se ha admin:access ma non il permesso della sezione","status":"passed","title":"redirige a /admin se ha admin:access ma non il permesso della sezione","duration":7.1697549999998955,"failureMessages":[],"meta":{}},{"ancestorTitles":["guards.ts","requireAdminSectionPage()"],"fullName":"guards.ts requireAdminSectionPage() ritorna utente se ha sia admin:access sia il permesso della sezione","status":"passed","title":"ritorna utente se ha sia admin:access sia il permesso della sezione","duration":13.009276999999884,"failureMessages":[],"meta":{}}],"startTime":1777222152340,"endTime":1777222152659.0093,"status":"passed","message":"","name":"/home/runner/work/librolo/librolo/tests/lib/rbac.test.ts"},{"assertionResults":[{"ancestorTitles":["upsertRouteAction — validazione schema"],"fullName":"upsertRouteAction — validazione schema accetta una route valida completa","status":"passed","title":"accetta una route valida completa","duration":4.046711999999957,"failureMessages":[],"meta":{}},{"ancestorTitles":["upsertRouteAction — validazione schema"],"fullName":"upsertRouteAction — validazione schema accetta una route senza id (create)","status":"passed","title":"accetta una route senza id (create)","duration":0.3299580000000333,"failureMessages":[],"meta":{}},{"ancestorTitles":["upsertRouteAction — validazione schema"],"fullName":"upsertRouteAction — validazione schema accetta una route con id uuid (update)","status":"passed","title":"accetta una route con id uuid (update)","duration":0.43950200000006134,"failureMessages":[],"meta":{}},{"ancestorTitles":["upsertRouteAction — validazione schema"],"fullName":"upsertRouteAction — validazione schema rifiuta pathname senza slash iniziale","status":"passed","title":"rifiuta pathname senza slash iniziale","duration":1.019506999999976,"failureMessages":[],"meta":{}},{"ancestorTitles":["upsertRouteAction — validazione schema"],"fullName":"upsertRouteAction — validazione schema rifiuta pathname vuoto","status":"passed","title":"rifiuta pathname vuoto","duration":0.41831199999990076,"failureMessages":[],"meta":{}},{"ancestorTitles":["upsertRouteAction — validazione schema"],"fullName":"upsertRouteAction — validazione schema rifiuta label vuota","status":"passed","title":"rifiuta label vuota","duration":0.2475930000000517,"failureMessages":[],"meta":{}},{"ancestorTitles":["upsertRouteAction — validazione schema"],"fullName":"upsertRouteAction — validazione schema rifiuta visibility non valida","status":"passed","title":"rifiuta visibility non valida","duration":0.26832200000001194,"failureMessages":[],"meta":{}},{"ancestorTitles":["upsertRouteAction — validazione schema"],"fullName":"upsertRouteAction — validazione schema rifiuta id non-uuid","status":"passed","title":"rifiuta id non-uuid","duration":0.41174100000000635,"failureMessages":[],"meta":{}},{"ancestorTitles":["upsertRouteAction — validazione schema"],"fullName":"upsertRouteAction — validazione schema label oltre 150 caratteri viene rifiutata","status":"passed","title":"label oltre 150 caratteri viene rifiutata","duration":0.44317899999998644,"failureMessages":[],"meta":{}},{"ancestorTitles":["flag booleani — coercion da FormData string"],"fullName":"flag booleani — coercion da FormData string converte correttamente i flag quando tutti true","status":"passed","title":"converte correttamente i flag quando tutti true","duration":0.9452179999999544,"failureMessages":[],"meta":{}},{"ancestorTitles":["flag booleani — coercion da FormData string"],"fullName":"flag booleani — coercion da FormData string converte correttamente i flag quando tutti false","status":"passed","title":"converte correttamente i flag quando tutti false","duration":0.29613400000005186,"failureMessages":[],"meta":{}},{"ancestorTitles":["flag booleani — coercion da FormData string"],"fullName":"flag booleani — coercion da FormData string inSitemap e isActive sono true se assenti (default checkbox HTML)","status":"passed","title":"inSitemap e isActive sono true se assenti (default checkbox HTML)","duration":0.1421460000000252,"failureMessages":[],"meta":{}},{"ancestorTitles":["flag booleani — coercion da FormData string"],"fullName":"flag booleani — coercion da FormData string inNav e inFooter sono false se assenti (default false)","status":"passed","title":"inNav e inFooter sono false se assenti (default false)","duration":0.12596500000006472,"failureMessages":[],"meta":{}}],"startTime":1777222154594,"endTime":1777222154603.2961,"status":"passed","message":"","name":"/home/runner/work/librolo/librolo/tests/lib/route-registry-actions.test.ts"},{"assertionResults":[{"ancestorTitles":["matchesPrefix"],"fullName":"matchesPrefix riconosce un pathname esatto","status":"passed","title":"riconosce un pathname esatto","duration":2.5436389999999847,"failureMessages":[],"meta":{}},{"ancestorTitles":["matchesPrefix"],"fullName":"matchesPrefix riconosce un sottopath","status":"passed","title":"riconosce un sottopath","duration":0.32120100000008733,"failureMessages":[],"meta":{}},{"ancestorTitles":["matchesPrefix"],"fullName":"matchesPrefix non genera falsi positivi su prefissi parziali","status":"passed","title":"non genera falsi positivi su prefissi parziali","duration":0.22333800000001247,"failureMessages":[],"meta":{}},{"ancestorTitles":["matchesPrefix"],"fullName":"matchesPrefix restituisce false se nessuna route corrisponde","status":"passed","title":"restituisce false se nessuna route corrisponde","duration":0.3177449999999453,"failureMessages":[],"meta":{}},{"ancestorTitles":["matchesPrefix"],"fullName":"matchesPrefix gestisce array vuoto senza errori","status":"passed","title":"gestisce array vuoto senza errori","duration":0.3491229999999632,"failureMessages":[],"meta":{}},{"ancestorTitles":["matchesPrefix"],"fullName":"matchesPrefix riconosce la root /","status":"passed","title":"riconosce la root /","duration":0.186649999999986,"failureMessages":[],"meta":{}},{"ancestorTitles":["resolveRoutes — logica fallback"],"fullName":"resolveRoutes — logica fallback usa il fallback se rows è vuoto","status":"passed","title":"usa il fallback se rows è vuoto","duration":3.521098000000052,"failureMessages":[],"meta":{}},{"ancestorTitles":["resolveRoutes — logica fallback"],"fullName":"resolveRoutes — logica fallback usa le route del DB se rows non è vuoto","status":"passed","title":"usa le route del DB se rows non è vuoto","duration":0.3764449999999897,"failureMessages":[],"meta":{}},{"ancestorTitles":["resolveRoutes — logica fallback"],"fullName":"resolveRoutes — logica fallback separa correttamente le visibilità","status":"passed","title":"separa correttamente le visibilità","duration":0.749781999999982,"failureMessages":[],"meta":{}},{"ancestorTitles":["invalidateRouteRegistryCache — contratto"],"fullName":"invalidateRouteRegistryCache — contratto esiste ed è una funzione esportata dal modulo queries","status":"passed","title":"esiste ed è una funzione esportata dal modulo queries","duration":134.349779,"failureMessages":[],"meta":{}}],"startTime":1777222154514,"endTime":1777222154657.3499,"status":"passed","message":"","name":"/home/runner/work/librolo/librolo/tests/lib/route-registry.test.ts"},{"assertionResults":[{"ancestorTitles":["String utilities"],"fullName":"String utilities converte prima lettera in maiuscolo","status":"passed","title":"converte prima lettera in maiuscolo","duration":1.3097910000000184,"failureMessages":[],"meta":{}},{"ancestorTitles":["String utilities"],"fullName":"String utilities troncamento testo lungo","status":"passed","title":"troncamento testo lungo","duration":0.2715179999999009,"failureMessages":[],"meta":{}},{"ancestorTitles":["Slug generation"],"fullName":"Slug generation genera slug da titolo","status":"passed","title":"genera slug da titolo","duration":0.3369800000000396,"failureMessages":[],"meta":{}},{"ancestorTitles":["Validation helpers"],"fullName":"Validation helpers validazione email base","status":"passed","title":"validazione email base","duration":0.3932160000000522,"failureMessages":[],"meta":{}},{"ancestorTitles":["Validation helpers"],"fullName":"Validation helpers controlla che la password sia almeno 8 caratteri","status":"passed","title":"controlla che la password sia almeno 8 caratteri","duration":0.21761700000001838,"failureMessages":[],"meta":{}}],"startTime":1777222155522,"endTime":1777222155525.3933,"status":"passed","message":"","name":"/home/runner/work/librolo/librolo/tests/lib/utils.test.ts"},{"assertionResults":[{"ancestorTitles":["computeNextContentVersion"],"fullName":"computeNextContentVersion incrementa il numero progressivo nello stesso mese","status":"passed","title":"incrementa il numero progressivo nello stesso mese","duration":3.189638999999943,"failureMessages":[],"meta":{}},{"ancestorTitles":["computeNextContentVersion"],"fullName":"computeNextContentVersion resetta a 1 quando il mese cambia","status":"passed","title":"resetta a 1 quando il mese cambia","duration":0.3157410000000027,"failureMessages":[],"meta":{}},{"ancestorTitles":["computeNextContentVersion"],"fullName":"computeNextContentVersion resetta a 1 se il formato è sconosciuto","status":"passed","title":"resetta a 1 se il formato è sconosciuto","duration":0.36676699999998164,"failureMessages":[],"meta":{}},{"ancestorTitles":["computeNextContentVersion"],"fullName":"computeNextContentVersion gestisce correttamente il cambio anno","status":"passed","title":"gestisce correttamente il cambio anno","duration":0.1994529999999486,"failureMessages":[],"meta":{}},{"ancestorTitles":["deletePageCascade — system page guard"],"fullName":"deletePageCascade — system page guard lancia SYSTEM_PAGE_PROTECTED per pagine di sistema (mock DB)","status":"passed","title":"lancia SYSTEM_PAGE_PROTECTED per pagine di sistema (mock DB)","duration":1.6058150000000069,"failureMessages":[],"meta":{}}],"startTime":1777222155353,"endTime":1777222155358.6057,"status":"passed","message":"","name":"/home/runner/work/librolo/librolo/tests/unit/pages-versioning.test.ts"}]}