{"numTotalTestSuites":100,"numPassedTestSuites":100,"numFailedTestSuites":0,"numPendingTestSuites":0,"numTotalTests":292,"numPassedTests":292,"numFailedTests":0,"numPendingTests":0,"numTodoTests":0,"snapshot":{"added":0,"failure":false,"filesAdded":0,"filesRemoved":0,"filesRemovedList":[],"filesUnmatched":0,"filesUpdated":0,"matched":0,"total":0,"unchecked":0,"uncheckedKeysByFile":[],"unmatched":0,"updated":0,"didUpdate":false},"startTime":1777205906850,"success":true,"testResults":[{"assertionResults":[{"ancestorTitles":["API response helpers"],"fullName":"API response helpers risposta di successo ha status 200","status":"passed","title":"risposta di successo ha status 200","duration":1.928764000000001,"failureMessages":[],"meta":{}},{"ancestorTitles":["API response helpers"],"fullName":"API response helpers risposta di errore ha ok=false","status":"passed","title":"risposta di errore ha ok=false","duration":0.37584800000001906,"failureMessages":[],"meta":{}},{"ancestorTitles":["API response helpers"],"fullName":"API response helpers risposta 500 è server error","status":"passed","title":"risposta 500 è server error","duration":0.2160509999999931,"failureMessages":[],"meta":{}},{"ancestorTitles":["Query string parsing"],"fullName":"Query string parsing estrae parametri da query string","status":"passed","title":"estrae parametri da query string","duration":6.216638000000103,"failureMessages":[],"meta":{}}],"startTime":1777205911756,"endTime":1777205911764.2166,"status":"passed","message":"","name":"/home/runner/work/librolo/librolo/tests/api/health.test.ts"},{"assertionResults":[{"ancestorTitles":["Contenuti schema — slug"],"fullName":"Contenuti schema — slug accetta slug semplice lowercase","status":"passed","title":"accetta slug semplice lowercase","duration":3.534539000000109,"failureMessages":[],"meta":{}},{"ancestorTitles":["Contenuti schema — slug"],"fullName":"Contenuti schema — slug accetta slug con trattini","status":"passed","title":"accetta slug con trattini","duration":0.3316429999999855,"failureMessages":[],"meta":{}},{"ancestorTitles":["Contenuti schema — slug"],"fullName":"Contenuti schema — slug accetta slug con slash (sottocartella)","status":"passed","title":"accetta slug con slash (sottocartella)","duration":0.3592230000000427,"failureMessages":[],"meta":{}},{"ancestorTitles":["Contenuti schema — slug"],"fullName":"Contenuti schema — slug rifiuta slug vuoto","status":"passed","title":"rifiuta slug vuoto","duration":0.9014180000000351,"failureMessages":[],"meta":{}},{"ancestorTitles":["Contenuti schema — slug"],"fullName":"Contenuti schema — slug rifiuta slug con lettere maiuscole","status":"passed","title":"rifiuta slug con lettere maiuscole","duration":0.6206320000000005,"failureMessages":[],"meta":{}},{"ancestorTitles":["Contenuti schema — slug"],"fullName":"Contenuti schema — slug rifiuta slug con spazi","status":"passed","title":"rifiuta slug con spazi","duration":0.3365800000000263,"failureMessages":[],"meta":{}},{"ancestorTitles":["Contenuti schema — slug"],"fullName":"Contenuti schema — slug rifiuta slug che inizia con trattino","status":"passed","title":"rifiuta slug che inizia con trattino","duration":0.34411099999999806,"failureMessages":[],"meta":{}},{"ancestorTitles":["Contenuti schema — slug"],"fullName":"Contenuti schema — slug rifiuta slug che termina con slash","status":"passed","title":"rifiuta slug che termina con slash","duration":0.32050600000002305,"failureMessages":[],"meta":{}},{"ancestorTitles":["Contenuti schema — slug"],"fullName":"Contenuti schema — slug rifiuta slug con doppio slash","status":"passed","title":"rifiuta slug con doppio slash","duration":0.542114999999967,"failureMessages":[],"meta":{}},{"ancestorTitles":["Contenuti schema — slug"],"fullName":"Contenuti schema — slug rifiuta slug oltre 255 caratteri","status":"passed","title":"rifiuta slug oltre 255 caratteri","duration":0.6343829999999571,"failureMessages":[],"meta":{}},{"ancestorTitles":["Contenuti schema — title"],"fullName":"Contenuti schema — title rifiuta titolo vuoto","status":"passed","title":"rifiuta titolo vuoto","duration":0.48688300000003437,"failureMessages":[],"meta":{}},{"ancestorTitles":["Contenuti schema — title"],"fullName":"Contenuti schema — title rifiuta titolo oltre 255 caratteri","status":"passed","title":"rifiuta titolo oltre 255 caratteri","duration":0.31627000000003136,"failureMessages":[],"meta":{}},{"ancestorTitles":["Contenuti schema — title"],"fullName":"Contenuti schema — title accetta titolo di esattamente 255 caratteri","status":"passed","title":"accetta titolo di esattamente 255 caratteri","duration":0.328928000000019,"failureMessages":[],"meta":{}},{"ancestorTitles":["Contenuti schema — status"],"fullName":"Contenuti schema — status default status è draft","status":"passed","title":"default status è draft","duration":0.4964879999999994,"failureMessages":[],"meta":{}},{"ancestorTitles":["Contenuti schema — status"],"fullName":"Contenuti schema — status accetta status 'published'","status":"passed","title":"accetta status 'published'","duration":0.40287899999998444,"failureMessages":[],"meta":{}},{"ancestorTitles":["Contenuti schema — status"],"fullName":"Contenuti schema — status rifiuta status non previsto","status":"passed","title":"rifiuta status non previsto","duration":0.5080639999999903,"failureMessages":[],"meta":{}},{"ancestorTitles":["Contenuti schema — content"],"fullName":"Contenuti schema — content content default è stringa vuota","status":"passed","title":"content default è stringa vuota","duration":0.42116600000008475,"failureMessages":[],"meta":{}},{"ancestorTitles":["Contenuti schema — content"],"fullName":"Contenuti schema — content accetta content con HTML","status":"passed","title":"accetta content con HTML","duration":0.24270000000001346,"failureMessages":[],"meta":{}},{"ancestorTitles":["Contenuti — togglePageStatus logic"],"fullName":"Contenuti — togglePageStatus logic published → draft","status":"passed","title":"published → draft","duration":0.15717400000005455,"failureMessages":[],"meta":{}},{"ancestorTitles":["Contenuti — togglePageStatus logic"],"fullName":"Contenuti — togglePageStatus logic draft → published","status":"passed","title":"draft → published","duration":0.20119899999997415,"failureMessages":[],"meta":{}},{"ancestorTitles":["Contenuti — togglePageStatus logic"],"fullName":"Contenuti — togglePageStatus logic valore sconosciuto → published","status":"passed","title":"valore sconosciuto → published","duration":0.1403490000000147,"failureMessages":[],"meta":{}},{"ancestorTitles":["Contenuti — customFields JSON parsing"],"fullName":"Contenuti — customFields JSON parsing stringa vuota → oggetto vuoto","status":"passed","title":"stringa vuota → oggetto vuoto","duration":0.7980250000000524,"failureMessages":[],"meta":{}},{"ancestorTitles":["Contenuti — customFields JSON parsing"],"fullName":"Contenuti — customFields JSON parsing undefined → oggetto vuoto","status":"passed","title":"undefined → oggetto vuoto","duration":0.17603199999996377,"failureMessages":[],"meta":{}},{"ancestorTitles":["Contenuti — customFields JSON parsing"],"fullName":"Contenuti — customFields JSON parsing JSON valido viene parsato","status":"passed","title":"JSON valido viene parsato","duration":0.22888000000000375,"failureMessages":[],"meta":{}},{"ancestorTitles":["Contenuti — customFields JSON parsing"],"fullName":"Contenuti — customFields JSON parsing JSON non valido → oggetto vuoto (nessun throw)","status":"passed","title":"JSON non valido → oggetto vuoto (nessun throw)","duration":0.276691000000028,"failureMessages":[],"meta":{}},{"ancestorTitles":["Contenuti — customFields JSON parsing"],"fullName":"Contenuti — customFields JSON parsing JSON annidato viene parsato","status":"passed","title":"JSON annidato viene parsato","duration":0.25300499999991644,"failureMessages":[],"meta":{}},{"ancestorTitles":["Contenuti — publishedAt risoluzione"],"fullName":"Contenuti — publishedAt risoluzione status published senza data → now","status":"passed","title":"status published senza data → now","duration":0.415175999999974,"failureMessages":[],"meta":{}},{"ancestorTitles":["Contenuti — publishedAt risoluzione"],"fullName":"Contenuti — publishedAt risoluzione status published con data specifica","status":"passed","title":"status published con data specifica","duration":0.2686590000000706,"failureMessages":[],"meta":{}},{"ancestorTitles":["Contenuti — publishedAt risoluzione"],"fullName":"Contenuti — publishedAt risoluzione status draft senza data → null","status":"passed","title":"status draft senza data → null","duration":0.13146500000004835,"failureMessages":[],"meta":{}},{"ancestorTitles":["Contenuti — publishedAt risoluzione"],"fullName":"Contenuti — publishedAt risoluzione status draft con data → conserva la data","status":"passed","title":"status draft con data → conserva la data","duration":0.1672289999999066,"failureMessages":[],"meta":{}}],"startTime":1777205909133,"endTime":1777205909148.1672,"status":"passed","message":"","name":"/home/runner/work/librolo/librolo/tests/app/contenuti.test.ts"},{"assertionResults":[{"ancestorTitles":["SEO schema — pathname"],"fullName":"SEO schema — pathname accetta pathname che inizia con /","status":"passed","title":"accetta pathname che inizia con /","duration":3.799047000000087,"failureMessages":[],"meta":{}},{"ancestorTitles":["SEO schema — pathname"],"fullName":"SEO schema — pathname rifiuta pathname senza /","status":"passed","title":"rifiuta pathname senza /","duration":0.7636340000000246,"failureMessages":[],"meta":{}},{"ancestorTitles":["SEO schema — pathname"],"fullName":"SEO schema — pathname rifiuta pathname vuoto","status":"passed","title":"rifiuta pathname vuoto","duration":0.6010830000000169,"failureMessages":[],"meta":{}},{"ancestorTitles":["SEO schema — pathname"],"fullName":"SEO schema — pathname accetta pathname con sottocartelle /blog/post-1","status":"passed","title":"accetta pathname con sottocartelle /blog/post-1","duration":0.35424699999998666,"failureMessages":[],"meta":{}},{"ancestorTitles":["SEO schema — label"],"fullName":"SEO schema — label rifiuta label vuota","status":"passed","title":"rifiuta label vuota","duration":0.5464210000000094,"failureMessages":[],"meta":{}},{"ancestorTitles":["SEO schema — label"],"fullName":"SEO schema — label rifiuta label oltre 100 caratteri","status":"passed","title":"rifiuta label oltre 100 caratteri","duration":0.3318729999999732,"failureMessages":[],"meta":{}},{"ancestorTitles":["SEO schema — label"],"fullName":"SEO schema — label accetta label di esattamente 100 caratteri","status":"passed","title":"accetta label di esattamente 100 caratteri","duration":0.21159399999999096,"failureMessages":[],"meta":{}},{"ancestorTitles":["SEO schema — title & description"],"fullName":"SEO schema — title & description rifiuta title oltre 70 caratteri","status":"passed","title":"rifiuta title oltre 70 caratteri","duration":0.3669350000000122,"failureMessages":[],"meta":{}},{"ancestorTitles":["SEO schema — title & description"],"fullName":"SEO schema — title & description accetta title di esattamente 70 caratteri","status":"passed","title":"accetta title di esattamente 70 caratteri","duration":0.4156070000000227,"failureMessages":[],"meta":{}},{"ancestorTitles":["SEO schema — title & description"],"fullName":"SEO schema — title & description rifiuta description oltre 160 caratteri","status":"passed","title":"rifiuta description oltre 160 caratteri","duration":0.45091899999999896,"failureMessages":[],"meta":{}},{"ancestorTitles":["SEO schema — title & description"],"fullName":"SEO schema — title & description accetta description di esattamente 160 caratteri","status":"passed","title":"accetta description di esattamente 160 caratteri","duration":0.35348499999997784,"failureMessages":[],"meta":{}},{"ancestorTitles":["SEO schema — ogImage"],"fullName":"SEO schema — ogImage accetta stringa vuota come ogImage","status":"passed","title":"accetta stringa vuota come ogImage","duration":0.6061909999999671,"failureMessages":[],"meta":{}},{"ancestorTitles":["SEO schema — ogImage"],"fullName":"SEO schema — ogImage accetta URL https valido come ogImage","status":"passed","title":"accetta URL https valido come ogImage","duration":1.1186620000000858,"failureMessages":[],"meta":{}},{"ancestorTitles":["SEO schema — ogImage"],"fullName":"SEO schema — ogImage rifiuta stringa non-URL come ogImage","status":"passed","title":"rifiuta stringa non-URL come ogImage","duration":0.8931159999999636,"failureMessages":[],"meta":{}},{"ancestorTitles":["SEO schema — robots"],"fullName":"SEO schema — robots trasforma '' in null","status":"passed","title":"trasforma '' in null","duration":0.3833190000000286,"failureMessages":[],"meta":{}},{"ancestorTitles":["SEO schema — robots"],"fullName":"SEO schema — robots accetta 'noindex,nofollow'","status":"passed","title":"accetta 'noindex,nofollow'","duration":0.3990230000000565,"failureMessages":[],"meta":{}},{"ancestorTitles":["SEO schema — robots"],"fullName":"SEO schema — robots accetta 'noindex,follow'","status":"passed","title":"accetta 'noindex,follow'","duration":0.3425889999999754,"failureMessages":[],"meta":{}},{"ancestorTitles":["SEO schema — robots"],"fullName":"SEO schema — robots rifiuta valore robots non previsto","status":"passed","title":"rifiuta valore robots non previsto","duration":0.3749470000000201,"failureMessages":[],"meta":{}},{"ancestorTitles":["SEO schema — jsonLd"],"fullName":"SEO schema — jsonLd jsonLdEnabled default false","status":"passed","title":"jsonLdEnabled default false","duration":0.32975999999996475,"failureMessages":[],"meta":{}},{"ancestorTitles":["SEO schema — jsonLd"],"fullName":"SEO schema — jsonLd accetta jsonLdEnabled true con jsonLdType","status":"passed","title":"accetta jsonLdEnabled true con jsonLdType","duration":0.2628199999999197,"failureMessages":[],"meta":{}},{"ancestorTitles":["SEO schema — jsonLd"],"fullName":"SEO schema — jsonLd accetta jsonLdType null","status":"passed","title":"accetta jsonLdType null","duration":0.13605200000006334,"failureMessages":[],"meta":{}},{"ancestorTitles":["SEO schema — og fields"],"fullName":"SEO schema — og fields rifiuta ogTitle oltre 70 caratteri","status":"passed","title":"rifiuta ogTitle oltre 70 caratteri","duration":0.42552200000000084,"failureMessages":[],"meta":{}},{"ancestorTitles":["SEO schema — og fields"],"fullName":"SEO schema — og fields rifiuta ogDescription oltre 200 caratteri","status":"passed","title":"rifiuta ogDescription oltre 200 caratteri","duration":0.41545700000006036,"failureMessages":[],"meta":{}},{"ancestorTitles":["SEO schema — og fields"],"fullName":"SEO schema — og fields accetta ogDescription di esattamente 200 caratteri","status":"passed","title":"accetta ogDescription di esattamente 200 caratteri","duration":0.1782549999999219,"failureMessages":[],"meta":{}}],"startTime":1777205909905,"endTime":1777205909920.1782,"status":"passed","message":"","name":"/home/runner/work/librolo/librolo/tests/app/seo.test.ts"},{"assertionResults":[{"ancestorTitles":["signUpAction — flusso end-to-end","Happy path"],"fullName":"signUpAction — flusso end-to-end Happy path completa la registrazione e fa redirect a /verify-email","status":"passed","title":"completa la registrazione e fa redirect a /verify-email","duration":189.24857700000007,"failureMessages":[],"meta":{}},{"ancestorTitles":["signUpAction — flusso end-to-end","Happy path"],"fullName":"signUpAction — flusso end-to-end Happy path chiama hashPassword con la password fornita","status":"passed","title":"chiama hashPassword con la password fornita","duration":1.7410190000000512,"failureMessages":[],"meta":{}},{"ancestorTitles":["signUpAction — flusso end-to-end","Happy path"],"fullName":"signUpAction — flusso end-to-end Happy path aggiunge email al Bloom filter dopo l'insert","status":"passed","title":"aggiunge email al Bloom filter dopo l'insert","duration":1.325933999999961,"failureMessages":[],"meta":{}},{"ancestorTitles":["signUpAction — flusso end-to-end","Happy path"],"fullName":"signUpAction — flusso end-to-end Happy path aggiunge username al Bloom filter dopo l'insert","status":"passed","title":"aggiunge username al Bloom filter dopo l'insert","duration":0.991600999999946,"failureMessages":[],"meta":{}},{"ancestorTitles":["signUpAction — flusso end-to-end","Happy path"],"fullName":"signUpAction — flusso end-to-end Happy path invia email di verifica con email, OTP e firstName","status":"passed","title":"invia email di verifica con email, OTP e firstName","duration":1.0455990000000384,"failureMessages":[],"meta":{}},{"ancestorTitles":["signUpAction — flusso end-to-end","Happy path"],"fullName":"signUpAction — flusso end-to-end Happy path imposta cookie pending_verification_user_id con httpOnly","status":"passed","title":"imposta cookie pending_verification_user_id con httpOnly","duration":1.1228349999998954,"failureMessages":[],"meta":{}},{"ancestorTitles":["signUpAction — flusso end-to-end","Happy path"],"fullName":"signUpAction — flusso end-to-end Happy path accetta registrazione con acceptMarketing=on","status":"passed","title":"accetta registrazione con acceptMarketing=on","duration":0.8222960000000512,"failureMessages":[],"meta":{}},{"ancestorTitles":["signUpAction — flusso end-to-end","Registrazioni disabilitate"],"fullName":"signUpAction — flusso end-to-end Registrazioni disabilitate restituisce errore se registrations_enabled=false","status":"passed","title":"restituisce errore se registrations_enabled=false","duration":0.9528179999999793,"failureMessages":[],"meta":{}},{"ancestorTitles":["signUpAction — flusso end-to-end","Rate limiting"],"fullName":"signUpAction — flusso end-to-end Rate limiting blocca se checkSignupRateLimit è blocked","status":"passed","title":"blocca se checkSignupRateLimit è blocked","duration":0.8084530000000996,"failureMessages":[],"meta":{}},{"ancestorTitles":["signUpAction — flusso end-to-end","Blacklists"],"fullName":"signUpAction — flusso end-to-end Blacklists blocca IP nella blacklist","status":"passed","title":"blocca IP nella blacklist","duration":0.8151849999999286,"failureMessages":[],"meta":{}},{"ancestorTitles":["signUpAction — flusso end-to-end","Blacklists"],"fullName":"signUpAction — flusso end-to-end Blacklists blocca dominio email nella blacklist","status":"passed","title":"blocca dominio email nella blacklist","duration":0.810015999999905,"failureMessages":[],"meta":{}},{"ancestorTitles":["signUpAction — flusso end-to-end","Blacklists"],"fullName":"signUpAction — flusso end-to-end Blacklists blocca username nella blacklist","status":"passed","title":"blocca username nella blacklist","duration":0.6837310000000798,"failureMessages":[],"meta":{}},{"ancestorTitles":["signUpAction — flusso end-to-end","Bloom filter guards"],"fullName":"signUpAction — flusso end-to-end Bloom filter guards restituisce errore se email già registrata","status":"passed","title":"restituisce errore se email già registrata","duration":0.8128110000000106,"failureMessages":[],"meta":{}},{"ancestorTitles":["signUpAction — flusso end-to-end","Bloom filter guards"],"fullName":"signUpAction — flusso end-to-end Bloom filter guards restituisce errore se username già in uso","status":"passed","title":"restituisce errore se username già in uso","duration":2.3112250000001495,"failureMessages":[],"meta":{}},{"ancestorTitles":["signUpAction — flusso end-to-end","Race conditions"],"fullName":"signUpAction — flusso end-to-end Race conditions gestisce race condition su email (unique constraint users) → recordSignupAttempt","status":"passed","title":"gestisce race condition su email (unique constraint users) → recordSignupAttempt","duration":1.143208000000186,"failureMessages":[],"meta":{}},{"ancestorTitles":["signUpAction — flusso end-to-end","Race conditions"],"fullName":"signUpAction — flusso end-to-end Race conditions gestisce race condition su username (unique constraint userProfiles) → elimina user orfano + recordSignupAttempt","status":"passed","title":"gestisce race condition su username (unique constraint userProfiles) → elimina user orfano + recordSignupAttempt","duration":3.760259000000133,"failureMessages":[],"meta":{}},{"ancestorTitles":["signUpAction — flusso end-to-end","Email verification fallback"],"fullName":"signUpAction — flusso end-to-end Email verification fallback non interrompe il flusso se sendSignupVerificationEmail fallisce","status":"passed","title":"non interrompe il flusso se sendSignupVerificationEmail fallisce","duration":12.40346199999999,"failureMessages":[],"meta":{}},{"ancestorTitles":["signUpAction — flusso end-to-end","Validazione schema"],"fullName":"signUpAction — flusso end-to-end Validazione schema rifiuta firstName vuoto prima di qualsiasi chiamata server","status":"passed","title":"rifiuta firstName vuoto prima di qualsiasi chiamata server","duration":4.010095000000092,"failureMessages":[],"meta":{}},{"ancestorTitles":["signUpAction — flusso end-to-end","Validazione schema"],"fullName":"signUpAction — flusso end-to-end Validazione schema rifiuta password mismatch","status":"passed","title":"rifiuta password mismatch","duration":0.9382740000000922,"failureMessages":[],"meta":{}},{"ancestorTitles":["signUpAction — flusso end-to-end","Validazione schema"],"fullName":"signUpAction — flusso end-to-end Validazione schema rifiuta acceptTerms non spuntato","status":"passed","title":"rifiuta acceptTerms non spuntato","duration":0.7780740000000606,"failureMessages":[],"meta":{}},{"ancestorTitles":["signUpAction — flusso end-to-end","Validazione schema"],"fullName":"signUpAction — flusso end-to-end Validazione schema rifiuta email malformata","status":"passed","title":"rifiuta email malformata","duration":0.68797799999993,"failureMessages":[],"meta":{}},{"ancestorTitles":["signUpAction — flusso end-to-end","Validazione schema"],"fullName":"signUpAction — flusso end-to-end Validazione schema rifiuta username con caratteri non ammessi","status":"passed","title":"rifiuta username con caratteri non ammessi","duration":0.6292719999999008,"failureMessages":[],"meta":{}}],"startTime":1777205907875,"endTime":1777205908105.6292,"status":"passed","message":"","name":"/home/runner/work/librolo/librolo/tests/app/signup-action-e2e.test.ts"},{"assertionResults":[{"ancestorTitles":["Template — slugify"],"fullName":"Template — slugify converte spazi in trattini","status":"passed","title":"converte spazi in trattini","duration":1.8004739999998947,"failureMessages":[],"meta":{}},{"ancestorTitles":["Template — slugify"],"fullName":"Template — slugify lowercasifica tutto","status":"passed","title":"lowercasifica tutto","duration":0.261869000000047,"failureMessages":[],"meta":{}},{"ancestorTitles":["Template — slugify"],"fullName":"Template — slugify rimuove caratteri speciali","status":"passed","title":"rimuove caratteri speciali","duration":0.20244100000002163,"failureMessages":[],"meta":{}},{"ancestorTitles":["Template — slugify"],"fullName":"Template — slugify collassa spazi multipli in un singolo trattino","status":"passed","title":"collassa spazi multipli in un singolo trattino","duration":0.262059000000022,"failureMessages":[],"meta":{}},{"ancestorTitles":["Template — slugify"],"fullName":"Template — slugify rimuove trattini iniziali e finali","status":"passed","title":"rimuove trattini iniziali e finali","duration":0.30006600000001526,"failureMessages":[],"meta":{}},{"ancestorTitles":["Template — slugify"],"fullName":"Template — slugify gestisce stringa già valida senza modifiche","status":"passed","title":"gestisce stringa già valida senza modifiche","duration":0.21397800000011102,"failureMessages":[],"meta":{}},{"ancestorTitles":["Template — slugify"],"fullName":"Template — slugify gestisce stringa vuota","status":"passed","title":"gestisce stringa vuota","duration":0.16854000000000724,"failureMessages":[],"meta":{}},{"ancestorTitles":["Template — slugify"],"fullName":"Template — slugify gestisce caratteri accentati italiani","status":"passed","title":"gestisce caratteri accentati italiani","duration":0.1485410000000229,"failureMessages":[],"meta":{}},{"ancestorTitles":["Template — slugify"],"fullName":"Template — slugify underscore vengono convertiti in trattino","status":"passed","title":"underscore vengono convertiti in trattino","duration":0.26319100000000617,"failureMessages":[],"meta":{}},{"ancestorTitles":["Template — allowedChildTemplateIds parsing"],"fullName":"Template — allowedChildTemplateIds parsing null → array vuoto","status":"passed","title":"null → array vuoto","duration":0.9121549999999843,"failureMessages":[],"meta":{}},{"ancestorTitles":["Template — allowedChildTemplateIds parsing"],"fullName":"Template — allowedChildTemplateIds parsing stringa vuota → array vuoto","status":"passed","title":"stringa vuota → array vuoto","duration":0.18538499999999658,"failureMessages":[],"meta":{}},{"ancestorTitles":["Template — allowedChildTemplateIds parsing"],"fullName":"Template — allowedChildTemplateIds parsing array numerico valido","status":"passed","title":"array numerico valido","duration":0.21242599999993672,"failureMessages":[],"meta":{}},{"ancestorTitles":["Template — allowedChildTemplateIds parsing"],"fullName":"Template — allowedChildTemplateIds parsing filtra gli zero (falsy)","status":"passed","title":"filtra gli zero (falsy)","duration":0.1714039999999386,"failureMessages":[],"meta":{}},{"ancestorTitles":["Template — allowedChildTemplateIds parsing"],"fullName":"Template — allowedChildTemplateIds parsing converte stringhe numeriche in numeri","status":"passed","title":"converte stringhe numeriche in numeri","duration":0.3928039999999555,"failureMessages":[],"meta":{}},{"ancestorTitles":["Template — allowedChildTemplateIds parsing"],"fullName":"Template — allowedChildTemplateIds parsing JSON non valido → array vuoto","status":"passed","title":"JSON non valido → array vuoto","duration":0.26122799999996005,"failureMessages":[],"meta":{}},{"ancestorTitles":["Template — allowedChildTemplateIds parsing"],"fullName":"Template — allowedChildTemplateIds parsing JSON non array (oggetto) → array vuoto","status":"passed","title":"JSON non array (oggetto) → array vuoto","duration":0.16873999999995704,"failureMessages":[],"meta":{}},{"ancestorTitles":["Template — allowedChildTemplateIds parsing"],"fullName":"Template — allowedChildTemplateIds parsing array misto con NaN viene filtrato","status":"passed","title":"array misto con NaN viene filtrato","duration":0.18118900000001759,"failureMessages":[],"meta":{}},{"ancestorTitles":["Template — styleConfig"],"fullName":"Template — styleConfig valori default corretti","status":"passed","title":"valori default corretti","duration":0.32582400000001144,"failureMessages":[],"meta":{}},{"ancestorTitles":["Template — styleConfig"],"fullName":"Template — styleConfig override singolo campo","status":"passed","title":"override singolo campo","duration":0.2249540000000252,"failureMessages":[],"meta":{}},{"ancestorTitles":["Template — styleConfig"],"fullName":"Template — styleConfig serializza correttamente in JSON","status":"passed","title":"serializza correttamente in JSON","duration":0.21181500000000142,"failureMessages":[],"meta":{}},{"ancestorTitles":["Template — styleConfig"],"fullName":"Template — styleConfig JSON.stringify → JSON.parse è idempotente","status":"passed","title":"JSON.stringify → JSON.parse è idempotente","duration":1.1734780000000455,"failureMessages":[],"meta":{}},{"ancestorTitles":["Template — styleConfig"],"fullName":"Template — styleConfig colorPrimary null rimane null","status":"passed","title":"colorPrimary null rimane null","duration":1.426473000000101,"failureMessages":[],"meta":{}},{"ancestorTitles":["Template — styleConfig"],"fullName":"Template — styleConfig accetta colorPrimary come hex valido","status":"passed","title":"accetta colorPrimary come hex valido","duration":0.255800000000022,"failureMessages":[],"meta":{}},{"ancestorTitles":["Template — fieldsJson parsing"],"fullName":"Template — fieldsJson parsing null → array vuoto","status":"passed","title":"null → array vuoto","duration":0.1841229999999996,"failureMessages":[],"meta":{}},{"ancestorTitles":["Template — fieldsJson parsing"],"fullName":"Template — fieldsJson parsing JSON non valido → array vuoto","status":"passed","title":"JSON non valido → array vuoto","duration":0.15351799999996274,"failureMessages":[],"meta":{}},{"ancestorTitles":["Template — fieldsJson parsing"],"fullName":"Template — fieldsJson parsing array vuoto → array vuoto","status":"passed","title":"array vuoto → array vuoto","duration":0.11727399999995214,"failureMessages":[],"meta":{}},{"ancestorTitles":["Template — fieldsJson parsing"],"fullName":"Template — fieldsJson parsing un campo valido viene parsato","status":"passed","title":"un campo valido viene parsato","duration":1.1570179999999937,"failureMessages":[],"meta":{}},{"ancestorTitles":["Template — fieldsJson parsing"],"fullName":"Template — fieldsJson parsing più campi vengono parsati tutti","status":"passed","title":"più campi vengono parsati tutti","duration":0.2869459999999435,"failureMessages":[],"meta":{}},{"ancestorTitles":["Template — fieldsJson parsing"],"fullName":"Template — fieldsJson parsing JSON oggetto (non array) → array vuoto","status":"passed","title":"JSON oggetto (non array) → array vuoto","duration":0.11610300000006646,"failureMessages":[],"meta":{}},{"ancestorTitles":["Template — fieldsJson parsing"],"fullName":"Template — fieldsJson parsing sortOrder viene preservato","status":"passed","title":"sortOrder viene preservato","duration":0.12172099999997954,"failureMessages":[],"meta":{}},{"ancestorTitles":["Template — validazione name e slug"],"fullName":"Template — validazione name e slug name e slug validi → nessun errore","status":"passed","title":"name e slug validi → nessun errore","duration":0.21630100000004404,"failureMessages":[],"meta":{}},{"ancestorTitles":["Template — validazione name e slug"],"fullName":"Template — validazione name e slug name vuoto → errore","status":"passed","title":"name vuoto → errore","duration":0.09281799999996565,"failureMessages":[],"meta":{}},{"ancestorTitles":["Template — validazione name e slug"],"fullName":"Template — validazione name e slug name solo spazi → errore","status":"passed","title":"name solo spazi → errore","duration":0.1279700000000048,"failureMessages":[],"meta":{}},{"ancestorTitles":["Template — validazione name e slug"],"fullName":"Template — validazione name e slug slug vuoto → errore","status":"passed","title":"slug vuoto → errore","duration":0.0974749999999176,"failureMessages":[],"meta":{}},{"ancestorTitles":["Template — validazione name e slug"],"fullName":"Template — validazione name e slug name oltre 255 caratteri → errore","status":"passed","title":"name oltre 255 caratteri → errore","duration":0.09249799999997776,"failureMessages":[],"meta":{}},{"ancestorTitles":["Template — validazione name e slug"],"fullName":"Template — validazione name e slug name di esattamente 255 caratteri → ok","status":"passed","title":"name di esattamente 255 caratteri → ok","duration":0.08768099999997503,"failureMessages":[],"meta":{}},{"ancestorTitles":["Template — validazione name e slug"],"fullName":"Template — validazione name e slug slug oltre 255 caratteri → errore","status":"passed","title":"slug oltre 255 caratteri → errore","duration":0.09800500000005741,"failureMessages":[],"meta":{}}],"startTime":1777205909033,"endTime":1777205909046.128,"status":"passed","message":"","name":"/home/runner/work/librolo/librolo/tests/app/template.test.ts"},{"assertionResults":[{"ancestorTitles":["Bloom Filter — Email","checkEmailAvailability"],"fullName":"Bloom Filter — Email checkEmailAvailability returns available=true without DB query when all bits are 0 (certainly absent)","status":"passed","title":"returns available=true without DB query when all bits are 0 (certainly absent)","duration":3.404777000000081,"failureMessages":[],"meta":{}},{"ancestorTitles":["Bloom Filter — Email","checkEmailAvailability"],"fullName":"Bloom Filter — Email checkEmailAvailability returns available=true without DB query when at least one bit is 0","status":"passed","title":"returns available=true without DB query when at least one bit is 0","duration":0.6059789999999339,"failureMessages":[],"meta":{}},{"ancestorTitles":["Bloom Filter — Email","checkEmailAvailability"],"fullName":"Bloom Filter — Email checkEmailAvailability returns available=false when all bits are 1 and DB confirms email exists","status":"passed","title":"returns available=false when all bits are 1 and DB confirms email exists","duration":0.5668319999999767,"failureMessages":[],"meta":{}},{"ancestorTitles":["Bloom Filter — Email","checkEmailAvailability"],"fullName":"Bloom Filter — Email checkEmailAvailability returns available=true when all bits are 1 but DB finds nothing (false positive)","status":"passed","title":"returns available=true when all bits are 1 but DB finds nothing (false positive)","duration":0.4440190000000257,"failureMessages":[],"meta":{}},{"ancestorTitles":["Bloom Filter — Email","checkEmailAvailability"],"fullName":"Bloom Filter — Email checkEmailAvailability normalizes email to lowercase before hashing","status":"passed","title":"normalizes email to lowercase before hashing","duration":2.2702619999998888,"failureMessages":[],"meta":{}},{"ancestorTitles":["Bloom Filter — Email","checkEmailAvailability"],"fullName":"Bloom Filter — Email checkEmailAvailability sends GETBIT commands to the /pipeline endpoint","status":"passed","title":"sends GETBIT commands to the /pipeline endpoint","duration":0.5401620000000094,"failureMessages":[],"meta":{}},{"ancestorTitles":["Bloom Filter — Email","addEmailToBloom"],"fullName":"Bloom Filter — Email addEmailToBloom sends k=7 SETBIT commands via pipeline for a single email","status":"passed","title":"sends k=7 SETBIT commands via pipeline for a single email","duration":1.3733190000000377,"failureMessages":[],"meta":{}},{"ancestorTitles":["Bloom Filter — Email","addEmailToBloom"],"fullName":"Bloom Filter — Email addEmailToBloom normalizes email before setting bits (uppercase == lowercase same positions)","status":"passed","title":"normalizes email before setting bits (uppercase == lowercase same positions)","duration":1.2477529999999888,"failureMessages":[],"meta":{}},{"ancestorTitles":["Bloom Filter — Email","addEmailsBulkToBloom"],"fullName":"Bloom Filter — Email addEmailsBulkToBloom sends k*n SETBIT commands for n emails","status":"passed","title":"sends k*n SETBIT commands for n emails","duration":0.6675410000000284,"failureMessages":[],"meta":{}},{"ancestorTitles":["Bloom Filter — Email","addEmailsBulkToBloom"],"fullName":"Bloom Filter — Email addEmailsBulkToBloom normalizes all emails before setting bits","status":"passed","title":"normalizes all emails before setting bits","duration":0.824944999999957,"failureMessages":[],"meta":{}},{"ancestorTitles":["Bloom Filter — Email","addEmailsBulkToBloom"],"fullName":"Bloom Filter — Email addEmailsBulkToBloom does nothing when given an empty array","status":"passed","title":"does nothing when given an empty array","duration":0.33635900000001584,"failureMessages":[],"meta":{}},{"ancestorTitles":["Bloom Filter — Email","ensureBloomFilter"],"fullName":"Bloom Filter — Email ensureBloomFilter is a no-op (SETBIT auto-creates the key)","status":"passed","title":"is a no-op (SETBIT auto-creates the key)","duration":0.8270890000000009,"failureMessages":[],"meta":{}},{"ancestorTitles":["Bloom Filter — Email","ensureBloomFilter"],"fullName":"Bloom Filter — Email ensureBloomFilter resolves without throwing even if called multiple times","status":"passed","title":"resolves without throwing even if called multiple times","duration":0.3530749999999898,"failureMessages":[],"meta":{}},{"ancestorTitles":["Bloom Filter — Email","Error handling"],"fullName":"Bloom Filter — Email Error handling throws on Upstash HTTP error in pipeline","status":"passed","title":"throws on Upstash HTTP error in pipeline","duration":1.7721819999999298,"failureMessages":[],"meta":{}},{"ancestorTitles":["Bloom Filter — Email","Error handling"],"fullName":"Bloom Filter — Email Error handling throws when env vars are missing","status":"passed","title":"throws when env vars are missing","duration":0.5829049999999825,"failureMessages":[],"meta":{}}],"startTime":1777205908925,"endTime":1777205908941.583,"status":"passed","message":"","name":"/home/runner/work/librolo/librolo/tests/bloom/email-filter.test.ts"},{"assertionResults":[{"ancestorTitles":["Bloom Filter — Username","checkUsernameAvailability"],"fullName":"Bloom Filter — Username checkUsernameAvailability returns available=true without DB query when all bits are 0 (certainly absent)","status":"passed","title":"returns available=true without DB query when all bits are 0 (certainly absent)","duration":2.9511949999998706,"failureMessages":[],"meta":{}},{"ancestorTitles":["Bloom Filter — Username","checkUsernameAvailability"],"fullName":"Bloom Filter — Username checkUsernameAvailability returns available=true without DB query when at least one bit is 0","status":"passed","title":"returns available=true without DB query when at least one bit is 0","duration":0.6143779999999879,"failureMessages":[],"meta":{}},{"ancestorTitles":["Bloom Filter — Username","checkUsernameAvailability"],"fullName":"Bloom Filter — Username checkUsernameAvailability returns available=false when all bits are 1 and DB confirms username taken","status":"passed","title":"returns available=false when all bits are 1 and DB confirms username taken","duration":0.5191529999999602,"failureMessages":[],"meta":{}},{"ancestorTitles":["Bloom Filter — Username","checkUsernameAvailability"],"fullName":"Bloom Filter — Username checkUsernameAvailability returns available=true when all bits are 1 but DB finds nothing (false positive)","status":"passed","title":"returns available=true when all bits are 1 but DB finds nothing (false positive)","duration":0.33398299999998926,"failureMessages":[],"meta":{}},{"ancestorTitles":["Bloom Filter — Username","checkUsernameAvailability"],"fullName":"Bloom Filter — Username checkUsernameAvailability normalizes username to lowercase and trims whitespace before hashing","status":"passed","title":"normalizes username to lowercase and trims whitespace before hashing","duration":1.8823979999999665,"failureMessages":[],"meta":{}},{"ancestorTitles":["Bloom Filter — Username","checkUsernameAvailability"],"fullName":"Bloom Filter — Username checkUsernameAvailability sends GETBIT commands to the /pipeline endpoint targeting bloom:usernames","status":"passed","title":"sends GETBIT commands to the /pipeline endpoint targeting bloom:usernames","duration":0.5029769999998734,"failureMessages":[],"meta":{}},{"ancestorTitles":["Bloom Filter — Username","checkUsernameAvailability"],"fullName":"Bloom Filter — Username checkUsernameAvailability does NOT target bloom:emails key (key isolation)","status":"passed","title":"does NOT target bloom:emails key (key isolation)","duration":0.9554130000001351,"failureMessages":[],"meta":{}},{"ancestorTitles":["Bloom Filter — Username","addUsernameToBloom"],"fullName":"Bloom Filter — Username addUsernameToBloom sends k=7 SETBIT commands via pipeline targeting bloom:usernames","status":"passed","title":"sends k=7 SETBIT commands via pipeline targeting bloom:usernames","duration":0.8677489999997761,"failureMessages":[],"meta":{}},{"ancestorTitles":["Bloom Filter — Username","addUsernameToBloom"],"fullName":"Bloom Filter — Username addUsernameToBloom does NOT target bloom:emails key (key isolation)","status":"passed","title":"does NOT target bloom:emails key (key isolation)","duration":1.2415179999998145,"failureMessages":[],"meta":{}},{"ancestorTitles":["Bloom Filter — Username","addUsernameToBloom"],"fullName":"Bloom Filter — Username addUsernameToBloom normalization: uppercase and lowercase produce identical bit positions","status":"passed","title":"normalization: uppercase and lowercase produce identical bit positions","duration":0.41523499999993874,"failureMessages":[],"meta":{}},{"ancestorTitles":["Bloom Filter — Username","addUsernameToBloom"],"fullName":"Bloom Filter — Username addUsernameToBloom normalization: leading/trailing spaces are ignored","status":"passed","title":"normalization: leading/trailing spaces are ignored","duration":0.4407859999998891,"failureMessages":[],"meta":{}},{"ancestorTitles":["Bloom Filter — Username","Redis fallback (Redis unavailable)"],"fullName":"Bloom Filter — Username Redis fallback (Redis unavailable) falls back to DB when Redis is down and returns available=false if username taken","status":"passed","title":"falls back to DB when Redis is down and returns available=false if username taken","duration":11.17491599999994,"failureMessages":[],"meta":{}},{"ancestorTitles":["Bloom Filter — Username","Redis fallback (Redis unavailable)"],"fullName":"Bloom Filter — Username Redis fallback (Redis unavailable) falls back to DB when Redis is down and returns available=true if username free","status":"passed","title":"falls back to DB when Redis is down and returns available=true if username free","duration":2.762418000000025,"failureMessages":[],"meta":{}},{"ancestorTitles":["Bloom Filter — Username","ensureBloomFilter"],"fullName":"Bloom Filter — Username ensureBloomFilter is a no-op (SETBIT auto-creates both keys)","status":"passed","title":"is a no-op (SETBIT auto-creates both keys)","duration":0.8068809999999758,"failureMessages":[],"meta":{}},{"ancestorTitles":["Bloom Filter — Username","ensureBloomFilter"],"fullName":"Bloom Filter — Username ensureBloomFilter resolves without throwing even if called multiple times","status":"passed","title":"resolves without throwing even if called multiple times","duration":0.28999100000010003,"failureMessages":[],"meta":{}},{"ancestorTitles":["Bloom Filter — Username","Error handling"],"fullName":"Bloom Filter — Username Error handling throws on Upstash HTTP error in pipeline","status":"passed","title":"throws on Upstash HTTP error in pipeline","duration":1.7719990000000507,"failureMessages":[],"meta":{}},{"ancestorTitles":["Bloom Filter — Username","Error handling"],"fullName":"Bloom Filter — Username Error handling throws when credentials are missing","status":"passed","title":"throws when credentials are missing","duration":0.5667009999999664,"failureMessages":[],"meta":{}}],"startTime":1777205907960,"endTime":1777205907988.5667,"status":"passed","message":"","name":"/home/runner/work/librolo/librolo/tests/bloom/username-filter.test.ts"},{"assertionResults":[{"ancestorTitles":["SimpleButton component"],"fullName":"SimpleButton component renderizza correttamente con label","status":"passed","title":"renderizza correttamente con label","duration":95.21520600000008,"failureMessages":[],"meta":{}},{"ancestorTitles":["SimpleButton component"],"fullName":"SimpleButton component è disabilitato quando disabled=true","status":"passed","title":"è disabilitato quando disabled=true","duration":8.183112999999821,"failureMessages":[],"meta":{}},{"ancestorTitles":["Badge component"],"fullName":"Badge component renderizza badge Pubblicato con variante success","status":"passed","title":"renderizza badge Pubblicato con variante success","duration":9.445398000000068,"failureMessages":[],"meta":{}},{"ancestorTitles":["Badge component"],"fullName":"Badge component renderizza badge Bozza con variante warning","status":"passed","title":"renderizza badge Bozza con variante warning","duration":7.807761000000028,"failureMessages":[],"meta":{}},{"ancestorTitles":["Badge component"],"fullName":"Badge component renderizza badge Errore con variante error","status":"passed","title":"renderizza badge Errore con variante error","duration":6.883002000000033,"failureMessages":[],"meta":{}}],"startTime":1777205911262,"endTime":1777205911389.883,"status":"passed","message":"","name":"/home/runner/work/librolo/librolo/tests/components/ui-smoke.test.tsx"},{"assertionResults":[{"ancestorTitles":["session.ts","hashPassword / comparePasswords"],"fullName":"session.ts hashPassword / comparePasswords produce un hash diverso dalla password originale","status":"passed","title":"produce un hash diverso dalla password originale","duration":198.50506599999994,"failureMessages":[],"meta":{}},{"ancestorTitles":["session.ts","hashPassword / comparePasswords"],"fullName":"session.ts hashPassword / comparePasswords due hash della stessa password sono diversi (salt)","status":"passed","title":"due hash della stessa password sono diversi (salt)","duration":202.67671100000007,"failureMessages":[],"meta":{}},{"ancestorTitles":["session.ts","hashPassword / comparePasswords"],"fullName":"session.ts hashPassword / comparePasswords comparePasswords ritorna true per password corretta","status":"passed","title":"comparePasswords ritorna true per password corretta","duration":192.932279,"failureMessages":[],"meta":{}},{"ancestorTitles":["session.ts","hashPassword / comparePasswords"],"fullName":"session.ts hashPassword / comparePasswords comparePasswords ritorna false per password sbagliata","status":"passed","title":"comparePasswords ritorna false per password sbagliata","duration":186.86208399999987,"failureMessages":[],"meta":{}},{"ancestorTitles":["session.ts","signToken / verifyToken"],"fullName":"session.ts signToken / verifyToken signa e verifica un token valido","status":"passed","title":"signa e verifica un token valido","duration":5.187535000000025,"failureMessages":[],"meta":{}},{"ancestorTitles":["session.ts","signToken / verifyToken"],"fullName":"session.ts signToken / verifyToken verifyToken fallisce su token malformato","status":"passed","title":"verifyToken fallisce su token malformato","duration":1.782367000000022,"failureMessages":[],"meta":{}},{"ancestorTitles":["session.ts","signToken / verifyToken"],"fullName":"session.ts signToken / verifyToken verifyToken fallisce su stringa vuota","status":"passed","title":"verifyToken fallisce su stringa vuota","duration":0.636985999999979,"failureMessages":[],"meta":{}},{"ancestorTitles":["otp.ts","generateOtpCode"],"fullName":"otp.ts generateOtpCode genera un codice di esattamente 6 cifre","status":"passed","title":"genera un codice di esattamente 6 cifre","duration":59.06016499999987,"failureMessages":[],"meta":{}},{"ancestorTitles":["otp.ts","generateOtpCode"],"fullName":"otp.ts generateOtpCode genera codici diversi ad ogni chiamata","status":"passed","title":"genera codici diversi ad ogni chiamata","duration":0.8187159999999949,"failureMessages":[],"meta":{}},{"ancestorTitles":["otp.ts","generateOtpCode"],"fullName":"otp.ts generateOtpCode il codice e sempre compreso tra 100000 e 999999","status":"passed","title":"il codice e sempre compreso tra 100000 e 999999","duration":1.2705780000001141,"failureMessages":[],"meta":{}},{"ancestorTitles":["otp.ts","verifyOtpCode -- logica dominio (mock DB)"],"fullName":"otp.ts verifyOtpCode -- logica dominio (mock DB) rifiuta se nessun record trovato (codice non esiste)","status":"passed","title":"rifiuta se nessun record trovato (codice non esiste)","duration":0.8638630000000376,"failureMessages":[],"meta":{}},{"ancestorTitles":["otp.ts","verifyOtpCode -- logica dominio (mock DB)"],"fullName":"otp.ts verifyOtpCode -- logica dominio (mock DB) rifiuta codice scaduto","status":"passed","title":"rifiuta codice scaduto","duration":0.5230070000000069,"failureMessages":[],"meta":{}},{"ancestorTitles":["otp.ts","verifyOtpCode -- logica dominio (mock DB)"],"fullName":"otp.ts verifyOtpCode -- logica dominio (mock DB) rifiuta codice errato e incrementa attempts","status":"passed","title":"rifiuta codice errato e incrementa attempts","duration":0.7247270000000299,"failureMessages":[],"meta":{}},{"ancestorTitles":["otp.ts","verifyOtpCode -- logica dominio (mock DB)"],"fullName":"otp.ts verifyOtpCode -- logica dominio (mock DB) non chiama update su codice corretto (elimina direttamente)","status":"passed","title":"non chiama update su codice corretto (elimina direttamente)","duration":0.9429410000000189,"failureMessages":[],"meta":{}},{"ancestorTitles":["otp.ts","verifyOtpCode -- logica dominio (mock DB)"],"fullName":"otp.ts verifyOtpCode -- logica dominio (mock DB) blocca e invalida il record quando attempts >= MAX_OTP_ATTEMPTS","status":"passed","title":"blocca e invalida il record quando attempts >= MAX_OTP_ATTEMPTS","duration":0.6685429999999997,"failureMessages":[],"meta":{}},{"ancestorTitles":["otp.ts","verifyOtpCode -- logica dominio (mock DB)"],"fullName":"otp.ts verifyOtpCode -- logica dominio (mock DB) blocca anche con attempts > MAX_OTP_ATTEMPTS (over-limit)","status":"passed","title":"blocca anche con attempts > MAX_OTP_ATTEMPTS (over-limit)","duration":0.595745000000079,"failureMessages":[],"meta":{}},{"ancestorTitles":["otp.ts","verifyOtpCode -- logica dominio (mock DB)"],"fullName":"otp.ts verifyOtpCode -- logica dominio (mock DB) al tentativo (MAX-1) non blocca ancora, incrementa","status":"passed","title":"al tentativo (MAX-1) non blocca ancora, incrementa","duration":0.8929759999998623,"failureMessages":[],"meta":{}},{"ancestorTitles":["password-reset.ts"],"fullName":"password-reset.ts rifiuta token inesistente (DB ritorna [])","status":"passed","title":"rifiuta token inesistente (DB ritorna [])","duration":6.8836039999998775,"failureMessages":[],"meta":{}},{"ancestorTitles":["password-reset.ts"],"fullName":"password-reset.ts rifiuta token scaduto","status":"passed","title":"rifiuta token scaduto","duration":0.6187589999999545,"failureMessages":[],"meta":{}},{"ancestorTitles":["password-reset.ts"],"fullName":"password-reset.ts token valido: ritorna userId e lo elimina atomicamente","status":"passed","title":"token valido: ritorna userId e lo elimina atomicamente","duration":0.5207639999998719,"failureMessages":[],"meta":{}},{"ancestorTitles":["password-reset.ts"],"fullName":"password-reset.ts token valido: delete non chiamata due volte se caller invoca anche deletePasswordResetToken","status":"passed","title":"token valido: delete non chiamata due volte se caller invoca anche deletePasswordResetToken","duration":0.5594009999999798,"failureMessages":[],"meta":{}},{"ancestorTitles":["rate-limit.ts -- checkGeneralRateLimit (DB-based)"],"fullName":"rate-limit.ts -- checkGeneralRateLimit (DB-based) non bloccata se DB non ha tentativi (count=0)","status":"passed","title":"non bloccata se DB non ha tentativi (count=0)","duration":11.346871999999848,"failureMessages":[],"meta":{}},{"ancestorTitles":["rate-limit.ts -- checkGeneralRateLimit (DB-based)"],"fullName":"rate-limit.ts -- checkGeneralRateLimit (DB-based) non bloccata se tentativi < max","status":"passed","title":"non bloccata se tentativi < max","duration":0.6541010000000824,"failureMessages":[],"meta":{}},{"ancestorTitles":["rate-limit.ts -- checkGeneralRateLimit (DB-based)"],"fullName":"rate-limit.ts -- checkGeneralRateLimit (DB-based) bloccata se tentativi === max","status":"passed","title":"bloccata se tentativi === max","duration":0.5908180000001266,"failureMessages":[],"meta":{}},{"ancestorTitles":["rate-limit.ts -- checkGeneralRateLimit (DB-based)"],"fullName":"rate-limit.ts -- checkGeneralRateLimit (DB-based) bloccata se tentativi > max","status":"passed","title":"bloccata se tentativi > max","duration":0.5423350000000937,"failureMessages":[],"meta":{}},{"ancestorTitles":["rate-limit.ts -- checkGeneralRateLimit (DB-based)"],"fullName":"rate-limit.ts -- checkGeneralRateLimit (DB-based) remaining non scende mai sotto zero","status":"passed","title":"remaining non scende mai sotto zero","duration":0.5408029999998689,"failureMessages":[],"meta":{}},{"ancestorTitles":["rate-limit.ts -- checkGeneralRateLimit (DB-based)"],"fullName":"rate-limit.ts -- checkGeneralRateLimit (DB-based) recordGeneralAttempt chiama db.insert().values() con ip marker corretto","status":"passed","title":"recordGeneralAttempt chiama db.insert().values() con ip marker corretto","duration":2.1018420000000333,"failureMessages":[],"meta":{}},{"ancestorTitles":["Auth input validation (unit)"],"fullName":"Auth input validation (unit) rifiuta password vuota","status":"passed","title":"rifiuta password vuota","duration":0.8971630000000914,"failureMessages":[],"meta":{}},{"ancestorTitles":["Auth input validation (unit)"],"fullName":"Auth input validation (unit) rifiuta email vuota","status":"passed","title":"rifiuta email vuota","duration":0.4306490000001304,"failureMessages":[],"meta":{}},{"ancestorTitles":["Auth input validation (unit)"],"fullName":"Auth input validation (unit) rifiuta email non valida","status":"passed","title":"rifiuta email non valida","duration":0.5223459999999704,"failureMessages":[],"meta":{}},{"ancestorTitles":["Auth input validation (unit)"],"fullName":"Auth input validation (unit) rifiuta password troppo corta (<8 caratteri)","status":"passed","title":"rifiuta password troppo corta (<8 caratteri)","duration":0.34359999999992397,"failureMessages":[],"meta":{}},{"ancestorTitles":["Auth input validation (unit)"],"fullName":"Auth input validation (unit) accetta credenziali valide","status":"passed","title":"accetta credenziali valide","duration":0.42197699999996985,"failureMessages":[],"meta":{}},{"ancestorTitles":["Auth input validation (unit)"],"fullName":"Auth input validation (unit) normalizza email (lowercase + trim)","status":"passed","title":"normalizza email (lowercase + trim)","duration":0.3814260000001468,"failureMessages":[],"meta":{}},{"ancestorTitles":["queries.ts -- getUser con JWT non valido"],"fullName":"queries.ts -- getUser con JWT non valido ritorna null su token malformato (non crasha)","status":"passed","title":"ritorna null su token malformato (non crasha)","duration":14.260999999999967,"failureMessages":[],"meta":{}},{"ancestorTitles":["queries.ts -- getUser con JWT non valido"],"fullName":"queries.ts -- getUser con JWT non valido ritorna null su token con firma alterata","status":"passed","title":"ritorna null su token con firma alterata","duration":10.33431799999994,"failureMessages":[],"meta":{}},{"ancestorTitles":["queries.ts -- getUser con JWT non valido"],"fullName":"queries.ts -- getUser con JWT non valido ritorna null su cookie assente (get ritorna undefined)","status":"passed","title":"ritorna null su cookie assente (get ritorna undefined)","duration":8.435178000000178,"failureMessages":[],"meta":{}}],"startTime":1777205911809,"endTime":1777205912725.435,"status":"passed","message":"","name":"/home/runner/work/librolo/librolo/tests/lib/auth.test.ts"},{"assertionResults":[{"ancestorTitles":["rate-limit.ts -- checkRateLimit (soglie dal DB)"],"fullName":"rate-limit.ts -- checkRateLimit (soglie dal DB) blocca l'IP quando i tentativi superano maxAttempts dal DB","status":"passed","title":"blocca l'IP quando i tentativi superano maxAttempts dal DB","duration":71.37152499999996,"failureMessages":[],"meta":{}},{"ancestorTitles":["rate-limit.ts -- checkRateLimit (soglie dal DB)"],"fullName":"rate-limit.ts -- checkRateLimit (soglie dal DB) non blocca se i tentativi sono sotto la soglia","status":"passed","title":"non blocca se i tentativi sono sotto la soglia","duration":11.06703600000003,"failureMessages":[],"meta":{}},{"ancestorTitles":["rate-limit.ts -- checkRateLimit (soglie dal DB)"],"fullName":"rate-limit.ts -- checkRateLimit (soglie dal DB) non blocca se tentativi === 0","status":"passed","title":"non blocca se tentativi === 0","duration":7.254219000000035,"failureMessages":[],"meta":{}},{"ancestorTitles":["rate-limit.ts -- checkRateLimit (soglie dal DB)"],"fullName":"rate-limit.ts -- checkRateLimit (soglie dal DB) blocca sempre se l'IP è in blacklist, indipendentemente dai tentativi","status":"passed","title":"blocca sempre se l'IP è in blacklist, indipendentemente dai tentativi","duration":6.673131000000012,"failureMessages":[],"meta":{}},{"ancestorTitles":["rate-limit.ts -- checkRateLimit (soglie dal DB)"],"fullName":"rate-limit.ts -- checkRateLimit (soglie dal DB) remaining non scende mai sotto zero","status":"passed","title":"remaining non scende mai sotto zero","duration":6.34139799999997,"failureMessages":[],"meta":{}},{"ancestorTitles":["rate-limit.ts -- azioni admin IP"],"fullName":"rate-limit.ts -- azioni admin IP unblockIp chiama db.delete() una volta","status":"passed","title":"unblockIp chiama db.delete() una volta","duration":13.110842000000048,"failureMessages":[],"meta":{}},{"ancestorTitles":["rate-limit.ts -- azioni admin IP"],"fullName":"rate-limit.ts -- azioni admin IP blacklistIp chiama db.insert().values().onConflictDoNothing()","status":"passed","title":"blacklistIp chiama db.insert().values().onConflictDoNothing()","duration":11.291761000000008,"failureMessages":[],"meta":{}},{"ancestorTitles":["rate-limit.ts -- azioni admin IP"],"fullName":"rate-limit.ts -- azioni admin IP blacklistIp funziona anche senza reason","status":"passed","title":"blacklistIp funziona anche senza reason","duration":7.924583999999982,"failureMessages":[],"meta":{}},{"ancestorTitles":["rate-limit.ts -- azioni admin IP"],"fullName":"rate-limit.ts -- azioni admin IP removeFromBlacklist chiama db.delete() una volta","status":"passed","title":"removeFromBlacklist chiama db.delete() una volta","duration":5.631893999999988,"failureMessages":[],"meta":{}},{"ancestorTitles":["Bruteforce config — validazione Zod"],"fullName":"Bruteforce config — validazione Zod accetta valori validi","status":"passed","title":"accetta valori validi","duration":1.6411180000000058,"failureMessages":[],"meta":{}},{"ancestorTitles":["Bruteforce config — validazione Zod"],"fullName":"Bruteforce config — validazione Zod rifiuta bf_signin_max = 0","status":"passed","title":"rifiuta bf_signin_max = 0","duration":0.8177550000000338,"failureMessages":[],"meta":{}},{"ancestorTitles":["Bruteforce config — validazione Zod"],"fullName":"Bruteforce config — validazione Zod rifiuta bf_signin_max > 100","status":"passed","title":"rifiuta bf_signin_max > 100","duration":0.47735899999997855,"failureMessages":[],"meta":{}},{"ancestorTitles":["Bruteforce config — validazione Zod"],"fullName":"Bruteforce config — validazione Zod rifiuta bf_window_minutes > 1440 (più di 24h)","status":"passed","title":"rifiuta bf_window_minutes > 1440 (più di 24h)","duration":0.4892859999999928,"failureMessages":[],"meta":{}},{"ancestorTitles":["Bruteforce config — validazione Zod"],"fullName":"Bruteforce config — validazione Zod rifiuta bf_lockout_minutes > 10080 (più di 7 giorni)","status":"passed","title":"rifiuta bf_lockout_minutes > 10080 (più di 7 giorni)","duration":1.0044619999999895,"failureMessages":[],"meta":{}}],"startTime":1777205912017,"endTime":1777205912163.0044,"status":"passed","message":"","name":"/home/runner/work/librolo/librolo/tests/lib/bruteforce.test.ts"},{"assertionResults":[{"ancestorTitles":["checkSignupRateLimit — Redis L1"],"fullName":"checkSignupRateLimit — Redis L1 non blocca quando Redis risponde con count < max (remaining corretto)","status":"passed","title":"non blocca quando Redis risponde con count < max (remaining corretto)","duration":133.51297999999997,"failureMessages":[],"meta":{}},{"ancestorTitles":["checkSignupRateLimit — Redis L1"],"fullName":"checkSignupRateLimit — Redis L1 blocca quando Redis risponde con count >= max","status":"passed","title":"blocca quando Redis risponde con count >= max","duration":10.645119999999906,"failureMessages":[],"meta":{}},{"ancestorTitles":["checkSignupRateLimit — Redis L1"],"fullName":"checkSignupRateLimit — Redis L1 blocca oltre il limite (count > max)","status":"passed","title":"blocca oltre il limite (count > max)","duration":11.656451999999945,"failureMessages":[],"meta":{}},{"ancestorTitles":["checkSignupRateLimit — Redis L1"],"fullName":"checkSignupRateLimit — Redis L1 setta EXPIRE solo al primo INCR (count === 1)","status":"passed","title":"setta EXPIRE solo al primo INCR (count === 1)","duration":10.505203000000051,"failureMessages":[],"meta":{}},{"ancestorTitles":["checkSignupRateLimit — Redis L1"],"fullName":"checkSignupRateLimit — Redis L1 non setta EXPIRE quando count > 1","status":"passed","title":"non setta EXPIRE quando count > 1","duration":10.26111000000003,"failureMessages":[],"meta":{}},{"ancestorTitles":["checkSignupRateLimit — DB L2 fallback (Redis unavailable)"],"fullName":"checkSignupRateLimit — DB L2 fallback (Redis unavailable) usa il DB quando Redis è down — non blocca sotto la soglia","status":"passed","title":"usa il DB quando Redis è down — non blocca sotto la soglia","duration":19.930791,"failureMessages":[],"meta":{}},{"ancestorTitles":["checkSignupRateLimit — DB L2 fallback (Redis unavailable)"],"fullName":"checkSignupRateLimit — DB L2 fallback (Redis unavailable) usa il DB quando Redis è down — blocca sopra la soglia","status":"passed","title":"usa il DB quando Redis è down — blocca sopra la soglia","duration":9.359829999999988,"failureMessages":[],"meta":{}},{"ancestorTitles":["checkSignupRateLimit — DB L2 fallback (Redis unavailable)"],"fullName":"checkSignupRateLimit — DB L2 fallback (Redis unavailable) blacklist blocca il signup immediatamente (DB fallback)","status":"passed","title":"blacklist blocca il signup immediatamente (DB fallback)","duration":8.759004000000004,"failureMessages":[],"meta":{}},{"ancestorTitles":["checkAvailabilityRateLimit — Redis L1"],"fullName":"checkAvailabilityRateLimit — Redis L1 non blocca quando count < max","status":"passed","title":"non blocca quando count < max","duration":7.84671400000002,"failureMessages":[],"meta":{}},{"ancestorTitles":["checkAvailabilityRateLimit — Redis L1"],"fullName":"checkAvailabilityRateLimit — Redis L1 blocca quando count >= max","status":"passed","title":"blocca quando count >= max","duration":6.0580830000000105,"failureMessages":[],"meta":{}},{"ancestorTitles":["checkAvailabilityRateLimit — Redis L1"],"fullName":"checkAvailabilityRateLimit — Redis L1 usa chiave rl:check:{ip} (non rl:signup né rl:login)","status":"passed","title":"usa chiave rl:check:{ip} (non rl:signup né rl:login)","duration":10.243612999999982,"failureMessages":[],"meta":{}},{"ancestorTitles":["checkAvailabilityRateLimit — Redis unavailable (graceful allow)"],"fullName":"checkAvailabilityRateLimit — Redis unavailable (graceful allow) lascia passare senza bloccare quando Redis è down","status":"passed","title":"lascia passare senza bloccare quando Redis è down","duration":5.654332000000068,"failureMessages":[],"meta":{}},{"ancestorTitles":["checkAvailabilityRateLimit — Redis unavailable (graceful allow)"],"fullName":"checkAvailabilityRateLimit — Redis unavailable (graceful allow) NON tocca il DB anche quando Redis è down (solo L1)","status":"passed","title":"NON tocca il DB anche quando Redis è down (solo L1)","duration":6.713792000000012,"failureMessages":[],"meta":{}},{"ancestorTitles":["availability check — nessun recordSignupAttempt"],"fullName":"availability check — nessun recordSignupAttempt checkAvailabilityRateLimit non chiama db.insert (non è un tentativo di signup)","status":"passed","title":"checkAvailabilityRateLimit non chiama db.insert (non è un tentativo di signup)","duration":5.707337000000052,"failureMessages":[],"meta":{}},{"ancestorTitles":["availability check — nessun recordSignupAttempt"],"fullName":"availability check — nessun recordSignupAttempt checkSignupRateLimit via Redis NON chiama db.insert (il contatore è solo su Redis)","status":"passed","title":"checkSignupRateLimit via Redis NON chiama db.insert (il contatore è solo su Redis)","duration":6.080286000000001,"failureMessages":[],"meta":{}},{"ancestorTitles":["checkAndIncrLoginRedis — pipeline INCR+EXPIRE"],"fullName":"checkAndIncrLoginRedis — pipeline INCR+EXPIRE non blocca con count coppia < max","status":"passed","title":"non blocca con count coppia < max","duration":1.4195090000000619,"failureMessages":[],"meta":{}},{"ancestorTitles":["checkAndIncrLoginRedis — pipeline INCR+EXPIRE"],"fullName":"checkAndIncrLoginRedis — pipeline INCR+EXPIRE blocca quando pairCount >= maxAttempts","status":"passed","title":"blocca quando pairCount >= maxAttempts","duration":1.0256830000000718,"failureMessages":[],"meta":{}},{"ancestorTitles":["checkAndIncrLoginRedis — pipeline INCR+EXPIRE"],"fullName":"checkAndIncrLoginRedis — pipeline INCR+EXPIRE blocca quando emailCount >= globalThreshold (maxAttempts * 3)","status":"passed","title":"blocca quando emailCount >= globalThreshold (maxAttempts * 3)","duration":4.292024999999967,"failureMessages":[],"meta":{}},{"ancestorTitles":["checkAndIncrLoginRedis — pipeline INCR+EXPIRE"],"fullName":"checkAndIncrLoginRedis — pipeline INCR+EXPIRE torna source:unavailable quando Redis è down","status":"passed","title":"torna source:unavailable quando Redis è down","duration":1.0380610000000843,"failureMessages":[],"meta":{}},{"ancestorTitles":["peekLoginRedis — solo lettura, nessun INCR"],"fullName":"peekLoginRedis — solo lettura, nessun INCR ritorna blocked:false se le chiavi non esistono (null)","status":"passed","title":"ritorna blocked:false se le chiavi non esistono (null)","duration":1.152131000000054,"failureMessages":[],"meta":{}},{"ancestorTitles":["peekLoginRedis — solo lettura, nessun INCR"],"fullName":"peekLoginRedis — solo lettura, nessun INCR ritorna blocked:true se pairCount >= max","status":"passed","title":"ritorna blocked:true se pairCount >= max","duration":0.9805860000000166,"failureMessages":[],"meta":{}},{"ancestorTitles":["peekLoginRedis — solo lettura, nessun INCR"],"fullName":"peekLoginRedis — solo lettura, nessun INCR torna source:unavailable quando Redis è down","status":"passed","title":"torna source:unavailable quando Redis è down","duration":1.1716900000000123,"failureMessages":[],"meta":{}},{"ancestorTitles":["checkAndIncrAvailabilityRedis — INCR + EXPIRE"],"fullName":"checkAndIncrAvailabilityRedis — INCR + EXPIRE non blocca con count < max","status":"passed","title":"non blocca con count < max","duration":1.1616750000000593,"failureMessages":[],"meta":{}},{"ancestorTitles":["checkAndIncrAvailabilityRedis — INCR + EXPIRE"],"fullName":"checkAndIncrAvailabilityRedis — INCR + EXPIRE blocca con count >= max","status":"passed","title":"blocca con count >= max","duration":0.9591040000000248,"failureMessages":[],"meta":{}},{"ancestorTitles":["checkAndIncrAvailabilityRedis — INCR + EXPIRE"],"fullName":"checkAndIncrAvailabilityRedis — INCR + EXPIRE torna source:unavailable quando Redis è down","status":"passed","title":"torna source:unavailable quando Redis è down","duration":0.9836309999999457,"failureMessages":[],"meta":{}},{"ancestorTitles":["checkAndIncrSignupRedis — INCR + EXPIRE"],"fullName":"checkAndIncrSignupRedis — INCR + EXPIRE non blocca con count < max","status":"passed","title":"non blocca con count < max","duration":0.9554390000000694,"failureMessages":[],"meta":{}},{"ancestorTitles":["checkAndIncrSignupRedis — INCR + EXPIRE"],"fullName":"checkAndIncrSignupRedis — INCR + EXPIRE blocca con count >= max","status":"passed","title":"blocca con count >= max","duration":0.9641719999999623,"failureMessages":[],"meta":{}},{"ancestorTitles":["checkAndIncrSignupRedis — INCR + EXPIRE"],"fullName":"checkAndIncrSignupRedis — INCR + EXPIRE torna source:unavailable quando Redis è down","status":"passed","title":"torna source:unavailable quando Redis è down","duration":0.9539870000000974,"failureMessages":[],"meta":{}},{"ancestorTitles":["syncIpBlacklistToRedis — SET e DEL"],"fullName":"syncIpBlacklistToRedis — SET e DEL chiama SET quando blacklisted=true","status":"passed","title":"chiama SET quando blacklisted=true","duration":1.0370599999999968,"failureMessages":[],"meta":{}},{"ancestorTitles":["syncIpBlacklistToRedis — SET e DEL"],"fullName":"syncIpBlacklistToRedis — SET e DEL chiama DEL quando blacklisted=false","status":"passed","title":"chiama DEL quando blacklisted=false","duration":0.9496900000000323,"failureMessages":[],"meta":{}},{"ancestorTitles":["syncIpBlacklistToRedis — SET e DEL"],"fullName":"syncIpBlacklistToRedis — SET e DEL non lancia eccezioni se Redis è down (swallows error)","status":"passed","title":"non lancia eccezioni se Redis è down (swallows error)","duration":9.314097999999944,"failureMessages":[],"meta":{}},{"ancestorTitles":["invalidateRedisConfigCache"],"fullName":"invalidateRedisConfigCache forza la ri-lettura delle credenziali dal DB al successivo comando","status":"passed","title":"forza la ri-lettura delle credenziali dal DB al successivo comando","duration":1.5973780000000488,"failureMessages":[],"meta":{}}],"startTime":1777205911316,"endTime":1777205911610.5974,"status":"passed","message":"","name":"/home/runner/work/librolo/librolo/tests/lib/rate-limit-granular.test.ts"},{"assertionResults":[{"ancestorTitles":["can()"],"fullName":"can() ritorna true se esiste un override individuale granted=true","status":"passed","title":"ritorna true se esiste un override individuale granted=true","duration":171.84545800000012,"failureMessages":[],"meta":{}},{"ancestorTitles":["can()"],"fullName":"can() ritorna false se esiste un override individuale granted=false","status":"passed","title":"ritorna false se esiste un override individuale granted=false","duration":0.9562329999998838,"failureMessages":[],"meta":{}},{"ancestorTitles":["can()"],"fullName":"can() ritorna true se nessun override ma il ruolo ha il permesso","status":"passed","title":"ritorna true se nessun override ma il ruolo ha il permesso","duration":1.2455740000000333,"failureMessages":[],"meta":{}},{"ancestorTitles":["can()"],"fullName":"can() ritorna false se nessun override e il ruolo non ha il permesso","status":"passed","title":"ritorna false se nessun override e il ruolo non ha il permesso","duration":0.9906300000000101,"failureMessages":[],"meta":{}},{"ancestorTitles":["can()"],"fullName":"can() override ha priorita sul ruolo anche se il ruolo avrebbe accesso","status":"passed","title":"override ha priorita sul ruolo anche se il ruolo avrebbe accesso","duration":0.7078799999999319,"failureMessages":[],"meta":{}},{"ancestorTitles":["getUserPermissions()"],"fullName":"getUserPermissions() restituisce i permessi del ruolo come Set","status":"passed","title":"restituisce i permessi del ruolo come Set","duration":1.1840030000000752,"failureMessages":[],"meta":{}},{"ancestorTitles":["getUserPermissions()"],"fullName":"getUserPermissions() applica override grant: aggiunge permesso non nel ruolo","status":"passed","title":"applica override grant: aggiunge permesso non nel ruolo","duration":0.9921719999999823,"failureMessages":[],"meta":{}},{"ancestorTitles":["getUserPermissions()"],"fullName":"getUserPermissions() applica override revoke: rimuove permesso presente nel ruolo","status":"passed","title":"applica override revoke: rimuove permesso presente nel ruolo","duration":0.8538969999999608,"failureMessages":[],"meta":{}},{"ancestorTitles":["getUserPermissions()"],"fullName":"getUserPermissions() deduplicazione: vince la riga piu recente in caso di duplicati","status":"passed","title":"deduplicazione: vince la riga piu recente in caso di duplicati","duration":1.1136790000000474,"failureMessages":[],"meta":{}},{"ancestorTitles":["getUserPermissions()"],"fullName":"getUserPermissions() utente senza ruolo riconosciuto ha Set vuoto (no override)","status":"passed","title":"utente senza ruolo riconosciuto ha Set vuoto (no override)","duration":0.8309200000001056,"failureMessages":[],"meta":{}},{"ancestorTitles":["canAny() / canAll()"],"fullName":"canAny() / canAll() canAny: true se almeno uno dei permessi e presente","status":"passed","title":"canAny: true se almeno uno dei permessi e presente","duration":0.8672189999999773,"failureMessages":[],"meta":{}},{"ancestorTitles":["canAny() / canAll()"],"fullName":"canAny() / canAll() canAny: false se nessuno dei permessi e presente","status":"passed","title":"canAny: false se nessuno dei permessi e presente","duration":0.7858669999998256,"failureMessages":[],"meta":{}},{"ancestorTitles":["canAny() / canAll()"],"fullName":"canAny() / canAll() canAll: true se tutti i permessi sono presenti","status":"passed","title":"canAll: true se tutti i permessi sono presenti","duration":0.8017629999999372,"failureMessages":[],"meta":{}},{"ancestorTitles":["canAny() / canAll()"],"fullName":"canAny() / canAll() canAll: false se anche solo un permesso manca","status":"passed","title":"canAll: false se anche solo un permesso manca","duration":1.0356919999999263,"failureMessages":[],"meta":{}},{"ancestorTitles":["guards.ts","requireAdminPage()"],"fullName":"guards.ts requireAdminPage() redirige a /admin/sign-in se utente non autenticato","status":"passed","title":"redirige a /admin/sign-in se utente non autenticato","duration":30.10981899999979,"failureMessages":[],"meta":{}},{"ancestorTitles":["guards.ts","requireAdminPage()"],"fullName":"guards.ts requireAdminPage() redirige a /admin/sign-in se autenticato ma senza admin:access","status":"passed","title":"redirige a /admin/sign-in se autenticato ma senza admin:access","duration":11.453588000000082,"failureMessages":[],"meta":{}},{"ancestorTitles":["guards.ts","requireAdminPage()"],"fullName":"guards.ts requireAdminPage() ritorna utente se ha admin:access via ruolo","status":"passed","title":"ritorna utente se ha admin:access via ruolo","duration":17.2508670000002,"failureMessages":[],"meta":{}},{"ancestorTitles":["guards.ts","requireAdminPage()"],"fullName":"guards.ts requireAdminPage() ritorna utente se isAdmin=true (bypassa RBAC)","status":"passed","title":"ritorna utente se isAdmin=true (bypassa RBAC)","duration":27.309062999999924,"failureMessages":[],"meta":{}},{"ancestorTitles":["guards.ts","requireAdminSectionPage()"],"fullName":"guards.ts requireAdminSectionPage() redirige a /admin/sign-in se non autenticato","status":"passed","title":"redirige a /admin/sign-in se non autenticato","duration":8.876185999999961,"failureMessages":[],"meta":{}},{"ancestorTitles":["guards.ts","requireAdminSectionPage()"],"fullName":"guards.ts requireAdminSectionPage() bypassa tutto se isAdmin=true","status":"passed","title":"bypassa tutto se isAdmin=true","duration":4.967419999999947,"failureMessages":[],"meta":{}},{"ancestorTitles":["guards.ts","requireAdminSectionPage()"],"fullName":"guards.ts requireAdminSectionPage() redirige a /admin/sign-in se non ha admin:access","status":"passed","title":"redirige a /admin/sign-in se non ha admin:access","duration":7.122842999999875,"failureMessages":[],"meta":{}},{"ancestorTitles":["guards.ts","requireAdminSectionPage()"],"fullName":"guards.ts requireAdminSectionPage() redirige a /admin se ha admin:access ma non il permesso della sezione","status":"passed","title":"redirige a /admin se ha admin:access ma non il permesso della sezione","duration":6.253198999999995,"failureMessages":[],"meta":{}},{"ancestorTitles":["guards.ts","requireAdminSectionPage()"],"fullName":"guards.ts requireAdminSectionPage() ritorna utente se ha sia admin:access sia il permesso della sezione","status":"passed","title":"ritorna utente se ha sia admin:access sia il permesso della sezione","duration":8.067211000000043,"failureMessages":[],"meta":{}}],"startTime":1777205907872,"endTime":1777205908180.0671,"status":"passed","message":"","name":"/home/runner/work/librolo/librolo/tests/lib/rbac.test.ts"},{"assertionResults":[{"ancestorTitles":["upsertRouteAction — validazione schema"],"fullName":"upsertRouteAction — validazione schema accetta una route valida completa","status":"passed","title":"accetta una route valida completa","duration":3.157489000000055,"failureMessages":[],"meta":{}},{"ancestorTitles":["upsertRouteAction — validazione schema"],"fullName":"upsertRouteAction — validazione schema accetta una route senza id (create)","status":"passed","title":"accetta una route senza id (create)","duration":0.3199449999999615,"failureMessages":[],"meta":{}},{"ancestorTitles":["upsertRouteAction — validazione schema"],"fullName":"upsertRouteAction — validazione schema accetta una route con id uuid (update)","status":"passed","title":"accetta una route con id uuid (update)","duration":0.40376900000001115,"failureMessages":[],"meta":{}},{"ancestorTitles":["upsertRouteAction — validazione schema"],"fullName":"upsertRouteAction — validazione schema rifiuta pathname senza slash iniziale","status":"passed","title":"rifiuta pathname senza slash iniziale","duration":1.04218800000001,"failureMessages":[],"meta":{}},{"ancestorTitles":["upsertRouteAction — validazione schema"],"fullName":"upsertRouteAction — validazione schema rifiuta pathname vuoto","status":"passed","title":"rifiuta pathname vuoto","duration":0.5619649999999865,"failureMessages":[],"meta":{}},{"ancestorTitles":["upsertRouteAction — validazione schema"],"fullName":"upsertRouteAction — validazione schema rifiuta label vuota","status":"passed","title":"rifiuta label vuota","duration":0.3462139999999181,"failureMessages":[],"meta":{}},{"ancestorTitles":["upsertRouteAction — validazione schema"],"fullName":"upsertRouteAction — validazione schema rifiuta visibility non valida","status":"passed","title":"rifiuta visibility non valida","duration":0.3446920000000091,"failureMessages":[],"meta":{}},{"ancestorTitles":["upsertRouteAction — validazione schema"],"fullName":"upsertRouteAction — validazione schema rifiuta id non-uuid","status":"passed","title":"rifiuta id non-uuid","duration":0.5550640000000158,"failureMessages":[],"meta":{}},{"ancestorTitles":["upsertRouteAction — validazione schema"],"fullName":"upsertRouteAction — validazione schema label oltre 150 caratteri viene rifiutata","status":"passed","title":"label oltre 150 caratteri viene rifiutata","duration":0.5969470000000001,"failureMessages":[],"meta":{}},{"ancestorTitles":["flag booleani — coercion da FormData string"],"fullName":"flag booleani — coercion da FormData string converte correttamente i flag quando tutti true","status":"passed","title":"converte correttamente i flag quando tutti true","duration":0.9403469999999743,"failureMessages":[],"meta":{}},{"ancestorTitles":["flag booleani — coercion da FormData string"],"fullName":"flag booleani — coercion da FormData string converte correttamente i flag quando tutti false","status":"passed","title":"converte correttamente i flag quando tutti false","duration":0.3237809999999399,"failureMessages":[],"meta":{}},{"ancestorTitles":["flag booleani — coercion da FormData string"],"fullName":"flag booleani — coercion da FormData string inSitemap e isActive sono true se assenti (default checkbox HTML)","status":"passed","title":"inSitemap e isActive sono true se assenti (default checkbox HTML)","duration":0.22181899999998222,"failureMessages":[],"meta":{}},{"ancestorTitles":["flag booleani — coercion da FormData string"],"fullName":"flag booleani — coercion da FormData string inNav e inFooter sono false se assenti (default false)","status":"passed","title":"inNav e inFooter sono false se assenti (default false)","duration":0.17377799999997023,"failureMessages":[],"meta":{}}],"startTime":1777205909972,"endTime":1777205909981.222,"status":"passed","message":"","name":"/home/runner/work/librolo/librolo/tests/lib/route-registry-actions.test.ts"},{"assertionResults":[{"ancestorTitles":["matchesPrefix"],"fullName":"matchesPrefix riconosce un pathname esatto","status":"passed","title":"riconosce un pathname esatto","duration":1.571604000000093,"failureMessages":[],"meta":{}},{"ancestorTitles":["matchesPrefix"],"fullName":"matchesPrefix riconosce un sottopath","status":"passed","title":"riconosce un sottopath","duration":0.22048799999993207,"failureMessages":[],"meta":{}},{"ancestorTitles":["matchesPrefix"],"fullName":"matchesPrefix non genera falsi positivi su prefissi parziali","status":"passed","title":"non genera falsi positivi su prefissi parziali","duration":0.23170399999992242,"failureMessages":[],"meta":{}},{"ancestorTitles":["matchesPrefix"],"fullName":"matchesPrefix restituisce false se nessuna route corrisponde","status":"passed","title":"restituisce false se nessuna route corrisponde","duration":0.2634809999999561,"failureMessages":[],"meta":{}},{"ancestorTitles":["matchesPrefix"],"fullName":"matchesPrefix gestisce array vuoto senza errori","status":"passed","title":"gestisce array vuoto senza errori","duration":0.27040199999999004,"failureMessages":[],"meta":{}},{"ancestorTitles":["matchesPrefix"],"fullName":"matchesPrefix riconosce la root /","status":"passed","title":"riconosce la root /","duration":0.17043300000000272,"failureMessages":[],"meta":{}},{"ancestorTitles":["resolveRoutes — logica fallback"],"fullName":"resolveRoutes — logica fallback usa il fallback se rows è vuoto","status":"passed","title":"usa il fallback se rows è vuoto","duration":0.4846499999999878,"failureMessages":[],"meta":{}},{"ancestorTitles":["resolveRoutes — logica fallback"],"fullName":"resolveRoutes — logica fallback usa le route del DB se rows non è vuoto","status":"passed","title":"usa le route del DB se rows non è vuoto","duration":0.2468860000000177,"failureMessages":[],"meta":{}},{"ancestorTitles":["resolveRoutes — logica fallback"],"fullName":"resolveRoutes — logica fallback separa correttamente le visibilità","status":"passed","title":"separa correttamente le visibilità","duration":0.5233570000000327,"failureMessages":[],"meta":{}},{"ancestorTitles":["invalidateRouteRegistryCache — contratto"],"fullName":"invalidateRouteRegistryCache — contratto esiste ed è una funzione esportata dal modulo queries","status":"passed","title":"esiste ed è una funzione esportata dal modulo queries","duration":111.85296100000005,"failureMessages":[],"meta":{}}],"startTime":1777205910064,"endTime":1777205910179.853,"status":"passed","message":"","name":"/home/runner/work/librolo/librolo/tests/lib/route-registry.test.ts"},{"assertionResults":[{"ancestorTitles":["String utilities"],"fullName":"String utilities converte prima lettera in maiuscolo","status":"passed","title":"converte prima lettera in maiuscolo","duration":1.2196019999998953,"failureMessages":[],"meta":{}},{"ancestorTitles":["String utilities"],"fullName":"String utilities troncamento testo lungo","status":"passed","title":"troncamento testo lungo","duration":0.30322000000001026,"failureMessages":[],"meta":{}},{"ancestorTitles":["Slug generation"],"fullName":"Slug generation genera slug da titolo","status":"passed","title":"genera slug da titolo","duration":0.35155199999996967,"failureMessages":[],"meta":{}},{"ancestorTitles":["Validation helpers"],"fullName":"Validation helpers validazione email base","status":"passed","title":"validazione email base","duration":0.36811599999998634,"failureMessages":[],"meta":{}},{"ancestorTitles":["Validation helpers"],"fullName":"Validation helpers controlla che la password sia almeno 8 caratteri","status":"passed","title":"controlla che la password sia almeno 8 caratteri","duration":0.17393799999990733,"failureMessages":[],"meta":{}}],"startTime":1777205910847,"endTime":1777205910850.3682,"status":"passed","message":"","name":"/home/runner/work/librolo/librolo/tests/lib/utils.test.ts"},{"assertionResults":[{"ancestorTitles":["computeNextContentVersion"],"fullName":"computeNextContentVersion incrementa il numero progressivo nello stesso mese","status":"passed","title":"incrementa il numero progressivo nello stesso mese","duration":2.946046000000024,"failureMessages":[],"meta":{}},{"ancestorTitles":["computeNextContentVersion"],"fullName":"computeNextContentVersion resetta a 1 quando il mese cambia","status":"passed","title":"resetta a 1 quando il mese cambia","duration":0.3377820000000611,"failureMessages":[],"meta":{}},{"ancestorTitles":["computeNextContentVersion"],"fullName":"computeNextContentVersion resetta a 1 se il formato è sconosciuto","status":"passed","title":"resetta a 1 se il formato è sconosciuto","duration":0.2927949999999555,"failureMessages":[],"meta":{}},{"ancestorTitles":["computeNextContentVersion"],"fullName":"computeNextContentVersion gestisce correttamente il cambio anno","status":"passed","title":"gestisce correttamente il cambio anno","duration":0.1615199999999959,"failureMessages":[],"meta":{}},{"ancestorTitles":["deletePageCascade — system page guard"],"fullName":"deletePageCascade — system page guard lancia SYSTEM_PAGE_PROTECTED per pagine di sistema (mock DB)","status":"passed","title":"lancia SYSTEM_PAGE_PROTECTED per pagine di sistema (mock DB)","duration":1.5644439999999804,"failureMessages":[],"meta":{}}],"startTime":1777205910897,"endTime":1777205910902.5645,"status":"passed","message":"","name":"/home/runner/work/librolo/librolo/tests/unit/pages-versioning.test.ts"}]}